{"total": {"lines":{"total":2414,"covered":1881,"skipped":0,"pct":77.92},"statements":{"total":2713,"covered":2009,"skipped":0,"pct":74.05},"functions":{"total":418,"covered":346,"skipped":0,"pct":82.77},"branches":{"total":1804,"covered":1075,"skipped":0,"pct":59.58},"branchesTrue":{"total":0,"covered":0,"skipped":0,"pct":100}}
,"E:\\Projects\\nodepress_cms\\controllers\\admin\\authController.js": {"lines":{"total":120,"covered":89,"skipped":0,"pct":74.16},"functions":{"total":15,"covered":14,"skipped":0,"pct":93.33},"statements":{"total":121,"covered":90,"skipped":0,"pct":74.38},"branches":{"total":49,"covered":31,"skipped":0,"pct":63.26}}
,"E:\\Projects\\nodepress_cms\\controllers\\admin\\crudController.js": {"lines":{"total":208,"covered":130,"skipped":0,"pct":62.5},"functions":{"total":37,"covered":26,"skipped":0,"pct":70.27},"statements":{"total":226,"covered":137,"skipped":0,"pct":60.61},"branches":{"total":221,"covered":110,"skipped":0,"pct":49.77}}
,"E:\\Projects\\nodepress_cms\\controllers\\admin\\dashboardController.js": {"lines":{"total":27,"covered":22,"skipped":0,"pct":81.48},"functions":{"total":2,"covered":2,"skipped":0,"pct":100},"statements":{"total":27,"covered":22,"skipped":0,"pct":81.48},"branches":{"total":14,"covered":8,"skipped":0,"pct":57.14}}
,"E:\\Projects\\nodepress_cms\\controllers\\admin\\databaseController.js": {"lines":{"total":40,"covered":7,"skipped":0,"pct":17.5},"functions":{"total":6,"covered":1,"skipped":0,"pct":16.66},"statements":{"total":41,"covered":7,"skipped":0,"pct":17.07},"branches":{"total":0,"covered":0,"skipped":0,"pct":100}}
,"E:\\Projects\\nodepress_cms\\controllers\\admin\\mediaController.js": {"lines":{"total":68,"covered":46,"skipped":0,"pct":67.64},"functions":{"total":5,"covered":5,"skipped":0,"pct":100},"statements":{"total":71,"covered":46,"skipped":0,"pct":64.78},"branches":{"total":36,"covered":17,"skipped":0,"pct":47.22}}
,"E:\\Projects\\nodepress_cms\\controllers\\admin\\pluginController.js": {"lines":{"total":109,"covered":88,"skipped":0,"pct":80.73},"functions":{"total":13,"covered":12,"skipped":0,"pct":92.3},"statements":{"total":118,"covered":91,"skipped":0,"pct":77.11},"branches":{"total":62,"covered":30,"skipped":0,"pct":48.38}}
,"E:\\Projects\\nodepress_cms\\controllers\\admin\\securityController.js": {"lines":{"total":32,"covered":16,"skipped":0,"pct":50},"functions":{"total":5,"covered":3,"skipped":0,"pct":60},"statements":{"total":33,"covered":16,"skipped":0,"pct":48.48},"branches":{"total":4,"covered":2,"skipped":0,"pct":50}}
,"E:\\Projects\\nodepress_cms\\controllers\\admin\\settingsController.js": {"lines":{"total":32,"covered":27,"skipped":0,"pct":84.37},"functions":{"total":5,"covered":5,"skipped":0,"pct":100},"statements":{"total":34,"covered":29,"skipped":0,"pct":85.29},"branches":{"total":18,"covered":12,"skipped":0,"pct":66.66}}
,"E:\\Projects\\nodepress_cms\\controllers\\admin\\themeController.js": {"lines":{"total":81,"covered":66,"skipped":0,"pct":81.48},"functions":{"total":11,"covered":11,"skipped":0,"pct":100},"statements":{"total":82,"covered":66,"skipped":0,"pct":80.48},"branches":{"total":38,"covered":29,"skipped":0,"pct":76.31}}
,"E:\\Projects\\nodepress_cms\\controllers\\admin\\wafController.js": {"lines":{"total":190,"covered":82,"skipped":0,"pct":43.15},"functions":{"total":27,"covered":11,"skipped":0,"pct":40.74},"statements":{"total":216,"covered":82,"skipped":0,"pct":37.96},"branches":{"total":126,"covered":41,"skipped":0,"pct":32.53}}
,"E:\\Projects\\nodepress_cms\\controllers\\public\\siteController.js": {"lines":{"total":158,"covered":114,"skipped":0,"pct":72.15},"functions":{"total":20,"covered":20,"skipped":0,"pct":100},"statements":{"total":184,"covered":117,"skipped":0,"pct":63.58},"branches":{"total":137,"covered":61,"skipped":0,"pct":44.52}}
,"E:\\Projects\\nodepress_cms\\middleware\\activityLog.js": {"lines":{"total":9,"covered":8,"skipped":0,"pct":88.88},"functions":{"total":3,"covered":3,"skipped":0,"pct":100},"statements":{"total":10,"covered":9,"skipped":0,"pct":90},"branches":{"total":5,"covered":4,"skipped":0,"pct":80}}
,"E:\\Projects\\nodepress_cms\\middleware\\apiAuth.js": {"lines":{"total":6,"covered":6,"skipped":0,"pct":100},"functions":{"total":1,"covered":1,"skipped":0,"pct":100},"statements":{"total":8,"covered":8,"skipped":0,"pct":100},"branches":{"total":8,"covered":8,"skipped":0,"pct":100}}
,"E:\\Projects\\nodepress_cms\\middleware\\auth.js": {"lines":{"total":36,"covered":28,"skipped":0,"pct":77.77},"functions":{"total":6,"covered":4,"skipped":0,"pct":66.66},"statements":{"total":38,"covered":28,"skipped":0,"pct":73.68},"branches":{"total":29,"covered":19,"skipped":0,"pct":65.51}}
,"E:\\Projects\\nodepress_cms\\middleware\\csrf.js": {"lines":{"total":19,"covered":19,"skipped":0,"pct":100},"functions":{"total":4,"covered":4,"skipped":0,"pct":100},"statements":{"total":22,"covered":22,"skipped":0,"pct":100},"branches":{"total":14,"covered":14,"skipped":0,"pct":100}}
,"E:\\Projects\\nodepress_cms\\middleware\\errorHandler.js": {"lines":{"total":8,"covered":8,"skipped":0,"pct":100},"functions":{"total":1,"covered":1,"skipped":0,"pct":100},"statements":{"total":9,"covered":8,"skipped":0,"pct":88.88},"branches":{"total":16,"covered":13,"skipped":0,"pct":81.25}}
,"E:\\Projects\\nodepress_cms\\middleware\\locale.js": {"lines":{"total":16,"covered":16,"skipped":0,"pct":100},"functions":{"total":3,"covered":1,"skipped":0,"pct":33.33},"statements":{"total":18,"covered":16,"skipped":0,"pct":88.88},"branches":{"total":2,"covered":1,"skipped":0,"pct":50}}
,"E:\\Projects\\nodepress_cms\\middleware\\notFound.js": {"lines":{"total":7,"covered":7,"skipped":0,"pct":100},"functions":{"total":1,"covered":1,"skipped":0,"pct":100},"statements":{"total":7,"covered":7,"skipped":0,"pct":100},"branches":{"total":7,"covered":7,"skipped":0,"pct":100}}
,"E:\\Projects\\nodepress_cms\\middleware\\permission.js": {"lines":{"total":15,"covered":13,"skipped":0,"pct":86.66},"functions":{"total":6,"covered":6,"skipped":0,"pct":100},"statements":{"total":17,"covered":14,"skipped":0,"pct":82.35},"branches":{"total":12,"covered":6,"skipped":0,"pct":50}}
,"E:\\Projects\\nodepress_cms\\middleware\\pluginHooks.js": {"lines":{"total":12,"covered":8,"skipped":0,"pct":66.66},"functions":{"total":1,"covered":1,"skipped":0,"pct":100},"statements":{"total":14,"covered":8,"skipped":0,"pct":57.14},"branches":{"total":12,"covered":2,"skipped":0,"pct":16.66}}
,"E:\\Projects\\nodepress_cms\\middleware\\portalVisit.js": {"lines":{"total":15,"covered":14,"skipped":0,"pct":93.33},"functions":{"total":3,"covered":2,"skipped":0,"pct":66.66},"statements":{"total":22,"covered":19,"skipped":0,"pct":86.36},"branches":{"total":20,"covered":17,"skipped":0,"pct":85}}
,"E:\\Projects\\nodepress_cms\\middleware\\rateLimit.js": {"lines":{"total":3,"covered":3,"skipped":0,"pct":100},"functions":{"total":0,"covered":0,"skipped":0,"pct":100},"statements":{"total":3,"covered":3,"skipped":0,"pct":100},"branches":{"total":0,"covered":0,"skipped":0,"pct":100}}
,"E:\\Projects\\nodepress_cms\\middleware\\security.js": {"lines":{"total":17,"covered":16,"skipped":0,"pct":94.11},"functions":{"total":2,"covered":2,"skipped":0,"pct":100},"statements":{"total":18,"covered":16,"skipped":0,"pct":88.88},"branches":{"total":2,"covered":1,"skipped":0,"pct":50}}
,"E:\\Projects\\nodepress_cms\\middleware\\siteContext.js": {"lines":{"total":68,"covered":66,"skipped":0,"pct":97.05},"functions":{"total":13,"covered":13,"skipped":0,"pct":100},"statements":{"total":77,"covered":72,"skipped":0,"pct":93.5},"branches":{"total":45,"covered":32,"skipped":0,"pct":71.11}}
,"E:\\Projects\\nodepress_cms\\middleware\\upload.js": {"lines":{"total":46,"covered":41,"skipped":0,"pct":89.13},"functions":{"total":6,"covered":5,"skipped":0,"pct":83.33},"statements":{"total":49,"covered":42,"skipped":0,"pct":85.71},"branches":{"total":30,"covered":18,"skipped":0,"pct":60}}
,"E:\\Projects\\nodepress_cms\\middleware\\zipUpload.js": {"lines":{"total":16,"covered":16,"skipped":0,"pct":100},"functions":{"total":3,"covered":3,"skipped":0,"pct":100},"statements":{"total":16,"covered":16,"skipped":0,"pct":100},"branches":{"total":2,"covered":2,"skipped":0,"pct":100}}
,"E:\\Projects\\nodepress_cms\\routes\\admin.js": {"lines":{"total":111,"covered":110,"skipped":0,"pct":99.09},"functions":{"total":2,"covered":1,"skipped":0,"pct":50},"statements":{"total":113,"covered":111,"skipped":0,"pct":98.23},"branches":{"total":10,"covered":9,"skipped":0,"pct":90}}
,"E:\\Projects\\nodepress_cms\\routes\\api.js": {"lines":{"total":25,"covered":21,"skipped":0,"pct":84},"functions":{"total":4,"covered":4,"skipped":0,"pct":100},"statements":{"total":27,"covered":22,"skipped":0,"pct":81.48},"branches":{"total":4,"covered":3,"skipped":0,"pct":75}}
,"E:\\Projects\\nodepress_cms\\routes\\health.js": {"lines":{"total":11,"covered":10,"skipped":0,"pct":90.9},"functions":{"total":2,"covered":2,"skipped":0,"pct":100},"statements":{"total":11,"covered":10,"skipped":0,"pct":90.9},"branches":{"total":0,"covered":0,"skipped":0,"pct":100}}
,"E:\\Projects\\nodepress_cms\\routes\\public.js": {"lines":{"total":18,"covered":18,"skipped":0,"pct":100},"functions":{"total":0,"covered":0,"skipped":0,"pct":100},"statements":{"total":18,"covered":18,"skipped":0,"pct":100},"branches":{"total":0,"covered":0,"skipped":0,"pct":100}}
,"E:\\Projects\\nodepress_cms\\utils\\consentScript.js": {"lines":{"total":5,"covered":5,"skipped":0,"pct":100},"functions":{"total":1,"covered":1,"skipped":0,"pct":100},"statements":{"total":6,"covered":6,"skipped":0,"pct":100},"branches":{"total":4,"covered":4,"skipped":0,"pct":100}}
,"E:\\Projects\\nodepress_cms\\utils\\fileHelper.js": {"lines":{"total":11,"covered":11,"skipped":0,"pct":100},"functions":{"total":3,"covered":3,"skipped":0,"pct":100},"statements":{"total":13,"covered":13,"skipped":0,"pct":100},"branches":{"total":9,"covered":9,"skipped":0,"pct":100}}
,"E:\\Projects\\nodepress_cms\\utils\\hookManager.js": {"lines":{"total":50,"covered":50,"skipped":0,"pct":100},"functions":{"total":18,"covered":18,"skipped":0,"pct":100},"statements":{"total":57,"covered":57,"skipped":0,"pct":100},"branches":{"total":35,"covered":22,"skipped":0,"pct":62.85}}
,"E:\\Projects\\nodepress_cms\\utils\\locales.js": {"lines":{"total":6,"covered":5,"skipped":0,"pct":83.33},"functions":{"total":4,"covered":3,"skipped":0,"pct":75},"statements":{"total":9,"covered":8,"skipped":0,"pct":88.88},"branches":{"total":2,"covered":0,"skipped":0,"pct":0}}
,"E:\\Projects\\nodepress_cms\\utils\\logger.js": {"lines":{"total":12,"covered":11,"skipped":0,"pct":91.66},"functions":{"total":1,"covered":1,"skipped":0,"pct":100},"statements":{"total":13,"covered":11,"skipped":0,"pct":84.61},"branches":{"total":10,"covered":7,"skipped":0,"pct":70}}
,"E:\\Projects\\nodepress_cms\\utils\\mediaHelper.js": {"lines":{"total":26,"covered":22,"skipped":0,"pct":84.61},"functions":{"total":6,"covered":5,"skipped":0,"pct":83.33},"statements":{"total":28,"covered":22,"skipped":0,"pct":78.57},"branches":{"total":8,"covered":4,"skipped":0,"pct":50}}
,"E:\\Projects\\nodepress_cms\\utils\\packageArchive.js": {"lines":{"total":57,"covered":40,"skipped":0,"pct":70.17},"functions":{"total":5,"covered":5,"skipped":0,"pct":100},"statements":{"total":71,"covered":44,"skipped":0,"pct":61.97},"branches":{"total":47,"covered":24,"skipped":0,"pct":51.06}}
,"E:\\Projects\\nodepress_cms\\utils\\pagination.js": {"lines":{"total":9,"covered":9,"skipped":0,"pct":100},"functions":{"total":3,"covered":3,"skipped":0,"pct":100},"statements":{"total":9,"covered":9,"skipped":0,"pct":100},"branches":{"total":6,"covered":5,"skipped":0,"pct":83.33}}
,"E:\\Projects\\nodepress_cms\\utils\\pluginLoader.js": {"lines":{"total":113,"covered":101,"skipped":0,"pct":89.38},"functions":{"total":23,"covered":21,"skipped":0,"pct":91.3},"statements":{"total":128,"covered":109,"skipped":0,"pct":85.15},"branches":{"total":55,"covered":34,"skipped":0,"pct":61.81}}
,"E:\\Projects\\nodepress_cms\\utils\\pluginSettings.js": {"lines":{"total":32,"covered":30,"skipped":0,"pct":93.75},"functions":{"total":7,"covered":7,"skipped":0,"pct":100},"statements":{"total":40,"covered":33,"skipped":0,"pct":82.5},"branches":{"total":47,"covered":32,"skipped":0,"pct":68.08}}
,"E:\\Projects\\nodepress_cms\\utils\\policy.js": {"lines":{"total":71,"covered":63,"skipped":0,"pct":88.73},"functions":{"total":25,"covered":23,"skipped":0,"pct":92},"statements":{"total":100,"covered":80,"skipped":0,"pct":80},"branches":{"total":116,"covered":86,"skipped":0,"pct":74.13}}
,"E:\\Projects\\nodepress_cms\\utils\\portalConfig.js": {"lines":{"total":63,"covered":56,"skipped":0,"pct":88.88},"functions":{"total":8,"covered":7,"skipped":0,"pct":87.5},"statements":{"total":76,"covered":66,"skipped":0,"pct":86.84},"branches":{"total":61,"covered":46,"skipped":0,"pct":75.4}}
,"E:\\Projects\\nodepress_cms\\utils\\portalSettings.js": {"lines":{"total":7,"covered":7,"skipped":0,"pct":100},"functions":{"total":2,"covered":2,"skipped":0,"pct":100},"statements":{"total":7,"covered":7,"skipped":0,"pct":100},"branches":{"total":2,"covered":1,"skipped":0,"pct":50}}
,"E:\\Projects\\nodepress_cms\\utils\\portalStats.js": {"lines":{"total":20,"covered":20,"skipped":0,"pct":100},"functions":{"total":5,"covered":5,"skipped":0,"pct":100},"statements":{"total":20,"covered":20,"skipped":0,"pct":100},"branches":{"total":21,"covered":18,"skipped":0,"pct":85.71}}
,"E:\\Projects\\nodepress_cms\\utils\\seoHelper.js": {"lines":{"total":7,"covered":7,"skipped":0,"pct":100},"functions":{"total":3,"covered":3,"skipped":0,"pct":100},"statements":{"total":7,"covered":7,"skipped":0,"pct":100},"branches":{"total":29,"covered":21,"skipped":0,"pct":72.41}}
,"E:\\Projects\\nodepress_cms\\utils\\slugGenerator.js": {"lines":{"total":13,"covered":13,"skipped":0,"pct":100},"functions":{"total":2,"covered":2,"skipped":0,"pct":100},"statements":{"total":15,"covered":15,"skipped":0,"pct":100},"branches":{"total":16,"covered":13,"skipped":0,"pct":81.25}}
,"E:\\Projects\\nodepress_cms\\utils\\themeLoader.js": {"lines":{"total":134,"covered":118,"skipped":0,"pct":88.05},"functions":{"total":36,"covered":33,"skipped":0,"pct":91.66},"statements":{"total":157,"covered":132,"skipped":0,"pct":84.07},"branches":{"total":113,"covered":89,"skipped":0,"pct":78.76}}
,"E:\\Projects\\nodepress_cms\\utils\\themeManager.js": {"lines":{"total":88,"covered":79,"skipped":0,"pct":89.77},"functions":{"total":13,"covered":13,"skipped":0,"pct":100},"statements":{"total":96,"covered":84,"skipped":0,"pct":87.5},"branches":{"total":35,"covered":24,"skipped":0,"pct":68.57}}
,"E:\\Projects\\nodepress_cms\\utils\\themePartials.js": {"lines":{"total":9,"covered":9,"skipped":0,"pct":100},"functions":{"total":2,"covered":2,"skipped":0,"pct":100},"statements":{"total":10,"covered":10,"skipped":0,"pct":100},"branches":{"total":4,"covered":4,"skipped":0,"pct":100}}
,"E:\\Projects\\nodepress_cms\\utils\\uploadHelper.js": {"lines":{"total":15,"covered":12,"skipped":0,"pct":80},"functions":{"total":3,"covered":3,"skipped":0,"pct":100},"statements":{"total":18,"covered":14,"skipped":0,"pct":77.77},"branches":{"total":19,"covered":15,"skipped":0,"pct":78.94}}
,"E:\\Projects\\nodepress_cms\\utils\\wafHelper.js": {"lines":{"total":143,"covered":98,"skipped":0,"pct":68.53},"functions":{"total":41,"covered":22,"skipped":0,"pct":53.65},"statements":{"total":183,"covered":110,"skipped":0,"pct":60.1},"branches":{"total":242,"covered":120,"skipped":0,"pct":49.58}}
}
