{"total": {"lines":{"total":4170,"covered":3132,"skipped":0,"pct":75.1},"statements":{"total":4629,"covered":3344,"skipped":0,"pct":72.24},"functions":{"total":656,"covered":543,"skipped":0,"pct":82.77},"branches":{"total":3191,"covered":1818,"skipped":0,"pct":56.97},"branchesTrue":{"total":0,"covered":0,"skipped":0,"pct":100}}
,"/Users/user/Desktop/Projects/node_cms/controllers/admin/authController.js": {"lines":{"total":166,"covered":121,"skipped":0,"pct":72.89},"functions":{"total":21,"covered":19,"skipped":0,"pct":90.47},"statements":{"total":174,"covered":126,"skipped":0,"pct":72.41},"branches":{"total":75,"covered":48,"skipped":0,"pct":64}}
,"/Users/user/Desktop/Projects/node_cms/controllers/admin/autosaveController.js": {"lines":{"total":27,"covered":22,"skipped":0,"pct":81.48},"functions":{"total":3,"covered":3,"skipped":0,"pct":100},"statements":{"total":31,"covered":22,"skipped":0,"pct":70.96},"branches":{"total":20,"covered":13,"skipped":0,"pct":65}}
,"/Users/user/Desktop/Projects/node_cms/controllers/admin/crudController.js": {"lines":{"total":284,"covered":168,"skipped":0,"pct":59.15},"functions":{"total":43,"covered":30,"skipped":0,"pct":69.76},"statements":{"total":305,"covered":175,"skipped":0,"pct":57.37},"branches":{"total":285,"covered":147,"skipped":0,"pct":51.57}}
,"/Users/user/Desktop/Projects/node_cms/controllers/admin/customContentController.js": {"lines":{"total":121,"covered":46,"skipped":0,"pct":38.01},"functions":{"total":13,"covered":8,"skipped":0,"pct":61.53},"statements":{"total":127,"covered":47,"skipped":0,"pct":37},"branches":{"total":96,"covered":25,"skipped":0,"pct":26.04}}
,"/Users/user/Desktop/Projects/node_cms/controllers/admin/customPostTypeController.js": {"lines":{"total":71,"covered":33,"skipped":0,"pct":46.47},"functions":{"total":9,"covered":7,"skipped":0,"pct":77.77},"statements":{"total":75,"covered":34,"skipped":0,"pct":45.33},"branches":{"total":44,"covered":20,"skipped":0,"pct":45.45}}
,"/Users/user/Desktop/Projects/node_cms/controllers/admin/dashboardController.js": {"lines":{"total":27,"covered":22,"skipped":0,"pct":81.48},"functions":{"total":2,"covered":2,"skipped":0,"pct":100},"statements":{"total":27,"covered":22,"skipped":0,"pct":81.48},"branches":{"total":14,"covered":7,"skipped":0,"pct":50}}
,"/Users/user/Desktop/Projects/node_cms/controllers/admin/fieldGroupController.js": {"lines":{"total":82,"covered":32,"skipped":0,"pct":39.02},"functions":{"total":8,"covered":5,"skipped":0,"pct":62.5},"statements":{"total":87,"covered":33,"skipped":0,"pct":37.93},"branches":{"total":67,"covered":23,"skipped":0,"pct":34.32}}
,"/Users/user/Desktop/Projects/node_cms/controllers/admin/importExportController.js": {"lines":{"total":59,"covered":27,"skipped":0,"pct":45.76},"functions":{"total":6,"covered":4,"skipped":0,"pct":66.66},"statements":{"total":59,"covered":27,"skipped":0,"pct":45.76},"branches":{"total":16,"covered":4,"skipped":0,"pct":25}}
,"/Users/user/Desktop/Projects/node_cms/controllers/admin/mediaController.js": {"lines":{"total":95,"covered":65,"skipped":0,"pct":68.42},"functions":{"total":8,"covered":8,"skipped":0,"pct":100},"statements":{"total":100,"covered":65,"skipped":0,"pct":65},"branches":{"total":46,"covered":24,"skipped":0,"pct":52.17}}
,"/Users/user/Desktop/Projects/node_cms/controllers/admin/networkController.js": {"lines":{"total":32,"covered":23,"skipped":0,"pct":71.87},"functions":{"total":3,"covered":3,"skipped":0,"pct":100},"statements":{"total":32,"covered":23,"skipped":0,"pct":71.87},"branches":{"total":20,"covered":13,"skipped":0,"pct":65}}
,"/Users/user/Desktop/Projects/node_cms/controllers/admin/pluginController.js": {"lines":{"total":109,"covered":88,"skipped":0,"pct":80.73},"functions":{"total":13,"covered":12,"skipped":0,"pct":92.3},"statements":{"total":118,"covered":91,"skipped":0,"pct":77.11},"branches":{"total":62,"covered":30,"skipped":0,"pct":48.38}}
,"/Users/user/Desktop/Projects/node_cms/controllers/admin/revisionController.js": {"lines":{"total":44,"covered":21,"skipped":0,"pct":47.72},"functions":{"total":3,"covered":2,"skipped":0,"pct":66.66},"statements":{"total":45,"covered":21,"skipped":0,"pct":46.66},"branches":{"total":38,"covered":14,"skipped":0,"pct":36.84}}
,"/Users/user/Desktop/Projects/node_cms/controllers/admin/securityController.js": {"lines":{"total":40,"covered":27,"skipped":0,"pct":67.5},"functions":{"total":5,"covered":4,"skipped":0,"pct":80},"statements":{"total":42,"covered":29,"skipped":0,"pct":69.04},"branches":{"total":10,"covered":6,"skipped":0,"pct":60}}
,"/Users/user/Desktop/Projects/node_cms/controllers/admin/settingsController.js": {"lines":{"total":41,"covered":34,"skipped":0,"pct":82.92},"functions":{"total":5,"covered":5,"skipped":0,"pct":100},"statements":{"total":44,"covered":36,"skipped":0,"pct":81.81},"branches":{"total":22,"covered":15,"skipped":0,"pct":68.18}}
,"/Users/user/Desktop/Projects/node_cms/controllers/admin/templateController.js": {"lines":{"total":46,"covered":34,"skipped":0,"pct":73.91},"functions":{"total":5,"covered":5,"skipped":0,"pct":100},"statements":{"total":48,"covered":34,"skipped":0,"pct":70.83},"branches":{"total":20,"covered":11,"skipped":0,"pct":55}}
,"/Users/user/Desktop/Projects/node_cms/controllers/admin/themeController.js": {"lines":{"total":101,"covered":82,"skipped":0,"pct":81.18},"functions":{"total":17,"covered":17,"skipped":0,"pct":100},"statements":{"total":105,"covered":85,"skipped":0,"pct":80.95},"branches":{"total":58,"covered":42,"skipped":0,"pct":72.41}}
,"/Users/user/Desktop/Projects/node_cms/controllers/admin/toolsController.js": {"lines":{"total":16,"covered":6,"skipped":0,"pct":37.5},"functions":{"total":2,"covered":1,"skipped":0,"pct":50},"statements":{"total":16,"covered":6,"skipped":0,"pct":37.5},"branches":{"total":4,"covered":1,"skipped":0,"pct":25}}
,"/Users/user/Desktop/Projects/node_cms/controllers/admin/translationController.js": {"lines":{"total":23,"covered":5,"skipped":0,"pct":21.73},"functions":{"total":3,"covered":0,"skipped":0,"pct":0},"statements":{"total":25,"covered":5,"skipped":0,"pct":20},"branches":{"total":22,"covered":0,"skipped":0,"pct":0}}
,"/Users/user/Desktop/Projects/node_cms/controllers/admin/updateController.js": {"lines":{"total":21,"covered":10,"skipped":0,"pct":47.61},"functions":{"total":2,"covered":1,"skipped":0,"pct":50},"statements":{"total":21,"covered":10,"skipped":0,"pct":47.61},"branches":{"total":4,"covered":1,"skipped":0,"pct":25}}
,"/Users/user/Desktop/Projects/node_cms/controllers/admin/widgetController.js": {"lines":{"total":40,"covered":8,"skipped":0,"pct":20},"functions":{"total":4,"covered":1,"skipped":0,"pct":25},"statements":{"total":43,"covered":8,"skipped":0,"pct":18.6},"branches":{"total":26,"covered":1,"skipped":0,"pct":3.84}}
,"/Users/user/Desktop/Projects/node_cms/controllers/public/customContentController.js": {"lines":{"total":33,"covered":31,"skipped":0,"pct":93.93},"functions":{"total":2,"covered":2,"skipped":0,"pct":100},"statements":{"total":36,"covered":32,"skipped":0,"pct":88.88},"branches":{"total":14,"covered":9,"skipped":0,"pct":64.28}}
,"/Users/user/Desktop/Projects/node_cms/controllers/public/siteController.js": {"lines":{"total":175,"covered":145,"skipped":0,"pct":82.85},"functions":{"total":21,"covered":21,"skipped":0,"pct":100},"statements":{"total":203,"covered":160,"skipped":0,"pct":78.81},"branches":{"total":177,"covered":108,"skipped":0,"pct":61.01}}
,"/Users/user/Desktop/Projects/node_cms/middleware/activityLog.js": {"lines":{"total":32,"covered":31,"skipped":0,"pct":96.87},"functions":{"total":6,"covered":6,"skipped":0,"pct":100},"statements":{"total":47,"covered":43,"skipped":0,"pct":91.48},"branches":{"total":42,"covered":37,"skipped":0,"pct":88.09}}
,"/Users/user/Desktop/Projects/node_cms/middleware/apiAuth.js": {"lines":{"total":21,"covered":21,"skipped":0,"pct":100},"functions":{"total":4,"covered":4,"skipped":0,"pct":100},"statements":{"total":26,"covered":25,"skipped":0,"pct":96.15},"branches":{"total":23,"covered":22,"skipped":0,"pct":95.65}}
,"/Users/user/Desktop/Projects/node_cms/middleware/auth.js": {"lines":{"total":36,"covered":20,"skipped":0,"pct":55.55},"functions":{"total":6,"covered":2,"skipped":0,"pct":33.33},"statements":{"total":38,"covered":20,"skipped":0,"pct":52.63},"branches":{"total":29,"covered":13,"skipped":0,"pct":44.82}}
,"/Users/user/Desktop/Projects/node_cms/middleware/csrf.js": {"lines":{"total":20,"covered":20,"skipped":0,"pct":100},"functions":{"total":4,"covered":4,"skipped":0,"pct":100},"statements":{"total":24,"covered":24,"skipped":0,"pct":100},"branches":{"total":16,"covered":16,"skipped":0,"pct":100}}
,"/Users/user/Desktop/Projects/node_cms/middleware/errorHandler.js": {"lines":{"total":8,"covered":8,"skipped":0,"pct":100},"functions":{"total":1,"covered":1,"skipped":0,"pct":100},"statements":{"total":9,"covered":8,"skipped":0,"pct":88.88},"branches":{"total":20,"covered":16,"skipped":0,"pct":80}}
,"/Users/user/Desktop/Projects/node_cms/middleware/jsonUpload.js": {"lines":{"total":14,"covered":13,"skipped":0,"pct":92.85},"functions":{"total":3,"covered":3,"skipped":0,"pct":100},"statements":{"total":14,"covered":13,"skipped":0,"pct":92.85},"branches":{"total":4,"covered":2,"skipped":0,"pct":50}}
,"/Users/user/Desktop/Projects/node_cms/middleware/locale.js": {"lines":{"total":16,"covered":16,"skipped":0,"pct":100},"functions":{"total":3,"covered":1,"skipped":0,"pct":33.33},"statements":{"total":18,"covered":16,"skipped":0,"pct":88.88},"branches":{"total":2,"covered":1,"skipped":0,"pct":50}}
,"/Users/user/Desktop/Projects/node_cms/middleware/loginBruteForce.js": {"lines":{"total":19,"covered":17,"skipped":0,"pct":89.47},"functions":{"total":2,"covered":2,"skipped":0,"pct":100},"statements":{"total":19,"covered":17,"skipped":0,"pct":89.47},"branches":{"total":6,"covered":6,"skipped":0,"pct":100}}
,"/Users/user/Desktop/Projects/node_cms/middleware/notFound.js": {"lines":{"total":7,"covered":6,"skipped":0,"pct":85.71},"functions":{"total":1,"covered":1,"skipped":0,"pct":100},"statements":{"total":7,"covered":6,"skipped":0,"pct":85.71},"branches":{"total":7,"covered":6,"skipped":0,"pct":85.71}}
,"/Users/user/Desktop/Projects/node_cms/middleware/permission.js": {"lines":{"total":15,"covered":13,"skipped":0,"pct":86.66},"functions":{"total":6,"covered":6,"skipped":0,"pct":100},"statements":{"total":17,"covered":14,"skipped":0,"pct":82.35},"branches":{"total":12,"covered":6,"skipped":0,"pct":50}}
,"/Users/user/Desktop/Projects/node_cms/middleware/pluginHooks.js": {"lines":{"total":12,"covered":8,"skipped":0,"pct":66.66},"functions":{"total":1,"covered":1,"skipped":0,"pct":100},"statements":{"total":14,"covered":8,"skipped":0,"pct":57.14},"branches":{"total":12,"covered":2,"skipped":0,"pct":16.66}}
,"/Users/user/Desktop/Projects/node_cms/middleware/portalVisit.js": {"lines":{"total":15,"covered":15,"skipped":0,"pct":100},"functions":{"total":3,"covered":3,"skipped":0,"pct":100},"statements":{"total":22,"covered":20,"skipped":0,"pct":90.9},"branches":{"total":20,"covered":17,"skipped":0,"pct":85}}
,"/Users/user/Desktop/Projects/node_cms/middleware/rateLimit.js": {"lines":{"total":3,"covered":3,"skipped":0,"pct":100},"functions":{"total":0,"covered":0,"skipped":0,"pct":100},"statements":{"total":3,"covered":3,"skipped":0,"pct":100},"branches":{"total":0,"covered":0,"skipped":0,"pct":100}}
,"/Users/user/Desktop/Projects/node_cms/middleware/security.js": {"lines":{"total":43,"covered":38,"skipped":0,"pct":88.37},"functions":{"total":7,"covered":6,"skipped":0,"pct":85.71},"statements":{"total":44,"covered":38,"skipped":0,"pct":86.36},"branches":{"total":24,"covered":13,"skipped":0,"pct":54.16}}
,"/Users/user/Desktop/Projects/node_cms/middleware/siteContext.js": {"lines":{"total":102,"covered":94,"skipped":0,"pct":92.15},"functions":{"total":18,"covered":16,"skipped":0,"pct":88.88},"statements":{"total":122,"covered":104,"skipped":0,"pct":85.24},"branches":{"total":83,"covered":52,"skipped":0,"pct":62.65}}
,"/Users/user/Desktop/Projects/node_cms/middleware/siteResolver.js": {"lines":{"total":18,"covered":17,"skipped":0,"pct":94.44},"functions":{"total":1,"covered":1,"skipped":0,"pct":100},"statements":{"total":18,"covered":17,"skipped":0,"pct":94.44},"branches":{"total":8,"covered":7,"skipped":0,"pct":87.5}}
,"/Users/user/Desktop/Projects/node_cms/middleware/sqlUpload.js": {"lines":{"total":21,"covered":19,"skipped":0,"pct":90.47},"functions":{"total":3,"covered":3,"skipped":0,"pct":100},"statements":{"total":21,"covered":19,"skipped":0,"pct":90.47},"branches":{"total":10,"covered":8,"skipped":0,"pct":80}}
,"/Users/user/Desktop/Projects/node_cms/middleware/upload.js": {"lines":{"total":53,"covered":52,"skipped":0,"pct":98.11},"functions":{"total":8,"covered":7,"skipped":0,"pct":87.5},"statements":{"total":60,"covered":55,"skipped":0,"pct":91.66},"branches":{"total":40,"covered":30,"skipped":0,"pct":75}}
,"/Users/user/Desktop/Projects/node_cms/middleware/zipUpload.js": {"lines":{"total":16,"covered":16,"skipped":0,"pct":100},"functions":{"total":3,"covered":3,"skipped":0,"pct":100},"statements":{"total":16,"covered":16,"skipped":0,"pct":100},"branches":{"total":2,"covered":2,"skipped":0,"pct":100}}
,"/Users/user/Desktop/Projects/node_cms/routes/admin.js": {"lines":{"total":192,"covered":191,"skipped":0,"pct":99.47},"functions":{"total":6,"covered":5,"skipped":0,"pct":83.33},"statements":{"total":195,"covered":192,"skipped":0,"pct":98.46},"branches":{"total":18,"covered":13,"skipped":0,"pct":72.22}}
,"/Users/user/Desktop/Projects/node_cms/routes/api.js": {"lines":{"total":27,"covered":23,"skipped":0,"pct":85.18},"functions":{"total":4,"covered":4,"skipped":0,"pct":100},"statements":{"total":29,"covered":24,"skipped":0,"pct":82.75},"branches":{"total":4,"covered":3,"skipped":0,"pct":75}}
,"/Users/user/Desktop/Projects/node_cms/routes/health.js": {"lines":{"total":14,"covered":13,"skipped":0,"pct":92.85},"functions":{"total":3,"covered":3,"skipped":0,"pct":100},"statements":{"total":14,"covered":13,"skipped":0,"pct":92.85},"branches":{"total":2,"covered":1,"skipped":0,"pct":50}}
,"/Users/user/Desktop/Projects/node_cms/routes/public.js": {"lines":{"total":21,"covered":21,"skipped":0,"pct":100},"functions":{"total":0,"covered":0,"skipped":0,"pct":100},"statements":{"total":21,"covered":21,"skipped":0,"pct":100},"branches":{"total":0,"covered":0,"skipped":0,"pct":100}}
,"/Users/user/Desktop/Projects/node_cms/routes/api/v1/index.js": {"lines":{"total":159,"covered":64,"skipped":0,"pct":40.25},"functions":{"total":23,"covered":8,"skipped":0,"pct":34.78},"statements":{"total":172,"covered":64,"skipped":0,"pct":37.2},"branches":{"total":95,"covered":17,"skipped":0,"pct":17.89}}
,"/Users/user/Desktop/Projects/node_cms/utils/autosaveHelper.js": {"lines":{"total":13,"covered":12,"skipped":0,"pct":92.3},"functions":{"total":3,"covered":3,"skipped":0,"pct":100},"statements":{"total":14,"covered":13,"skipped":0,"pct":92.85},"branches":{"total":4,"covered":4,"skipped":0,"pct":100}}
,"/Users/user/Desktop/Projects/node_cms/utils/blockRenderer.js": {"lines":{"total":35,"covered":24,"skipped":0,"pct":68.57},"functions":{"total":6,"covered":5,"skipped":0,"pct":83.33},"statements":{"total":40,"covered":25,"skipped":0,"pct":62.5},"branches":{"total":54,"covered":19,"skipped":0,"pct":35.18}}
,"/Users/user/Desktop/Projects/node_cms/utils/commentHelper.js": {"lines":{"total":13,"covered":13,"skipped":0,"pct":100},"functions":{"total":6,"covered":5,"skipped":0,"pct":83.33},"statements":{"total":16,"covered":15,"skipped":0,"pct":93.75},"branches":{"total":13,"covered":7,"skipped":0,"pct":53.84}}
,"/Users/user/Desktop/Projects/node_cms/utils/consentScript.js": {"lines":{"total":5,"covered":5,"skipped":0,"pct":100},"functions":{"total":1,"covered":1,"skipped":0,"pct":100},"statements":{"total":6,"covered":6,"skipped":0,"pct":100},"branches":{"total":4,"covered":4,"skipped":0,"pct":100}}
,"/Users/user/Desktop/Projects/node_cms/utils/contentAutoTranslator.js": {"lines":{"total":18,"covered":18,"skipped":0,"pct":100},"functions":{"total":2,"covered":2,"skipped":0,"pct":100},"statements":{"total":20,"covered":20,"skipped":0,"pct":100},"branches":{"total":10,"covered":8,"skipped":0,"pct":80}}
,"/Users/user/Desktop/Projects/node_cms/utils/contentTranslationStore.js": {"lines":{"total":47,"covered":38,"skipped":0,"pct":80.85},"functions":{"total":9,"covered":6,"skipped":0,"pct":66.66},"statements":{"total":55,"covered":39,"skipped":0,"pct":70.9},"branches":{"total":46,"covered":30,"skipped":0,"pct":65.21}}
,"/Users/user/Desktop/Projects/node_cms/utils/customFields.js": {"lines":{"total":68,"covered":51,"skipped":0,"pct":75},"functions":{"total":8,"covered":6,"skipped":0,"pct":75},"statements":{"total":71,"covered":53,"skipped":0,"pct":74.64},"branches":{"total":67,"covered":33,"skipped":0,"pct":49.25}}
,"/Users/user/Desktop/Projects/node_cms/utils/exporter.js": {"lines":{"total":18,"covered":15,"skipped":0,"pct":83.33},"functions":{"total":11,"covered":8,"skipped":0,"pct":72.72},"statements":{"total":19,"covered":15,"skipped":0,"pct":78.94},"branches":{"total":3,"covered":1,"skipped":0,"pct":33.33}}
,"/Users/user/Desktop/Projects/node_cms/utils/fileHelper.js": {"lines":{"total":11,"covered":11,"skipped":0,"pct":100},"functions":{"total":3,"covered":3,"skipped":0,"pct":100},"statements":{"total":13,"covered":13,"skipped":0,"pct":100},"branches":{"total":9,"covered":9,"skipped":0,"pct":100}}
,"/Users/user/Desktop/Projects/node_cms/utils/hookManager.js": {"lines":{"total":50,"covered":48,"skipped":0,"pct":96},"functions":{"total":18,"covered":18,"skipped":0,"pct":100},"statements":{"total":57,"covered":55,"skipped":0,"pct":96.49},"branches":{"total":35,"covered":20,"skipped":0,"pct":57.14}}
,"/Users/user/Desktop/Projects/node_cms/utils/importer.js": {"lines":{"total":72,"covered":48,"skipped":0,"pct":66.66},"functions":{"total":7,"covered":7,"skipped":0,"pct":100},"statements":{"total":81,"covered":53,"skipped":0,"pct":65.43},"branches":{"total":73,"covered":48,"skipped":0,"pct":65.75}}
,"/Users/user/Desktop/Projects/node_cms/utils/locales.js": {"lines":{"total":6,"covered":5,"skipped":0,"pct":83.33},"functions":{"total":4,"covered":3,"skipped":0,"pct":75},"statements":{"total":9,"covered":8,"skipped":0,"pct":88.88},"branches":{"total":2,"covered":0,"skipped":0,"pct":0}}
,"/Users/user/Desktop/Projects/node_cms/utils/logger.js": {"lines":{"total":12,"covered":11,"skipped":0,"pct":91.66},"functions":{"total":1,"covered":1,"skipped":0,"pct":100},"statements":{"total":13,"covered":11,"skipped":0,"pct":84.61},"branches":{"total":10,"covered":7,"skipped":0,"pct":70}}
,"/Users/user/Desktop/Projects/node_cms/utils/loginBruteForce.js": {"lines":{"total":42,"covered":36,"skipped":0,"pct":85.71},"functions":{"total":8,"covered":8,"skipped":0,"pct":100},"statements":{"total":43,"covered":37,"skipped":0,"pct":86.04},"branches":{"total":22,"covered":16,"skipped":0,"pct":72.72}}
,"/Users/user/Desktop/Projects/node_cms/utils/mailer.js": {"lines":{"total":38,"covered":26,"skipped":0,"pct":68.42},"functions":{"total":6,"covered":6,"skipped":0,"pct":100},"statements":{"total":43,"covered":28,"skipped":0,"pct":65.11},"branches":{"total":28,"covered":13,"skipped":0,"pct":46.42}}
,"/Users/user/Desktop/Projects/node_cms/utils/mediaHelper.js": {"lines":{"total":35,"covered":30,"skipped":0,"pct":85.71},"functions":{"total":10,"covered":9,"skipped":0,"pct":90},"statements":{"total":39,"covered":30,"skipped":0,"pct":76.92},"branches":{"total":15,"covered":7,"skipped":0,"pct":46.66}}
,"/Users/user/Desktop/Projects/node_cms/utils/packageArchive.js": {"lines":{"total":77,"covered":56,"skipped":0,"pct":72.72},"functions":{"total":8,"covered":8,"skipped":0,"pct":100},"statements":{"total":93,"covered":60,"skipped":0,"pct":64.51},"branches":{"total":63,"covered":34,"skipped":0,"pct":53.96}}
,"/Users/user/Desktop/Projects/node_cms/utils/packageScan.js": {"lines":{"total":33,"covered":29,"skipped":0,"pct":87.87},"functions":{"total":3,"covered":3,"skipped":0,"pct":100},"statements":{"total":35,"covered":30,"skipped":0,"pct":85.71},"branches":{"total":19,"covered":12,"skipped":0,"pct":63.15}}
,"/Users/user/Desktop/Projects/node_cms/utils/pagination.js": {"lines":{"total":9,"covered":9,"skipped":0,"pct":100},"functions":{"total":3,"covered":3,"skipped":0,"pct":100},"statements":{"total":9,"covered":9,"skipped":0,"pct":100},"branches":{"total":6,"covered":5,"skipped":0,"pct":83.33}}
,"/Users/user/Desktop/Projects/node_cms/utils/pluginLoader.js": {"lines":{"total":125,"covered":107,"skipped":0,"pct":85.6},"functions":{"total":25,"covered":22,"skipped":0,"pct":88},"statements":{"total":141,"covered":114,"skipped":0,"pct":80.85},"branches":{"total":61,"covered":36,"skipped":0,"pct":59.01}}
,"/Users/user/Desktop/Projects/node_cms/utils/pluginSettings.js": {"lines":{"total":32,"covered":30,"skipped":0,"pct":93.75},"functions":{"total":7,"covered":7,"skipped":0,"pct":100},"statements":{"total":40,"covered":33,"skipped":0,"pct":82.5},"branches":{"total":47,"covered":32,"skipped":0,"pct":68.08}}
,"/Users/user/Desktop/Projects/node_cms/utils/policy.js": {"lines":{"total":71,"covered":63,"skipped":0,"pct":88.73},"functions":{"total":25,"covered":23,"skipped":0,"pct":92},"statements":{"total":100,"covered":80,"skipped":0,"pct":80},"branches":{"total":116,"covered":87,"skipped":0,"pct":75}}
,"/Users/user/Desktop/Projects/node_cms/utils/portalConfig.js": {"lines":{"total":63,"covered":56,"skipped":0,"pct":88.88},"functions":{"total":8,"covered":7,"skipped":0,"pct":87.5},"statements":{"total":76,"covered":66,"skipped":0,"pct":86.84},"branches":{"total":61,"covered":46,"skipped":0,"pct":75.4}}
,"/Users/user/Desktop/Projects/node_cms/utils/portalSettings.js": {"lines":{"total":7,"covered":7,"skipped":0,"pct":100},"functions":{"total":2,"covered":2,"skipped":0,"pct":100},"statements":{"total":7,"covered":7,"skipped":0,"pct":100},"branches":{"total":2,"covered":2,"skipped":0,"pct":100}}
,"/Users/user/Desktop/Projects/node_cms/utils/portalStats.js": {"lines":{"total":20,"covered":20,"skipped":0,"pct":100},"functions":{"total":5,"covered":5,"skipped":0,"pct":100},"statements":{"total":20,"covered":20,"skipped":0,"pct":100},"branches":{"total":21,"covered":18,"skipped":0,"pct":85.71}}
,"/Users/user/Desktop/Projects/node_cms/utils/revisionHelper.js": {"lines":{"total":13,"covered":11,"skipped":0,"pct":84.61},"functions":{"total":4,"covered":3,"skipped":0,"pct":75},"statements":{"total":14,"covered":11,"skipped":0,"pct":78.57},"branches":{"total":19,"covered":13,"skipped":0,"pct":68.42}}
,"/Users/user/Desktop/Projects/node_cms/utils/scheduledPublisher.js": {"lines":{"total":7,"covered":7,"skipped":0,"pct":100},"functions":{"total":1,"covered":1,"skipped":0,"pct":100},"statements":{"total":7,"covered":7,"skipped":0,"pct":100},"branches":{"total":4,"covered":2,"skipped":0,"pct":50}}
,"/Users/user/Desktop/Projects/node_cms/utils/seoHelper.js": {"lines":{"total":7,"covered":7,"skipped":0,"pct":100},"functions":{"total":3,"covered":3,"skipped":0,"pct":100},"statements":{"total":7,"covered":7,"skipped":0,"pct":100},"branches":{"total":29,"covered":21,"skipped":0,"pct":72.41}}
,"/Users/user/Desktop/Projects/node_cms/utils/shortcodeParser.js": {"lines":{"total":23,"covered":14,"skipped":0,"pct":60.86},"functions":{"total":6,"covered":4,"skipped":0,"pct":66.66},"statements":{"total":26,"covered":15,"skipped":0,"pct":57.69},"branches":{"total":28,"covered":9,"skipped":0,"pct":32.14}}
,"/Users/user/Desktop/Projects/node_cms/utils/siteHealth.js": {"lines":{"total":38,"covered":35,"skipped":0,"pct":92.1},"functions":{"total":4,"covered":4,"skipped":0,"pct":100},"statements":{"total":40,"covered":37,"skipped":0,"pct":92.5},"branches":{"total":32,"covered":18,"skipped":0,"pct":56.25}}
,"/Users/user/Desktop/Projects/node_cms/utils/slugGenerator.js": {"lines":{"total":13,"covered":13,"skipped":0,"pct":100},"functions":{"total":2,"covered":2,"skipped":0,"pct":100},"statements":{"total":15,"covered":15,"skipped":0,"pct":100},"branches":{"total":17,"covered":14,"skipped":0,"pct":82.35}}
,"/Users/user/Desktop/Projects/node_cms/utils/ssrfGuard.js": {"lines":{"total":42,"covered":17,"skipped":0,"pct":40.47},"functions":{"total":6,"covered":1,"skipped":0,"pct":16.66},"statements":{"total":53,"covered":17,"skipped":0,"pct":32.07},"branches":{"total":57,"covered":18,"skipped":0,"pct":31.57}}
,"/Users/user/Desktop/Projects/node_cms/utils/themeLoader.js": {"lines":{"total":154,"covered":134,"skipped":0,"pct":87.01},"functions":{"total":39,"covered":36,"skipped":0,"pct":92.3},"statements":{"total":179,"covered":149,"skipped":0,"pct":83.24},"branches":{"total":131,"covered":100,"skipped":0,"pct":76.33}}
,"/Users/user/Desktop/Projects/node_cms/utils/themeManager.js": {"lines":{"total":88,"covered":79,"skipped":0,"pct":89.77},"functions":{"total":13,"covered":13,"skipped":0,"pct":100},"statements":{"total":96,"covered":84,"skipped":0,"pct":87.5},"branches":{"total":35,"covered":24,"skipped":0,"pct":68.57}}
,"/Users/user/Desktop/Projects/node_cms/utils/themePartials.js": {"lines":{"total":9,"covered":9,"skipped":0,"pct":100},"functions":{"total":2,"covered":2,"skipped":0,"pct":100},"statements":{"total":10,"covered":10,"skipped":0,"pct":100},"branches":{"total":4,"covered":4,"skipped":0,"pct":100}}
,"/Users/user/Desktop/Projects/node_cms/utils/twoFactorRecovery.js": {"lines":{"total":23,"covered":23,"skipped":0,"pct":100},"functions":{"total":4,"covered":4,"skipped":0,"pct":100},"statements":{"total":26,"covered":24,"skipped":0,"pct":92.3},"branches":{"total":9,"covered":6,"skipped":0,"pct":66.66}}
,"/Users/user/Desktop/Projects/node_cms/utils/uploadHelper.js": {"lines":{"total":39,"covered":39,"skipped":0,"pct":100},"functions":{"total":6,"covered":6,"skipped":0,"pct":100},"statements":{"total":49,"covered":46,"skipped":0,"pct":93.87},"branches":{"total":49,"covered":44,"skipped":0,"pct":89.79}}
,"/Users/user/Desktop/Projects/node_cms/utils/uploadSecurity.js": {"lines":{"total":74,"covered":50,"skipped":0,"pct":67.56},"functions":{"total":11,"covered":10,"skipped":0,"pct":90.9},"statements":{"total":79,"covered":55,"skipped":0,"pct":69.62},"branches":{"total":54,"covered":22,"skipped":0,"pct":40.74}}
,"/Users/user/Desktop/Projects/node_cms/utils/wafHelper.js": {"lines":{"total":183,"covered":137,"skipped":0,"pct":74.86},"functions":{"total":52,"covered":33,"skipped":0,"pct":63.46},"statements":{"total":235,"covered":156,"skipped":0,"pct":66.38},"branches":{"total":313,"covered":173,"skipped":0,"pct":55.27}}
}
