TN:
SF:controllers\admin\authController.js
FN:18,loginForm
FN:25,loginRedirect
FN:30,regenerateSession
FN:31,(anonymous_3)
FN:38,(anonymous_4)
FN:49,finalizeLogin
FN:50,(anonymous_6)
FN:89,login
FN:163,forgotPasswordForm
FN:167,hashToken
FN:171,forgotPassword
FN:195,resetPassword
FN:220,resetPasswordForm
FN:224,profile
FN:233,updateProfile
FN:253,twoFactorForm
FN:270,enableTwoFactor
FN:291,disableTwoFactor
FN:304,recoveryCodesView
FN:318,logout
FN:319,(anonymous_20)
FNF:21
FNH:19
FNDA:129,loginForm
FNDA:15,loginRedirect
FNDA:110,regenerateSession
FNDA:110,(anonymous_3)
FNDA:110,(anonymous_4)
FNDA:110,finalizeLogin
FNDA:2415,(anonymous_6)
FNDA:125,login
FNDA:2,forgotPasswordForm
FNDA:1,hashToken
FNDA:1,forgotPassword
FNDA:0,resetPassword
FNDA:1,resetPasswordForm
FNDA:2,profile
FNDA:1,updateProfile
FNDA:4,twoFactorForm
FNDA:1,enableTwoFactor
FNDA:1,disableTwoFactor
FNDA:0,recoveryCodesView
FNDA:1,logout
FNDA:1,(anonymous_20)
DA:1,60
DA:2,60
DA:3,60
DA:4,60
DA:5,60
DA:6,60
DA:7,60
DA:8,60
DA:9,60
DA:10,60
DA:16,60
DA:19,129
DA:26,15
DA:27,15
DA:31,110
DA:32,110
DA:38,110
DA:39,110
DA:40,110
DA:41,110
DA:42,110
DA:43,110
DA:44,110
DA:50,2415
DA:51,110
DA:60,110
DA:61,110
DA:63,110
DA:65,110
DA:66,110
DA:74,110
DA:76,110
DA:77,0
DA:78,0
DA:81,110
DA:82,2
DA:83,2
DA:86,108
DA:90,125
DA:91,125
DA:92,125
DA:93,0
DA:94,0
DA:97,125
DA:98,125
DA:99,125
DA:103,125
DA:104,0
DA:105,0
DA:106,0
DA:108,125
DA:110,125
DA:111,125
DA:122,125
DA:123,13
DA:124,10
DA:125,10
DA:134,13
DA:135,13
DA:136,13
DA:139,112
DA:140,5
DA:141,5
DA:142,2
DA:148,3
DA:149,2
DA:151,5
DA:152,2
DA:153,2
DA:157,110
DA:159,0
DA:164,2
DA:168,1
DA:172,1
DA:173,1
DA:174,1
DA:175,1
DA:176,1
DA:183,1
DA:184,1
DA:185,0
DA:188,1
DA:189,1
DA:191,0
DA:196,0
DA:197,0
DA:198,0
DA:205,0
DA:206,0
DA:207,0
DA:209,0
DA:210,0
DA:211,0
DA:212,0
DA:213,0
DA:214,0
DA:216,0
DA:221,1
DA:225,2
DA:226,2
DA:227,2
DA:229,0
DA:234,1
DA:235,1
DA:236,1
DA:237,1
DA:238,0
DA:239,0
DA:240,0
DA:242,1
DA:243,1
DA:244,1
DA:245,1
DA:246,1
DA:247,1
DA:249,0
DA:254,4
DA:255,4
DA:256,4
DA:257,4
DA:258,4
DA:259,3
DA:260,3
DA:261,3
DA:262,3
DA:264,4
DA:266,0
DA:271,1
DA:272,1
DA:273,1
DA:274,1
DA:275,1
DA:276,1
DA:277,1
DA:279,0
DA:280,0
DA:281,0
DA:282,0
DA:283,0
DA:284,0
DA:285,0
DA:287,0
DA:292,1
DA:293,1
DA:294,1
DA:295,1
DA:296,1
DA:297,1
DA:298,1
DA:300,0
DA:305,0
DA:306,0
DA:307,0
DA:308,0
DA:310,0
DA:311,0
DA:312,0
DA:319,1
DA:320,1
DA:324,60
LF:160
LH:115
BRDA:21,0,0,129
BRDA:21,0,1,129
BRDA:26,1,0,15
BRDA:26,1,1,0
BRDA:39,2,0,0
BRDA:39,2,1,110
BRDA:40,3,0,110
BRDA:40,3,1,0
BRDA:41,4,0,110
BRDA:41,4,1,0
BRDA:42,5,0,110
BRDA:42,5,1,0
BRDA:43,6,0,110
BRDA:43,6,1,0
BRDA:50,7,0,110
BRDA:50,7,1,0
BRDA:76,8,0,0
BRDA:76,8,1,110
BRDA:81,9,0,2
BRDA:81,9,1,108
BRDA:92,10,0,0
BRDA:92,10,1,125
BRDA:103,11,0,0
BRDA:103,11,1,125
BRDA:103,12,0,125
BRDA:103,12,1,0
BRDA:108,13,0,125
BRDA:108,13,1,122
BRDA:116,14,0,112
BRDA:116,14,1,13
BRDA:122,15,0,13
BRDA:122,15,1,112
BRDA:123,16,0,10
BRDA:123,16,1,3
BRDA:124,17,0,10
BRDA:124,17,1,4
BRDA:139,18,0,5
BRDA:139,18,1,107
BRDA:141,19,0,2
BRDA:141,19,1,3
BRDA:148,20,0,2
BRDA:148,20,1,1
BRDA:151,21,0,2
BRDA:151,21,1,3
BRDA:174,22,0,1
BRDA:174,22,1,0
BRDA:184,23,0,0
BRDA:184,23,1,1
BRDA:184,24,0,1
BRDA:184,24,1,1
BRDA:198,25,0,0
BRDA:198,25,1,0
BRDA:205,26,0,0
BRDA:205,26,1,0
BRDA:205,27,0,0
BRDA:205,27,1,0
BRDA:205,27,2,0
BRDA:221,28,0,1
BRDA:221,28,1,0
BRDA:237,29,0,0
BRDA:237,29,1,1
BRDA:258,30,0,3
BRDA:258,30,1,1
BRDA:274,31,0,1
BRDA:274,31,1,1
BRDA:275,32,0,1
BRDA:275,32,1,0
BRDA:306,33,0,0
BRDA:306,33,1,0
BRF:69
BRH:44
end_of_record
TN:
SF:controllers\admin\autosaveController.js
FN:6,store
FN:20,show
FN:34,destroy
FNF:3
FNH:3
FNDA:1,store
FNDA:1,show
FNDA:1,destroy
DA:1,60
DA:2,60
DA:4,60
DA:7,1
DA:8,1
DA:9,1
DA:10,0
DA:12,1
DA:13,1
DA:14,1
DA:16,0
DA:21,1
DA:22,1
DA:23,1
DA:24,0
DA:26,1
DA:27,1
DA:28,1
DA:30,0
DA:35,1
DA:36,1
DA:37,1
DA:38,1
DA:39,1
DA:40,1
DA:42,0
DA:46,60
LF:27
LH:22
BRDA:9,0,0,0
BRDA:9,0,1,1
BRDA:9,1,0,1
BRDA:9,1,1,1
BRDA:12,2,0,0
BRDA:12,2,1,1
BRDA:13,3,0,1
BRDA:13,3,1,0
BRDA:23,4,0,0
BRDA:23,4,1,1
BRDA:23,5,0,1
BRDA:23,5,1,1
BRDA:26,6,0,0
BRDA:26,6,1,1
BRDA:37,7,0,0
BRDA:37,7,1,1
BRDA:37,8,0,1
BRDA:37,8,1,1
BRDA:38,9,0,0
BRDA:38,9,1,1
BRF:20
BRH:13
end_of_record
TN:
SF:controllers\admin\crudController.js
FN:26,applyBlockContent
FN:41,saveContentRevision
FN:52,normalizeArray
FN:57,sanitizePlainText
FN:61,allowedStatus
FN:70,ensureUserMutationAllowed
FN:100,ensureNotLastSuperAdmin
FN:120,(anonymous_7)
FN:121,(anonymous_8)
FN:148,(anonymous_9)
FN:156,(anonymous_10)
FN:180,(anonymous_11)
FN:181,(anonymous_12)
FN:194,(anonymous_13)
FN:201,(anonymous_14)
FN:216,(anonymous_15)
FN:232,(anonymous_16)
FN:239,(anonymous_17)
FN:240,(anonymous_18)
FN:248,(anonymous_19)
FN:249,(anonymous_20)
FN:261,(anonymous_21)
FN:262,(anonymous_22)
FN:263,(anonymous_23)
FN:271,(anonymous_24)
FN:278,(anonymous_25)
FN:282,getConfig
FN:292,index
FN:304,(anonymous_28)
FN:346,create
FN:368,store
FN:376,(anonymous_31)
FN:405,edit
FN:432,update
FN:442,(anonymous_34)
FN:477,restore
FN:498,forceDestroy
FN:519,destroy
FN:543,normalizeBulkIds
FN:548,bulkDestroy
FN:554,(anonymous_40)
FN:571,(anonymous_41)
FNF:42
FNH:29
FNDA:7,applyBlockContent
FNDA:3,saveContentRevision
FNDA:4,normalizeArray
FNDA:44,sanitizePlainText
FNDA:10,allowedStatus
FNDA:0,ensureUserMutationAllowed
FNDA:0,ensureNotLastSuperAdmin
FNDA:11,(anonymous_7)
FNDA:4,(anonymous_8)
FNDA:4,(anonymous_9)
FNDA:3,(anonymous_10)
FNDA:3,(anonymous_11)
FNDA:1,(anonymous_12)
FNDA:1,(anonymous_13)
FNDA:0,(anonymous_14)
FNDA:0,(anonymous_15)
FNDA:0,(anonymous_16)
FNDA:0,(anonymous_17)
FNDA:0,(anonymous_18)
FNDA:1,(anonymous_19)
FNDA:0,(anonymous_20)
FNDA:1,(anonymous_21)
FNDA:0,(anonymous_22)
FNDA:0,(anonymous_23)
FNDA:1,(anonymous_24)
FNDA:0,(anonymous_25)
FNDA:47,getConfig
FNDA:16,index
FNDA:3,(anonymous_28)
FNDA:6,create
FNDA:6,store
FNDA:6,(anonymous_31)
FNDA:7,edit
FNDA:6,update
FNDA:4,(anonymous_34)
FNDA:1,restore
FNDA:0,forceDestroy
FNDA:4,destroy
FNDA:1,normalizeBulkIds
FNDA:1,bulkDestroy
FNDA:0,(anonymous_40)
FNDA:1,(anonymous_41)
DA:1,60
DA:2,60
DA:3,60
DA:4,60
DA:5,60
DA:6,60
DA:7,60
DA:8,60
DA:9,60
DA:10,60
DA:11,60
DA:12,60
DA:13,60
DA:15,60
DA:27,7
DA:28,0
DA:29,0
DA:30,0
DA:31,0
DA:32,0
DA:33,0
DA:34,0
DA:37,7
DA:38,7
DA:42,3
DA:43,3
DA:53,4
DA:54,0
DA:58,44
DA:62,10
DA:63,10
DA:64,5
DA:65,1
DA:67,4
DA:71,0
DA:72,0
DA:74,0
DA:75,0
DA:76,0
DA:77,0
DA:79,0
DA:80,0
DA:81,0
DA:82,0
DA:85,0
DA:86,0
DA:87,0
DA:88,0
DA:89,0
DA:90,0
DA:92,0
DA:93,0
DA:94,0
DA:95,0
DA:101,0
DA:102,0
DA:103,0
DA:104,0
DA:105,0
DA:106,0
DA:107,0
DA:108,0
DA:109,0
DA:113,60
DA:120,11
DA:122,4
DA:123,4
DA:124,4
DA:146,4
DA:148,4
DA:156,3
DA:180,3
DA:181,1
DA:194,1
DA:201,0
DA:216,0
DA:232,0
DA:239,0
DA:240,0
DA:248,1
DA:250,0
DA:251,0
DA:252,0
DA:261,1
DA:262,0
DA:263,0
DA:271,1
DA:278,0
DA:283,47
DA:284,47
DA:285,1
DA:286,1
DA:287,1
DA:289,46
DA:293,16
DA:294,16
DA:295,16
DA:296,15
DA:297,0
DA:298,0
DA:300,15
DA:301,15
DA:302,15
DA:303,15
DA:304,3
DA:306,15
DA:307,1
DA:309,15
DA:310,5
DA:311,5
DA:312,5
DA:313,5
DA:315,15
DA:316,0
DA:318,15
DA:327,15
DA:342,1
DA:347,6
DA:348,6
DA:349,6
DA:350,6
DA:351,0
DA:352,0
DA:354,6
DA:364,0
DA:369,6
DA:370,6
DA:371,6
DA:372,6
DA:373,0
DA:374,0
DA:376,6
DA:377,6
DA:378,6
DA:379,6
DA:380,2
DA:381,2
DA:382,0
DA:383,0
DA:384,0
DA:386,2
DA:388,6
DA:389,6
DA:390,6
DA:391,2
DA:392,2
DA:394,6
DA:395,2
DA:398,6
DA:399,6
DA:401,0
DA:406,7
DA:407,7
DA:408,7
DA:409,7
DA:410,7
DA:411,7
DA:412,1
DA:413,1
DA:415,6
DA:418,6
DA:428,0
DA:433,6
DA:434,6
DA:435,6
DA:436,6
DA:437,6
DA:438,6
DA:439,2
DA:440,2
DA:442,4
DA:443,4
DA:444,4
DA:445,0
DA:446,0
DA:448,4
DA:449,2
DA:450,2
DA:451,0
DA:452,0
DA:453,0
DA:455,2
DA:457,4
DA:458,3
DA:460,4
DA:461,4
DA:462,4
DA:463,2
DA:464,2
DA:466,4
DA:467,1
DA:470,4
DA:471,4
DA:473,0
DA:478,1
DA:479,1
DA:480,1
DA:481,1
DA:482,1
DA:483,0
DA:484,0
DA:486,1
DA:487,0
DA:488,0
DA:490,1
DA:491,1
DA:492,1
DA:494,0
DA:499,0
DA:500,0
DA:501,0
DA:502,0
DA:503,0
DA:504,0
DA:505,0
DA:507,0
DA:508,0
DA:509,0
DA:511,0
DA:512,0
DA:513,0
DA:515,0
DA:520,4
DA:521,4
DA:522,4
DA:523,4
DA:524,4
DA:525,1
DA:526,1
DA:528,3
DA:529,0
DA:530,0
DA:531,0
DA:533,0
DA:535,3
DA:536,3
DA:537,3
DA:539,0
DA:544,1
DA:545,1
DA:549,1
DA:550,1
DA:551,1
DA:552,1
DA:553,1
DA:554,0
DA:555,0
DA:556,0
DA:557,0
DA:558,0
DA:559,0
DA:560,0
DA:561,0
DA:563,0
DA:564,0
DA:566,1
DA:567,0
DA:568,0
DA:571,1
DA:572,1
DA:573,0
DA:574,0
DA:577,1
DA:578,1
DA:579,1
DA:580,1
DA:581,1
DA:582,0
DA:583,0
DA:584,0
DA:586,0
DA:589,1
DA:590,1
DA:593,1
DA:594,1
DA:596,0
DA:600,60
LF:277
LH:167
BRDA:27,0,0,0
BRDA:27,0,1,7
BRDA:27,1,0,7
BRDA:27,1,1,0
BRDA:29,2,0,0
BRDA:29,2,1,0
BRDA:33,3,0,0
BRDA:33,3,1,0
BRDA:37,4,0,0
BRDA:37,4,1,7
BRDA:42,5,0,1
BRDA:42,5,1,2
BRDA:53,6,0,4
BRDA:53,6,1,0
BRDA:54,7,0,0
BRDA:54,7,1,0
BRDA:57,8,0,0
BRDA:58,9,0,44
BRDA:58,9,1,28
BRDA:61,10,0,3
BRDA:62,11,0,10
BRDA:62,11,1,0
BRDA:63,12,0,5
BRDA:63,12,1,5
BRDA:64,13,0,1
BRDA:64,13,1,4
BRDA:64,14,0,5
BRDA:64,14,1,1
BRDA:65,15,0,1
BRDA:65,15,1,0
BRDA:70,16,0,0
BRDA:71,17,0,0
BRDA:71,17,1,0
BRDA:74,18,0,0
BRDA:74,18,1,0
BRDA:74,19,0,0
BRDA:74,19,1,0
BRDA:79,20,0,0
BRDA:79,20,1,0
BRDA:79,21,0,0
BRDA:79,21,1,0
BRDA:85,22,0,0
BRDA:85,22,1,0
BRDA:87,23,0,0
BRDA:87,23,1,0
BRDA:92,24,0,0
BRDA:92,24,1,0
BRDA:92,25,0,0
BRDA:92,25,1,0
BRDA:92,25,2,0
BRDA:101,26,0,0
BRDA:101,26,1,0
BRDA:103,27,0,0
BRDA:103,27,1,0
BRDA:106,28,0,0
BRDA:106,28,1,0
BRDA:121,29,0,0
BRDA:121,30,0,0
BRDA:126,31,0,4
BRDA:126,31,1,1
BRDA:128,32,0,4
BRDA:128,32,1,0
BRDA:138,33,0,4
BRDA:138,33,1,4
BRDA:139,34,0,3
BRDA:139,34,1,1
BRDA:139,35,0,3
BRDA:139,35,1,3
BRDA:144,36,0,4
BRDA:144,36,1,4
BRDA:144,37,0,2
BRDA:144,37,1,2
BRDA:148,38,0,0
BRDA:156,39,0,0
BRDA:156,40,0,0
BRDA:158,41,0,3
BRDA:158,41,1,0
BRDA:159,42,0,3
BRDA:159,42,1,0
BRDA:171,43,0,3
BRDA:171,43,1,3
BRDA:172,44,0,3
BRDA:172,44,1,3
BRDA:172,45,0,1
BRDA:172,45,1,2
BRDA:181,46,0,0
BRDA:181,47,0,0
BRDA:183,48,0,1
BRDA:183,48,1,0
BRDA:185,49,0,1
BRDA:185,49,1,1
BRDA:194,50,0,0
BRDA:194,51,0,1
BRDA:194,51,1,0
BRDA:201,52,0,0
BRDA:201,53,0,0
BRDA:207,54,0,0
BRDA:207,54,1,0
BRDA:216,55,0,0
BRDA:216,56,0,0
BRDA:222,57,0,0
BRDA:222,57,1,0
BRDA:232,58,0,0
BRDA:232,59,0,0
BRDA:232,59,1,0
BRDA:232,60,0,0
BRDA:232,60,1,0
BRDA:240,61,0,0
BRDA:240,61,1,0
BRDA:240,62,0,0
BRDA:240,62,1,0
BRDA:240,63,0,0
BRDA:240,63,1,0
BRDA:240,64,0,0
BRDA:240,64,1,0
BRDA:240,65,0,0
BRDA:240,65,1,0
BRDA:250,66,0,0
BRDA:250,66,1,0
BRDA:250,67,0,0
BRDA:250,67,1,0
BRDA:251,68,0,0
BRDA:251,68,1,0
BRDA:262,69,0,0
BRDA:262,70,0,0
BRDA:262,70,1,0
BRDA:263,71,0,0
BRDA:271,72,0,1
BRDA:271,72,1,0
BRDA:278,73,0,0
BRDA:278,73,1,0
BRDA:284,74,0,1
BRDA:284,74,1,46
BRDA:296,75,0,0
BRDA:296,75,1,15
BRDA:301,76,0,15
BRDA:301,76,1,14
BRDA:303,77,0,1
BRDA:303,77,1,14
BRDA:306,78,0,1
BRDA:306,78,1,14
BRDA:309,79,0,5
BRDA:309,79,1,10
BRDA:311,80,0,0
BRDA:311,80,1,5
BRDA:312,81,0,0
BRDA:312,81,1,5
BRDA:313,82,0,2
BRDA:313,82,1,3
BRDA:315,83,0,0
BRDA:315,83,1,15
BRDA:315,84,0,15
BRDA:315,84,1,1
BRDA:320,85,0,15
BRDA:320,85,1,6
BRDA:328,86,0,1
BRDA:328,86,1,14
BRDA:336,87,0,15
BRDA:336,87,1,15
BRDA:337,88,0,15
BRDA:337,88,1,15
BRDA:339,89,0,9
BRDA:339,89,1,6
BRDA:350,90,0,0
BRDA:350,90,1,6
BRDA:359,91,0,3
BRDA:359,91,1,3
BRDA:372,92,0,0
BRDA:372,92,1,6
BRDA:378,93,0,0
BRDA:378,93,1,6
BRDA:379,94,0,2
BRDA:379,94,1,4
BRDA:381,95,0,0
BRDA:381,95,1,2
BRDA:381,96,0,2
BRDA:381,96,1,2
BRDA:386,97,0,2
BRDA:386,97,1,0
BRDA:389,98,0,2
BRDA:389,98,1,4
BRDA:390,99,0,2
BRDA:390,99,1,4
BRDA:394,100,0,2
BRDA:394,100,1,4
BRDA:409,101,0,7
BRDA:409,101,1,0
BRDA:410,102,0,0
BRDA:410,102,1,7
BRDA:411,103,0,1
BRDA:411,103,1,6
BRDA:415,104,0,5
BRDA:415,104,1,1
BRDA:415,105,0,6
BRDA:415,105,1,2
BRDA:416,106,0,1
BRDA:416,106,1,4
BRDA:423,107,0,4
BRDA:423,107,1,2
BRDA:437,108,0,0
BRDA:437,108,1,6
BRDA:438,109,0,2
BRDA:438,109,1,4
BRDA:444,110,0,0
BRDA:444,110,1,4
BRDA:448,111,0,2
BRDA:448,111,1,2
BRDA:450,112,0,0
BRDA:450,112,1,2
BRDA:450,113,0,2
BRDA:450,113,1,2
BRDA:455,114,0,2
BRDA:455,114,1,0
BRDA:457,115,0,3
BRDA:457,115,1,1
BRDA:457,116,0,4
BRDA:457,116,1,2
BRDA:461,117,0,2
BRDA:461,117,1,2
BRDA:462,118,0,2
BRDA:462,118,1,2
BRDA:466,119,0,1
BRDA:466,119,1,3
BRDA:482,120,0,0
BRDA:482,120,1,1
BRDA:482,121,0,1
BRDA:482,121,1,1
BRDA:486,122,0,0
BRDA:486,122,1,1
BRDA:503,123,0,0
BRDA:503,123,1,0
BRDA:507,124,0,0
BRDA:507,124,1,0
BRDA:524,125,0,1
BRDA:524,125,1,3
BRDA:524,126,0,4
BRDA:524,126,1,4
BRDA:528,127,0,0
BRDA:528,127,1,3
BRDA:529,128,0,0
BRDA:529,128,1,0
BRDA:535,129,0,3
BRDA:535,129,1,0
BRDA:544,130,0,0
BRDA:544,130,1,1
BRDA:545,131,0,0
BRDA:545,131,1,1
BRDA:552,132,0,1
BRDA:552,132,1,0
BRDA:553,133,0,0
BRDA:553,133,1,1
BRDA:558,134,0,0
BRDA:558,134,1,0
BRDA:559,135,0,0
BRDA:559,135,1,0
BRDA:563,136,0,0
BRDA:563,136,1,0
BRDA:564,137,0,0
BRDA:564,137,1,0
BRDA:566,138,0,0
BRDA:566,138,1,1
BRDA:572,139,0,0
BRDA:572,139,1,1
BRDA:580,140,0,0
BRDA:580,140,1,1
BRDA:581,141,0,0
BRDA:581,141,1,1
BRDA:582,142,0,0
BRDA:582,142,1,0
BRDA:593,143,0,1
BRDA:593,143,1,0
BRF:271
BRH:139
end_of_record
TN:
SF:controllers\admin\customContentController.js
FN:29,sanitizePlainText
FN:33,loadType
FN:45,canManageType
FN:59,allowedStatus
FN:68,buildPayload
FN:113,index
FN:150,create
FN:174,store
FN:182,(anonymous_8)
FN:197,edit
FN:230,update
FN:240,(anonymous_11)
FN:264,destroy
FNF:13
FNH:8
FNDA:10,sanitizePlainText
FNDA:4,loadType
FNDA:4,canManageType
FNDA:2,allowedStatus
FNDA:2,buildPayload
FNDA:0,index
FNDA:2,create
FNDA:2,store
FNDA:2,(anonymous_8)
FNDA:0,edit
FNDA:0,update
FNDA:0,(anonymous_11)
FNDA:0,destroy
DA:1,60
DA:2,60
DA:3,60
DA:4,60
DA:5,60
DA:6,60
DA:7,60
DA:8,60
DA:13,60
DA:14,60
DA:15,60
DA:16,60
DA:18,60
DA:30,10
DA:34,4
DA:37,4
DA:38,0
DA:39,0
DA:40,0
DA:42,4
DA:46,4
DA:47,0
DA:48,0
DA:50,0
DA:51,0
DA:53,0
DA:54,0
DA:56,0
DA:60,2
DA:61,2
DA:62,2
DA:63,0
DA:65,2
DA:69,2
DA:70,2
DA:73,2
DA:94,2
DA:95,2
DA:103,2
DA:104,0
DA:105,0
DA:106,0
DA:107,0
DA:110,2
DA:114,0
DA:115,0
DA:116,0
DA:117,0
DA:118,0
DA:120,0
DA:121,0
DA:122,0
DA:123,0
DA:124,0
DA:129,0
DA:130,0
DA:137,0
DA:146,0
DA:151,2
DA:152,2
DA:153,2
DA:154,0
DA:155,0
DA:157,2
DA:160,2
DA:170,0
DA:175,2
DA:176,2
DA:177,2
DA:178,0
DA:179,0
DA:182,2
DA:183,2
DA:184,2
DA:185,2
DA:186,2
DA:188,2
DA:190,2
DA:191,2
DA:193,0
DA:198,0
DA:199,0
DA:200,0
DA:201,0
DA:202,0
DA:204,0
DA:208,0
DA:209,0
DA:212,0
DA:215,0
DA:216,0
DA:226,0
DA:231,0
DA:232,0
DA:233,0
DA:234,0
DA:235,0
DA:237,0
DA:238,0
DA:240,0
DA:241,0
DA:242,0
DA:250,0
DA:251,0
DA:252,0
DA:253,0
DA:255,0
DA:257,0
DA:258,0
DA:260,0
DA:265,0
DA:266,0
DA:267,0
DA:268,0
DA:269,0
DA:271,0
DA:272,0
DA:273,0
DA:274,0
DA:276,0
DA:280,60
LF:121
LH:46
BRDA:29,0,0,0
BRDA:30,1,0,10
BRDA:30,1,1,7
BRDA:37,2,0,0
BRDA:37,2,1,4
BRDA:45,3,0,0
BRDA:46,4,0,4
BRDA:46,4,1,0
BRDA:47,5,0,0
BRDA:47,5,1,0
BRDA:47,6,0,0
BRDA:47,6,1,0
BRDA:47,6,2,0
BRDA:50,7,0,0
BRDA:50,7,1,0
BRDA:50,8,0,0
BRDA:50,8,1,0
BRDA:53,9,0,0
BRDA:53,9,1,0
BRDA:59,10,0,0
BRDA:60,11,0,2
BRDA:60,11,1,0
BRDA:61,12,0,0
BRDA:61,12,1,2
BRDA:62,13,0,0
BRDA:62,13,1,2
BRDA:62,14,0,2
BRDA:62,14,1,0
BRDA:63,15,0,0
BRDA:63,15,1,0
BRDA:68,16,0,0
BRDA:68,17,0,0
BRDA:70,18,0,2
BRDA:70,18,1,0
BRDA:71,19,0,2
BRDA:71,19,1,0
BRDA:74,20,0,2
BRDA:74,20,1,0
BRDA:77,21,0,2
BRDA:77,21,1,0
BRDA:83,22,0,2
BRDA:83,22,1,0
BRDA:84,23,0,2
BRDA:84,23,1,0
BRDA:90,24,0,2
BRDA:90,24,1,0
BRDA:91,25,0,2
BRDA:91,25,1,2
BRDA:91,26,0,2
BRDA:91,26,1,0
BRDA:94,27,0,2
BRDA:94,27,1,0
BRDA:103,28,0,0
BRDA:103,28,1,2
BRDA:103,29,0,2
BRDA:103,29,1,0
BRDA:107,30,0,0
BRDA:107,30,1,0
BRDA:116,31,0,0
BRDA:116,31,1,0
BRDA:121,32,0,0
BRDA:121,32,1,0
BRDA:123,33,0,0
BRDA:123,33,1,0
BRDA:129,34,0,0
BRDA:129,34,1,0
BRDA:143,35,0,0
BRDA:143,35,1,0
BRDA:153,36,0,0
BRDA:153,36,1,2
BRDA:157,37,0,2
BRDA:157,37,1,0
BRDA:177,38,0,0
BRDA:177,38,1,2
BRDA:185,39,0,2
BRDA:185,39,1,0
BRDA:200,40,0,0
BRDA:200,40,1,0
BRDA:208,41,0,0
BRDA:208,41,1,0
BRDA:209,42,0,0
BRDA:209,42,1,0
BRDA:212,43,0,0
BRDA:212,43,1,0
BRDA:233,44,0,0
BRDA:233,44,1,0
BRDA:238,45,0,0
BRDA:238,45,1,0
BRDA:241,46,0,0
BRDA:241,46,1,0
BRDA:252,47,0,0
BRDA:252,47,1,0
BRDA:267,48,0,0
BRDA:267,48,1,0
BRDA:272,49,0,0
BRDA:272,49,1,0
BRF:96
BRH:25
end_of_record
TN:
SF:controllers\admin\customPostTypeController.js
FN:8,sanitizeText
FN:12,boolField
FN:17,payloadFromBody
FN:37,index
FN:63,create
FN:75,store
FN:91,edit
FN:105,update
FN:123,destroy
FNF:9
FNH:7
FNDA:3,sanitizeText
FNDA:10,boolField
FNDA:1,payloadFromBody
FNDA:2,index
FNDA:1,create
FNDA:1,store
FNDA:1,edit
FNDA:0,update
FNDA:0,destroy
DA:1,60
DA:2,60
DA:3,60
DA:4,60
DA:5,60
DA:6,60
DA:9,3
DA:13,10
DA:14,5
DA:18,1
DA:38,2
DA:39,2
DA:40,0
DA:41,0
DA:43,2
DA:44,2
DA:45,2
DA:46,2
DA:52,2
DA:59,0
DA:64,1
DA:65,1
DA:66,0
DA:67,0
DA:69,1
DA:71,0
DA:76,1
DA:77,1
DA:78,0
DA:79,0
DA:81,1
DA:82,1
DA:83,1
DA:84,1
DA:85,1
DA:87,0
DA:92,1
DA:93,1
DA:94,0
DA:95,0
DA:97,1
DA:98,1
DA:99,1
DA:101,0
DA:106,0
DA:107,0
DA:108,0
DA:109,0
DA:111,0
DA:112,0
DA:113,0
DA:114,0
DA:115,0
DA:116,0
DA:117,0
DA:119,0
DA:124,0
DA:125,0
DA:126,0
DA:127,0
DA:129,0
DA:130,0
DA:131,0
DA:132,0
DA:133,0
DA:134,0
DA:136,0
DA:137,0
DA:138,0
DA:140,0
DA:144,60
LF:71
LH:33
BRDA:8,0,0,0
BRDA:9,1,0,3
BRDA:9,1,1,1
BRDA:12,2,0,9
BRDA:13,3,0,5
BRDA:13,3,1,5
BRDA:14,4,0,5
BRDA:14,4,1,0
BRDA:14,4,2,0
BRDA:17,5,0,1
BRDA:21,6,0,1
BRDA:21,6,1,1
BRDA:32,7,0,0
BRDA:32,7,1,1
BRDA:33,8,0,1
BRDA:33,8,1,0
BRDA:39,9,0,0
BRDA:39,9,1,2
BRDA:44,10,0,2
BRDA:44,10,1,2
BRDA:45,11,0,0
BRDA:45,11,1,2
BRDA:65,12,0,0
BRDA:65,12,1,1
BRDA:77,13,0,0
BRDA:77,13,1,1
BRDA:82,14,0,1
BRDA:82,14,1,0
BRDA:93,15,0,0
BRDA:93,15,1,1
BRDA:98,16,0,0
BRDA:98,16,1,1
BRDA:107,17,0,0
BRDA:107,17,1,0
BRDA:112,18,0,0
BRDA:112,18,1,0
BRDA:114,19,0,0
BRDA:114,19,1,0
BRDA:125,20,0,0
BRDA:125,20,1,0
BRDA:130,21,0,0
BRDA:130,21,1,0
BRDA:132,22,0,0
BRDA:132,22,1,0
BRF:44
BRH:20
end_of_record
TN:
SF:controllers\admin\dashboardController.js
FN:19,dashboard
FN:89,quickDraft
FNF:2
FNH:2
FNDA:11,dashboard
FNDA:1,quickDraft
DA:1,60
DA:2,60
DA:15,60
DA:16,60
DA:17,60
DA:20,11
DA:21,11
DA:39,11
DA:58,11
DA:59,11
DA:60,11
DA:61,11
DA:63,0
DA:66,11
DA:85,0
DA:90,1
DA:91,1
DA:92,1
DA:93,1
DA:94,0
DA:95,0
DA:97,1
DA:98,1
DA:107,1
DA:108,1
DA:110,0
DA:114,60
LF:27
LH:22
BRDA:77,0,0,11
BRDA:77,0,1,0
BRDA:80,1,0,11
BRDA:80,1,1,0
BRDA:81,2,0,11
BRDA:81,2,1,0
BRDA:91,3,0,1
BRDA:91,3,1,0
BRDA:92,4,0,1
BRDA:92,4,1,0
BRDA:93,5,0,0
BRDA:93,5,1,1
BRDA:102,6,0,1
BRDA:102,6,1,0
BRF:14
BRH:7
end_of_record
TN:
SF:controllers\admin\fieldGroupController.js
FN:7,sanitizeText
FN:16,index
FN:32,create
FN:51,store
FN:75,edit
FN:98,update
FN:123,destroy
FN:138,syncFields
FNF:8
FNH:5
FNDA:3,sanitizeText
FNDA:1,index
FNDA:1,create
FNDA:1,store
FNDA:0,edit
FNDA:0,update
FNDA:0,destroy
FNDA:1,syncFields
DA:1,60
DA:2,60
DA:3,60
DA:4,60
DA:5,60
DA:8,3
DA:11,60
DA:17,1
DA:18,1
DA:19,0
DA:20,0
DA:22,1
DA:26,1
DA:28,0
DA:33,1
DA:34,1
DA:35,0
DA:36,0
DA:38,1
DA:39,1
DA:47,0
DA:52,1
DA:53,1
DA:54,0
DA:55,0
DA:57,1
DA:58,1
DA:67,1
DA:68,1
DA:69,1
DA:71,0
DA:76,0
DA:77,0
DA:78,0
DA:79,0
DA:81,0
DA:84,0
DA:85,0
DA:86,0
DA:94,0
DA:99,0
DA:100,0
DA:101,0
DA:102,0
DA:104,0
DA:105,0
DA:106,0
DA:115,0
DA:116,0
DA:117,0
DA:119,0
DA:124,0
DA:125,0
DA:126,0
DA:127,0
DA:129,0
DA:130,0
DA:131,0
DA:132,0
DA:134,0
DA:139,1
DA:140,1
DA:141,1
DA:142,1
DA:143,1
DA:144,1
DA:145,1
DA:147,1
DA:148,0
DA:149,0
DA:150,0
DA:151,0
DA:160,0
DA:161,0
DA:162,0
DA:163,0
DA:164,0
DA:165,0
DA:168,0
DA:169,0
DA:172,1
DA:177,60
LF:82
LH:32
BRDA:7,0,0,0
BRDA:8,1,0,3
BRDA:8,1,1,1
BRDA:18,2,0,0
BRDA:18,2,1,1
BRDA:34,3,0,0
BRDA:34,3,1,1
BRDA:53,4,0,0
BRDA:53,4,1,1
BRDA:57,5,0,1
BRDA:57,5,1,0
BRDA:62,6,0,1
BRDA:62,6,1,0
BRDA:64,7,0,1
BRDA:64,7,1,1
BRDA:65,8,0,0
BRDA:65,8,1,1
BRDA:77,9,0,0
BRDA:77,9,1,0
BRDA:84,10,0,0
BRDA:84,10,1,0
BRDA:89,11,0,0
BRDA:89,11,1,0
BRDA:100,12,0,0
BRDA:100,12,1,0
BRDA:105,13,0,0
BRDA:105,13,1,0
BRDA:108,14,0,0
BRDA:108,14,1,0
BRDA:110,15,0,0
BRDA:110,15,1,0
BRDA:112,16,0,0
BRDA:112,16,1,0
BRDA:113,17,0,0
BRDA:113,17,1,0
BRDA:125,18,0,0
BRDA:125,18,1,0
BRDA:130,19,0,0
BRDA:130,19,1,0
BRDA:139,20,0,1
BRDA:139,20,1,1
BRDA:140,21,0,1
BRDA:140,21,1,1
BRDA:141,22,0,1
BRDA:141,22,1,1
BRDA:142,23,0,1
BRDA:142,23,1,1
BRDA:143,24,0,1
BRDA:143,24,1,1
BRDA:144,25,0,1
BRDA:144,25,1,1
BRDA:149,26,0,0
BRDA:149,26,1,0
BRDA:150,27,0,0
BRDA:150,27,1,0
BRDA:150,28,0,0
BRDA:150,28,1,0
BRDA:154,29,0,0
BRDA:154,29,1,0
BRDA:155,30,0,0
BRDA:155,30,1,0
BRDA:160,31,0,0
BRDA:160,31,1,0
BRDA:162,32,0,0
BRDA:162,32,1,0
BRDA:173,33,0,0
BRDA:173,33,1,1
BRF:67
BRH:23
end_of_record
TN:
SF:controllers\admin\importExportController.js
FN:8,exportForm
FN:20,exportDownload
FN:34,importForm
FN:47,importPreview
FN:58,(anonymous_4)
FN:70,importRun
FNF:6
FNH:4
FNDA:0,exportForm
FNDA:1,exportDownload
FNDA:1,importForm
FNDA:1,importPreview
FNDA:1,(anonymous_4)
FNDA:0,importRun
DA:1,60
DA:2,60
DA:3,60
DA:4,60
DA:5,60
DA:6,60
DA:9,0
DA:10,0
DA:11,0
DA:12,0
DA:14,0
DA:16,0
DA:21,1
DA:22,1
DA:23,0
DA:25,1
DA:26,1
DA:27,1
DA:28,1
DA:30,0
DA:35,1
DA:36,1
DA:37,0
DA:38,0
DA:40,1
DA:41,1
DA:43,0
DA:48,1
DA:49,1
DA:50,0
DA:51,0
DA:53,1
DA:54,0
DA:55,0
DA:57,1
DA:58,1
DA:59,1
DA:60,1
DA:61,1
DA:62,1
DA:63,1
DA:65,0
DA:66,0
DA:71,0
DA:72,0
DA:73,0
DA:74,0
DA:76,0
DA:77,0
DA:78,0
DA:79,0
DA:81,0
DA:82,0
DA:83,0
DA:84,0
DA:85,0
DA:87,0
DA:88,0
DA:92,60
LF:59
LH:27
BRDA:10,0,0,0
BRDA:10,0,1,0
BRDA:22,1,0,0
BRDA:22,1,1,1
BRDA:36,2,0,0
BRDA:36,2,1,1
BRDA:49,3,0,0
BRDA:49,3,1,1
BRDA:53,4,0,0
BRDA:53,4,1,1
BRDA:72,5,0,0
BRDA:72,5,1,0
BRDA:77,6,0,0
BRDA:77,6,1,0
BRDA:84,7,0,0
BRDA:84,7,1,0
BRF:16
BRH:4
end_of_record
TN:
SF:controllers\admin\mediaController.js
FN:7,index
FN:21,upload
FN:46,edit
FN:60,update
FN:96,destroy
FN:114,uploadJson
FNF:6
FNH:6
FNDA:5,index
FNDA:1,upload
FNDA:3,edit
FNDA:1,update
FNDA:1,destroy
FNDA:1,uploadJson
DA:1,60
DA:2,60
DA:3,60
DA:4,60
DA:5,60
DA:8,5
DA:9,5
DA:10,5
DA:11,5
DA:12,0
DA:14,5
DA:15,5
DA:17,0
DA:22,1
DA:23,1
DA:24,1
DA:25,1
DA:26,1
DA:30,1
DA:31,1
DA:32,1
DA:33,1
DA:35,1
DA:36,0
DA:37,0
DA:39,1
DA:40,1
DA:42,0
DA:47,3
DA:48,3
DA:49,3
DA:50,3
DA:51,1
DA:52,1
DA:54,2
DA:56,0
DA:61,1
DA:62,1
DA:63,1
DA:64,1
DA:65,0
DA:66,0
DA:68,1
DA:73,1
DA:74,0
DA:78,0
DA:79,0
DA:80,0
DA:82,0
DA:83,0
DA:85,1
DA:86,1
DA:87,0
DA:89,1
DA:90,1
DA:92,0
DA:97,1
DA:98,1
DA:99,1
DA:100,1
DA:101,1
DA:103,0
DA:104,0
DA:105,0
DA:107,0
DA:108,0
DA:110,0
DA:115,1
DA:116,1
DA:117,1
DA:119,1
DA:123,1
DA:125,1
DA:126,1
DA:128,1
DA:136,0
DA:140,60
LF:77
LH:54
BRDA:11,0,0,0
BRDA:11,0,1,5
BRDA:11,1,0,5
BRDA:11,1,1,0
BRDA:23,2,0,1
BRDA:23,2,1,0
BRDA:23,3,0,0
BRDA:23,3,1,0
BRDA:30,4,0,0
BRDA:30,4,1,1
BRDA:35,5,0,0
BRDA:35,5,1,1
BRDA:35,6,0,1
BRDA:35,6,1,0
BRDA:39,7,0,1
BRDA:39,7,1,0
BRDA:49,8,0,0
BRDA:49,8,1,3
BRDA:50,9,0,1
BRDA:50,9,1,2
BRDA:63,10,0,0
BRDA:63,10,1,1
BRDA:64,11,0,0
BRDA:64,11,1,1
BRDA:73,12,0,0
BRDA:73,12,1,1
BRDA:78,13,0,0
BRDA:78,13,1,0
BRDA:86,14,0,0
BRDA:86,14,1,1
BRDA:99,15,0,1
BRDA:99,15,1,0
BRDA:99,16,0,1
BRDA:99,16,1,1
BRDA:103,17,0,0
BRDA:103,17,1,0
BRDA:117,18,0,0
BRDA:117,18,1,1
BRDA:123,19,0,0
BRDA:123,19,1,1
BRF:40
BRH:19
end_of_record
TN:
SF:controllers\admin\networkController.js
FN:6,index
FN:26,create
FN:38,store
FNF:3
FNH:3
FNDA:2,index
FNDA:1,create
FNDA:1,store
DA:1,60
DA:2,60
DA:3,60
DA:4,60
DA:7,2
DA:8,2
DA:9,1
DA:10,1
DA:12,1
DA:13,0
DA:14,0
DA:16,1
DA:20,1
DA:22,0
DA:27,1
DA:28,1
DA:29,0
DA:30,0
DA:32,1
DA:34,0
DA:39,1
DA:40,1
DA:41,0
DA:42,0
DA:44,1
DA:45,1
DA:53,1
DA:54,1
DA:56,1
DA:57,1
DA:59,0
DA:63,60
LF:32
LH:23
BRDA:8,0,0,1
BRDA:8,0,1,1
BRDA:12,1,0,0
BRDA:12,1,1,1
BRDA:28,2,0,0
BRDA:28,2,1,1
BRDA:28,3,0,1
BRDA:28,3,1,1
BRDA:40,4,0,0
BRDA:40,4,1,1
BRDA:40,5,0,1
BRDA:40,5,1,1
BRDA:44,6,0,1
BRDA:44,6,1,0
BRDA:48,7,0,1
BRDA:48,7,1,0
BRDA:49,8,0,1
BRDA:49,8,1,0
BRDA:53,9,0,1
BRDA:53,9,1,0
BRF:20
BRH:13
end_of_record
TN:
SF:controllers\admin\pluginController.js
FN:8,show
FN:22,(anonymous_1)
FN:23,(anonymous_2)
FN:23,(anonymous_3)
FN:44,runMigrations
FN:61,index
FN:82,upload
FN:104,activate
FN:116,deactivate
FN:126,uninstall
FN:149,settings
FN:159,(anonymous_11)
FN:181,updateSettings
FNF:13
FNH:12
FNDA:2,show
FNDA:1,(anonymous_1)
FNDA:1,(anonymous_2)
FNDA:0,(anonymous_3)
FNDA:1,runMigrations
FNDA:9,index
FNDA:2,upload
FNDA:2,activate
FNDA:2,deactivate
FNDA:2,uninstall
FNDA:2,settings
FNDA:14,(anonymous_11)
FNDA:1,updateSettings
DA:1,60
DA:2,60
DA:3,60
DA:4,60
DA:5,60
DA:6,60
DA:9,2
DA:10,2
DA:17,2
DA:19,2
DA:20,2
DA:21,2
DA:22,1
DA:23,1
DA:25,2
DA:26,2
DA:27,2
DA:29,2
DA:40,0
DA:45,1
DA:46,1
DA:47,1
DA:48,1
DA:49,0
DA:50,0
DA:52,1
DA:53,1
DA:54,1
DA:56,0
DA:57,0
DA:62,9
DA:63,9
DA:64,9
DA:69,9
DA:70,9
DA:78,0
DA:83,2
DA:84,2
DA:85,0
DA:86,0
DA:88,2
DA:89,2
DA:90,2
DA:91,2
DA:92,2
DA:93,2
DA:94,2
DA:96,2
DA:97,2
DA:99,0
DA:100,0
DA:105,2
DA:106,2
DA:107,2
DA:108,2
DA:109,2
DA:111,0
DA:112,0
DA:117,2
DA:118,2
DA:119,2
DA:120,2
DA:122,0
DA:127,2
DA:128,2
DA:129,2
DA:130,0
DA:131,0
DA:133,2
DA:134,1
DA:135,1
DA:137,1
DA:138,1
DA:139,1
DA:140,1
DA:141,1
DA:142,1
DA:143,1
DA:145,0
DA:150,2
DA:151,2
DA:155,2
DA:157,2
DA:158,2
DA:159,14
DA:160,2
DA:161,2
DA:162,2
DA:169,2
DA:177,0
DA:182,1
DA:183,1
DA:184,1
DA:186,1
DA:187,1
DA:188,1
DA:195,1
DA:196,2
DA:198,2
DA:199,0
DA:201,2
DA:202,2
DA:203,0
DA:205,0
DA:213,1
DA:214,1
DA:215,1
DA:217,0
DA:221,60
LF:109
LH:88
BRDA:17,0,0,0
BRDA:17,0,1,2
BRDA:21,1,0,1
BRDA:21,1,1,1
BRDA:23,2,0,1
BRDA:23,2,1,0
BRDA:27,3,0,2
BRDA:27,3,1,2
BRDA:36,4,0,2
BRDA:36,4,1,2
BRDA:48,5,0,0
BRDA:48,5,1,1
BRDA:53,6,0,1
BRDA:53,6,1,0
BRDA:56,7,0,0
BRDA:56,7,1,0
BRDA:84,8,0,0
BRDA:84,8,1,2
BRDA:93,9,0,2
BRDA:93,9,1,0
BRDA:99,10,0,0
BRDA:99,10,1,0
BRDA:111,11,0,0
BRDA:111,11,1,0
BRDA:129,12,0,0
BRDA:129,12,1,2
BRDA:133,13,0,1
BRDA:133,13,1,1
BRDA:155,14,0,0
BRDA:155,14,1,2
BRDA:157,15,0,2
BRDA:157,15,1,0
BRDA:159,16,0,2
BRDA:159,16,1,0
BRDA:161,17,0,2
BRDA:161,17,1,2
BRDA:162,18,0,0
BRDA:162,18,1,2
BRDA:184,19,0,0
BRDA:184,19,1,1
BRDA:186,20,0,1
BRDA:186,20,1,0
BRDA:187,21,0,1
BRDA:187,21,1,1
BRDA:188,22,0,0
BRDA:188,22,1,1
BRDA:196,23,0,0
BRDA:196,23,1,2
BRDA:198,24,0,0
BRDA:198,24,1,2
BRDA:199,25,0,0
BRDA:199,25,1,0
BRDA:202,26,0,2
BRDA:202,26,1,0
BRDA:203,27,0,0
BRDA:203,27,1,0
BRDA:208,28,0,0
BRDA:208,28,1,0
BRDA:209,29,0,0
BRDA:209,29,1,0
BRDA:213,30,0,0
BRDA:213,30,1,1
BRF:62
BRH:30
end_of_record
TN:
SF:controllers\admin\revisionController.js
FN:5,index
FN:29,restore
FN:65,compare
FNF:3
FNH:2
FNDA:2,index
FNDA:1,restore
FNDA:0,compare
DA:1,60
DA:2,60
DA:3,60
DA:6,2
DA:7,2
DA:8,0
DA:9,0
DA:11,2
DA:12,2
DA:13,2
DA:14,0
DA:15,0
DA:17,2
DA:18,2
DA:25,0
DA:30,1
DA:31,1
DA:32,0
DA:33,0
DA:35,1
DA:36,1
DA:38,1
DA:39,1
DA:40,1
DA:41,1
DA:48,0
DA:49,0
DA:50,0
DA:51,0
DA:58,1
DA:59,1
DA:61,0
DA:66,0
DA:67,0
DA:68,0
DA:69,0
DA:71,0
DA:72,0
DA:73,0
DA:74,0
DA:75,0
DA:77,0
DA:85,0
DA:89,60
LF:44
LH:21
BRDA:7,0,0,0
BRDA:7,0,1,2
BRDA:11,1,0,2
BRDA:11,1,1,0
BRDA:13,2,0,0
BRDA:13,2,1,2
BRDA:31,3,0,0
BRDA:31,3,1,1
BRDA:36,4,0,0
BRDA:36,4,1,1
BRDA:38,5,0,1
BRDA:38,5,1,0
BRDA:38,6,0,1
BRDA:38,6,1,1
BRDA:40,7,0,1
BRDA:40,7,1,0
BRDA:42,8,0,1
BRDA:42,8,1,0
BRDA:43,9,0,1
BRDA:43,9,1,0
BRDA:44,10,0,1
BRDA:44,10,1,0
BRDA:45,11,0,1
BRDA:45,11,1,1
BRDA:48,12,0,0
BRDA:48,12,1,0
BRDA:50,13,0,0
BRDA:50,13,1,0
BRDA:52,14,0,0
BRDA:52,14,1,0
BRDA:53,15,0,0
BRDA:53,15,1,0
BRDA:67,16,0,0
BRDA:67,16,1,0
BRDA:73,17,0,0
BRDA:73,17,1,0
BRDA:73,18,0,0
BRDA:73,18,1,0
BRF:38
BRH:14
end_of_record
TN:
SF:controllers\admin\securityController.js
FN:24,index
FN:38,updateSettings
FN:57,blockIp
FN:70,unblockIp
FN:81,backupDatabase
FNF:5
FNH:4
FNDA:4,index
FNDA:1,updateSettings
FNDA:1,blockIp
FNDA:1,unblockIp
FNDA:0,backupDatabase
DA:1,60
DA:2,60
DA:3,60
DA:5,60
DA:16,60
DA:25,4
DA:26,4
DA:32,4
DA:34,0
DA:39,1
DA:40,1
DA:41,8
DA:43,1
DA:44,5
DA:45,5
DA:46,0
DA:47,0
DA:49,1
DA:50,1
DA:51,1
DA:53,0
DA:58,1
DA:59,1
DA:63,1
DA:64,1
DA:66,0
DA:71,1
DA:72,1
DA:73,1
DA:74,1
DA:75,1
DA:77,0
DA:82,0
DA:83,0
DA:85,0
DA:94,0
DA:95,0
DA:97,0
DA:98,0
DA:102,60
LF:40
LH:27
BRDA:41,0,0,4
BRDA:41,0,1,4
BRDA:44,1,0,5
BRDA:44,1,1,5
BRDA:45,2,0,5
BRDA:45,2,1,0
BRDA:46,3,0,0
BRDA:46,3,1,0
BRDA:73,4,0,1
BRDA:73,4,1,0
BRF:10
BRH:6
end_of_record
TN:
SF:controllers\admin\settingsController.js
FN:6,settings
FN:20,(anonymous_1)
FN:43,updateSettings
FN:77,mediaGallery
FN:86,(anonymous_4)
FNF:5
FNH:5
FNDA:3,settings
FNDA:105,(anonymous_1)
FNDA:2,updateSettings
FNDA:1,mediaGallery
FNDA:10,(anonymous_4)
DA:1,60
DA:2,60
DA:3,60
DA:4,60
DA:7,3
DA:8,3
DA:9,3
DA:10,3
DA:11,105
DA:12,3
DA:13,3
DA:14,0
DA:15,0
DA:19,3
DA:20,3
DA:21,105
DA:22,105
DA:23,105
DA:25,3
DA:34,0
DA:38,60
DA:44,2
DA:45,2
DA:46,4
DA:47,4
DA:52,4
DA:59,2
DA:60,4
DA:61,3
DA:63,3
DA:64,3
DA:70,2
DA:71,2
DA:73,0
DA:78,1
DA:79,1
DA:80,1
DA:85,1
DA:86,10
DA:98,0
DA:102,60
LF:41
LH:36
BRDA:11,0,0,3
BRDA:11,0,1,102
BRDA:11,1,0,105
BRDA:11,1,1,6
BRDA:13,2,0,0
BRDA:13,2,1,3
BRDA:21,3,0,105
BRDA:21,3,1,0
BRDA:22,4,0,21
BRDA:22,4,1,84
BRDA:60,5,0,1
BRDA:60,5,1,3
BRDA:60,6,0,4
BRDA:60,6,1,3
BRDA:60,6,2,3
BRDA:60,6,3,3
BRDA:61,7,0,0
BRDA:61,7,1,3
BRDA:63,8,0,0
BRDA:63,8,1,3
BRDA:79,9,0,1
BRDA:79,9,1,0
BRF:22
BRH:17
end_of_record
TN:
SF:controllers\admin\templateController.js
FN:6,index
FN:20,edit
FN:34,update
FN:59,createDefault
FN:70,(anonymous_4)
FNF:5
FNH:5
FNDA:3,index
FNDA:3,edit
FNDA:2,update
FNDA:1,createDefault
FNDA:7,(anonymous_4)
DA:1,60
DA:2,60
DA:3,60
DA:4,60
DA:7,3
DA:8,3
DA:9,0
DA:10,0
DA:12,3
DA:13,3
DA:14,3
DA:16,0
DA:21,3
DA:22,3
DA:23,0
DA:24,0
DA:26,3
DA:27,3
DA:28,3
DA:30,0
DA:35,2
DA:36,2
DA:37,0
DA:38,0
DA:40,2
DA:41,2
DA:42,2
DA:43,2
DA:44,1
DA:45,1
DA:47,1
DA:52,1
DA:53,1
DA:55,0
DA:60,1
DA:61,1
DA:62,0
DA:63,0
DA:65,1
DA:66,1
DA:67,6
DA:70,7
DA:79,1
DA:80,1
DA:82,0
DA:86,60
LF:46
LH:34
BRDA:8,0,0,0
BRDA:8,0,1,3
BRDA:22,1,0,0
BRDA:22,1,1,3
BRDA:27,2,0,0
BRDA:27,2,1,3
BRDA:36,3,0,0
BRDA:36,3,1,2
BRDA:41,4,0,0
BRDA:41,4,1,2
BRDA:42,5,0,2
BRDA:42,5,1,0
BRDA:43,6,0,1
BRDA:43,6,1,1
BRDA:48,7,0,1
BRDA:48,7,1,0
BRDA:50,8,0,0
BRDA:50,8,1,1
BRDA:61,9,0,0
BRDA:61,9,1,1
BRF:20
BRH:11
end_of_record
TN:
SF:controllers\admin\themeController.js
FN:10,clampLogoDimension
FN:16,normalizeLogoPlacement
FN:21,enrichThemeRow
FN:32,index
FN:40,(anonymous_4)
FN:44,(anonymous_5)
FN:45,(anonymous_6)
FN:60,show
FN:78,activate
FN:89,customize
FN:110,updateSettings
FN:148,previewDraft
FN:176,resetSettings
FN:187,upload
FN:202,uninstall
FN:228,previewTheme
FN:232,previewThemeLive
FNF:17
FNH:17
FNDA:4,clampLogoDimension
FNDA:2,normalizeLogoPlacement
FNDA:119,enrichThemeRow
FNDA:10,index
FNDA:118,(anonymous_4)
FNDA:33,(anonymous_5)
FNDA:118,(anonymous_6)
FNDA:1,show
FNDA:2,activate
FNDA:5,customize
FNDA:1,updateSettings
FNDA:1,previewDraft
FNDA:1,resetSettings
FNDA:3,upload
FNDA:4,uninstall
FNDA:1,previewTheme
FNDA:1,previewThemeLive
DA:1,60
DA:2,60
DA:3,60
DA:4,60
DA:5,60
DA:6,60
DA:7,60
DA:8,60
DA:11,4
DA:12,4
DA:13,0
DA:17,2
DA:18,2
DA:22,119
DA:23,119
DA:24,119
DA:33,10
DA:34,10
DA:35,10
DA:39,10
DA:40,10
DA:41,118
DA:42,118
DA:44,33
DA:45,118
DA:46,10
DA:56,0
DA:61,1
DA:62,1
DA:63,1
DA:64,1
DA:66,1
DA:67,1
DA:74,0
DA:79,2
DA:80,2
DA:81,2
DA:82,2
DA:84,0
DA:85,0
DA:90,5
DA:91,5
DA:92,5
DA:96,5
DA:97,5
DA:106,0
DA:111,1
DA:112,1
DA:116,1
DA:120,1
DA:140,1
DA:141,1
DA:142,1
DA:144,0
DA:149,1
DA:150,1
DA:170,1
DA:172,0
DA:177,1
DA:178,1
DA:179,1
DA:180,1
DA:181,1
DA:183,0
DA:188,3
DA:189,3
DA:190,0
DA:191,0
DA:193,3
DA:194,3
DA:195,3
DA:197,0
DA:198,0
DA:203,4
DA:204,4
DA:205,4
DA:206,1
DA:207,1
DA:209,3
DA:210,1
DA:211,1
DA:213,2
DA:214,2
DA:215,0
DA:216,0
DA:218,2
DA:219,2
DA:220,2
DA:221,2
DA:222,2
DA:224,0
DA:229,1
DA:233,1
DA:234,1
DA:235,1
DA:236,1
DA:237,0
DA:238,0
DA:240,1
DA:242,0
DA:246,60
LF:101
LH:82
BRDA:12,0,0,4
BRDA:12,0,1,0
BRDA:18,1,0,0
BRDA:18,1,1,2
BRDA:22,2,0,119
BRDA:22,2,1,0
BRDA:23,3,0,119
BRDA:23,3,1,0
BRDA:23,3,2,0
BRDA:26,4,0,119
BRDA:26,4,1,8
BRDA:26,4,2,0
BRDA:27,5,0,119
BRDA:27,5,1,119
BRDA:28,6,0,119
BRDA:28,6,1,119
BRDA:44,7,0,10
BRDA:44,7,1,2
BRDA:51,8,0,10
BRDA:51,8,1,1
BRDA:64,9,0,0
BRDA:64,9,1,1
BRDA:71,10,0,1
BRDA:71,10,1,0
BRDA:84,11,0,0
BRDA:84,11,1,0
BRDA:96,12,0,5
BRDA:96,12,1,0
BRDA:102,13,0,5
BRDA:102,13,1,1
BRDA:103,14,0,5
BRDA:103,14,1,1
BRDA:137,15,0,1
BRDA:137,15,1,1
BRDA:138,16,0,1
BRDA:138,16,1,1
BRDA:161,17,0,1
BRDA:161,17,1,1
BRDA:162,18,0,1
BRDA:162,18,1,1
BRDA:166,19,0,1
BRDA:166,19,1,1
BRDA:167,20,0,1
BRDA:167,20,1,1
BRDA:168,21,0,1
BRDA:168,21,1,1
BRDA:189,22,0,0
BRDA:189,22,1,3
BRDA:197,23,0,0
BRDA:197,23,1,0
BRDA:205,24,0,1
BRDA:205,24,1,3
BRDA:209,25,0,1
BRDA:209,25,1,2
BRDA:214,26,0,0
BRDA:214,26,1,2
BRDA:236,27,0,0
BRDA:236,27,1,1
BRF:58
BRH:42
end_of_record
TN:
SF:controllers\admin\toolsController.js
FN:4,siteHealth
FN:17,index
FNF:2
FNH:1
FNDA:0,siteHealth
FNDA:1,index
DA:1,60
DA:2,60
DA:5,0
DA:6,0
DA:7,0
DA:8,0
DA:10,0
DA:11,0
DA:13,0
DA:18,1
DA:19,1
DA:20,0
DA:21,0
DA:23,1
DA:25,0
DA:29,60
LF:16
LH:6
BRDA:6,0,0,0
BRDA:6,0,1,0
BRDA:19,1,0,0
BRDA:19,1,1,1
BRF:4
BRH:1
end_of_record
TN:
SF:controllers\admin\updateController.js
FN:6,index
FN:25,check
FNF:2
FNH:1
FNDA:1,index
FNDA:0,check
DA:1,60
DA:2,60
DA:3,60
DA:4,60
DA:7,1
DA:8,1
DA:9,0
DA:10,0
DA:12,1
DA:13,1
DA:14,1
DA:21,0
DA:26,0
DA:27,0
DA:28,0
DA:29,0
DA:31,0
DA:32,0
DA:33,0
DA:35,0
DA:39,60
LF:21
LH:10
BRDA:8,0,0,0
BRDA:8,0,1,1
BRDA:27,1,0,0
BRDA:27,1,1,0
BRF:4
BRH:1
end_of_record
TN:
SF:controllers\admin\widgetController.js
FN:5,index
FN:21,editArea
FN:42,addWidget
FN:66,deleteWidget
FNF:4
FNH:1
FNDA:1,index
FNDA:0,editArea
FNDA:0,addWidget
FNDA:0,deleteWidget
DA:1,60
DA:2,60
DA:3,60
DA:6,1
DA:7,1
DA:8,0
DA:9,0
DA:11,1
DA:15,1
DA:17,0
DA:22,0
DA:23,0
DA:24,0
DA:25,0
DA:27,0
DA:31,0
DA:32,0
DA:38,0
DA:43,0
DA:44,0
DA:45,0
DA:46,0
DA:48,0
DA:49,0
DA:50,0
DA:51,0
DA:59,0
DA:60,0
DA:62,0
DA:67,0
DA:68,0
DA:69,0
DA:70,0
DA:72,0
DA:73,0
DA:74,0
DA:75,0
DA:76,0
DA:78,0
DA:82,60
LF:40
LH:8
BRDA:7,0,0,0
BRDA:7,0,1,1
BRDA:23,1,0,0
BRDA:23,1,1,0
BRDA:31,2,0,0
BRDA:31,2,1,0
BRDA:44,3,0,0
BRDA:44,3,1,0
BRDA:49,4,0,0
BRDA:49,4,1,0
BRDA:50,5,0,0
BRDA:50,5,1,0
BRDA:54,6,0,0
BRDA:54,6,1,0
BRDA:55,7,0,0
BRDA:55,7,1,0
BRDA:55,8,0,0
BRDA:55,8,1,0
BRDA:56,9,0,0
BRDA:56,9,1,0
BRDA:68,10,0,0
BRDA:68,10,1,0
BRDA:73,11,0,0
BRDA:73,11,1,0
BRDA:74,12,0,0
BRDA:74,12,1,0
BRF:26
BRH:1
end_of_record
TN:
SF:controllers\public\customContentController.js
FN:8,archive
FN:40,single
FNF:2
FNH:2
FNDA:2,archive
FNDA:2,single
DA:1,60
DA:2,60
DA:3,60
DA:4,60
DA:5,60
DA:6,60
DA:9,2
DA:10,2
DA:13,2
DA:15,1
DA:16,1
DA:24,1
DA:25,1
DA:26,1
DA:27,1
DA:29,1
DA:36,0
DA:41,2
DA:42,2
DA:45,2
DA:47,2
DA:55,2
DA:57,2
DA:59,2
DA:60,2
DA:61,2
DA:63,2
DA:64,2
DA:65,2
DA:68,2
DA:70,2
DA:78,0
DA:82,60
LF:33
LH:31
BRDA:13,0,0,1
BRDA:13,0,1,1
BRDA:27,1,0,0
BRDA:27,1,1,1
BRDA:45,2,0,0
BRDA:45,2,1,2
BRDA:55,3,0,0
BRDA:55,3,1,2
BRDA:64,4,0,2
BRDA:64,4,1,0
BRDA:68,5,0,2
BRDA:68,5,1,0
BRDA:71,6,0,2
BRDA:71,6,1,1
BRF:14
BRH:9
end_of_record
TN:
SF:controllers\public\siteController.js
FN:35,renderTheme
FN:39,translateViewData
FN:71,applyRenderHooks
FN:86,renderPublic
FN:96,postsForCategorySlug
FN:107,home
FN:161,blog
FN:178,loadPostForRender
FN:217,post
FN:239,category
FN:265,tag
FN:291,page
FN:305,search
FN:359,contact
FN:374,submitContact
FN:424,comment
FN:499,sitemap
FN:509,(anonymous_17)
FN:510,(anonymous_18)
FN:514,(anonymous_19)
FN:521,robots
FNF:21
FNH:21
FNDA:31,renderTheme
FNDA:31,translateViewData
FNDA:31,applyRenderHooks
FNDA:31,renderPublic
FNDA:72,postsForCategorySlug
FNDA:18,home
FNDA:1,blog
FNDA:3,loadPostForRender
FNDA:3,post
FNDA:1,category
FNDA:1,tag
FNDA:3,page
FNDA:3,search
FNDA:2,contact
FNDA:1,submitContact
FNDA:1,comment
FNDA:1,sitemap
FNDA:12,(anonymous_17)
FNDA:9,(anonymous_18)
FNDA:23,(anonymous_19)
FNDA:1,robots
DA:1,60
DA:2,60
DA:3,60
DA:16,60
DA:17,60
DA:18,60
DA:19,60
DA:20,60
DA:21,60
DA:31,60
DA:33,60
DA:36,31
DA:40,31
DA:41,31
DA:42,31
DA:44,31
DA:45,31
DA:46,31
DA:47,31
DA:48,31
DA:49,31
DA:50,31
DA:51,31
DA:52,31
DA:53,31
DA:54,31
DA:55,31
DA:56,31
DA:57,31
DA:58,31
DA:59,0
DA:60,0
DA:61,0
DA:62,0
DA:63,0
DA:64,0
DA:68,31
DA:72,31
DA:73,31
DA:74,31
DA:75,5
DA:76,5
DA:77,5
DA:79,31
DA:80,31
DA:81,5
DA:83,31
DA:87,31
DA:88,31
DA:89,31
DA:90,31
DA:91,0
DA:93,31
DA:97,72
DA:98,72
DA:99,72
DA:108,18
DA:119,18
DA:131,18
DA:132,18
DA:134,18
DA:135,18
DA:136,18
DA:138,18
DA:157,0
DA:162,1
DA:163,1
DA:164,1
DA:172,1
DA:174,0
DA:179,3
DA:183,3
DA:184,3
DA:188,3
DA:189,3
DA:190,3
DA:191,3
DA:214,3
DA:218,3
DA:219,3
DA:220,3
DA:221,3
DA:222,3
DA:223,3
DA:235,0
DA:240,1
DA:241,1
DA:242,1
DA:243,1
DA:244,1
DA:252,1
DA:253,1
DA:261,0
DA:266,1
DA:267,1
DA:268,1
DA:269,1
DA:270,1
DA:278,1
DA:279,1
DA:287,0
DA:292,3
DA:293,3
DA:294,3
DA:295,2
DA:301,0
DA:306,3
DA:307,3
DA:308,3
DA:309,3
DA:310,3
DA:311,3
DA:313,3
DA:314,3
DA:330,3
DA:331,3
DA:333,3
DA:346,3
DA:355,0
DA:360,2
DA:361,2
DA:368,2
DA:370,0
DA:375,1
DA:376,1
DA:383,1
DA:384,1
DA:385,0
DA:393,1
DA:400,1
DA:401,1
DA:402,0
DA:410,1
DA:417,1
DA:418,1
DA:420,0
DA:425,1
DA:426,1
DA:427,1
DA:428,0
DA:429,0
DA:432,1
DA:438,1
DA:439,1
DA:440,0
DA:441,0
DA:442,0
DA:443,0
DA:456,1
DA:467,1
DA:468,1
DA:469,0
DA:470,0
DA:471,0
DA:472,0
DA:484,1
DA:485,1
DA:486,1
DA:487,1
DA:488,1
DA:492,1
DA:493,1
DA:495,0
DA:500,1
DA:501,1
DA:505,1
DA:506,1
DA:509,12
DA:510,9
DA:512,1
DA:513,1
DA:514,23
DA:517,0
DA:522,1
DA:525,60
LF:175
LH:145
BRDA:41,0,0,31
BRDA:41,0,1,0
BRDA:44,1,0,3
BRDA:44,1,1,28
BRDA:45,2,0,24
BRDA:45,2,1,7
BRDA:46,3,0,2
BRDA:46,3,1,29
BRDA:47,4,0,3
BRDA:47,4,1,28
BRDA:48,5,0,3
BRDA:48,5,1,28
BRDA:49,6,0,3
BRDA:49,6,1,28
BRDA:50,7,0,2
BRDA:50,7,1,29
BRDA:51,8,0,18
BRDA:51,8,1,13
BRDA:52,9,0,18
BRDA:52,9,1,13
BRDA:53,10,0,18
BRDA:53,10,1,13
BRDA:54,11,0,18
BRDA:54,11,1,13
BRDA:55,12,0,18
BRDA:55,12,1,13
BRDA:56,13,0,18
BRDA:56,13,1,13
BRDA:57,14,0,18
BRDA:57,14,1,13
BRDA:58,15,0,0
BRDA:58,15,1,31
BRDA:59,16,0,0
BRDA:59,16,1,0
BRDA:59,17,0,0
BRDA:59,17,1,0
BRDA:60,18,0,0
BRDA:60,18,1,0
BRDA:60,19,0,0
BRDA:60,19,1,0
BRDA:61,20,0,0
BRDA:61,20,1,0
BRDA:63,21,0,0
BRDA:63,21,1,0
BRDA:64,22,0,0
BRDA:64,22,1,0
BRDA:71,23,0,0
BRDA:74,24,0,5
BRDA:74,24,1,26
BRDA:76,25,0,0
BRDA:76,25,1,5
BRDA:76,26,0,5
BRDA:76,26,1,5
BRDA:77,27,0,5
BRDA:77,27,1,0
BRDA:80,28,0,5
BRDA:80,28,1,26
BRDA:86,29,0,26
BRDA:87,30,0,31
BRDA:87,30,1,26
BRDA:88,31,0,26
BRDA:88,31,1,5
BRDA:90,32,0,0
BRDA:90,32,1,31
BRDA:96,33,0,0
BRDA:98,34,0,0
BRDA:98,34,1,72
BRDA:131,35,0,15
BRDA:131,35,1,3
BRDA:132,36,0,0
BRDA:132,36,1,18
BRDA:135,37,0,18
BRDA:135,37,1,0
BRDA:136,38,0,18
BRDA:136,38,1,0
BRDA:163,39,0,1
BRDA:163,39,1,0
BRDA:183,40,0,0
BRDA:183,40,1,3
BRDA:197,41,0,1
BRDA:197,41,1,2
BRDA:204,42,0,3
BRDA:204,42,1,1
BRDA:209,43,0,3
BRDA:209,43,1,1
BRDA:220,44,0,0
BRDA:220,44,1,3
BRDA:225,45,0,3
BRDA:225,45,1,3
BRDA:225,46,0,3
BRDA:225,46,1,3
BRDA:225,47,0,3
BRDA:225,47,1,3
BRDA:230,48,0,3
BRDA:230,48,1,3
BRDA:231,49,0,3
BRDA:231,49,1,3
BRDA:242,50,0,0
BRDA:242,50,1,1
BRDA:243,51,0,1
BRDA:243,51,1,0
BRDA:267,52,0,1
BRDA:267,52,1,0
BRDA:269,53,0,0
BRDA:269,53,1,1
BRDA:294,54,0,1
BRDA:294,54,1,2
BRDA:297,55,0,2
BRDA:297,55,1,2
BRDA:297,56,0,2
BRDA:297,56,1,2
BRDA:307,57,0,3
BRDA:307,57,1,0
BRDA:308,58,0,3
BRDA:308,58,1,0
BRDA:313,59,0,3
BRDA:313,59,1,0
BRDA:348,60,0,3
BRDA:348,60,1,0
BRDA:352,61,0,3
BRDA:352,61,1,0
BRDA:363,62,0,2
BRDA:363,62,1,2
BRDA:365,63,0,2
BRDA:365,63,1,2
BRDA:377,64,0,1
BRDA:377,64,1,0
BRDA:378,65,0,1
BRDA:378,65,1,0
BRDA:379,66,0,1
BRDA:379,66,1,1
BRDA:380,67,0,1
BRDA:380,67,1,0
BRDA:381,68,0,1
BRDA:381,68,1,0
BRDA:384,69,0,0
BRDA:384,69,1,1
BRDA:398,70,0,1
BRDA:398,70,1,0
BRDA:401,71,0,0
BRDA:401,71,1,1
BRDA:427,72,0,0
BRDA:427,72,1,1
BRDA:427,73,0,1
BRDA:427,73,1,1
BRDA:433,74,0,1
BRDA:433,74,1,0
BRDA:434,75,0,1
BRDA:434,75,1,0
BRDA:435,76,0,1
BRDA:435,76,1,1
BRDA:436,77,0,1
BRDA:436,77,1,0
BRDA:439,78,0,0
BRDA:439,78,1,1
BRDA:441,79,0,0
BRDA:441,79,1,0
BRDA:445,80,0,0
BRDA:445,80,1,0
BRDA:445,81,0,0
BRDA:445,81,1,0
BRDA:445,82,0,0
BRDA:445,82,1,0
BRDA:458,83,0,0
BRDA:458,83,1,1
BRDA:462,84,0,1
BRDA:462,84,1,0
BRDA:468,85,0,0
BRDA:468,85,1,1
BRDA:470,86,0,0
BRDA:470,86,1,0
BRDA:474,87,0,0
BRDA:474,87,1,0
BRDA:474,88,0,0
BRDA:474,88,1,0
BRDA:474,89,0,0
BRDA:474,89,1,0
BRF:177
BRH:109
end_of_record
TN:
SF:middleware\activityLog.js
FN:3,activityLogMiddleware
FN:4,(anonymous_1)
FN:5,(anonymous_2)
FNF:3
FNH:3
FNDA:60,activityLogMiddleware
FNDA:194,(anonymous_1)
FNDA:194,(anonymous_2)
DA:1,60
DA:4,60
DA:5,194
DA:6,194
DA:7,66
DA:8,66
DA:17,0
DA:20,194
DA:24,60
LF:9
LH:8
BRDA:3,0,0,0
BRDA:6,1,0,128
BRDA:6,1,1,66
BRDA:6,2,0,194
BRDA:6,2,1,194
BRF:5
BRH:4
end_of_record
TN:
SF:middleware\apiAuth.js
FN:3,configuredApiKey
FN:7,apiAuth
FNF:2
FNH:2
FNDA:17,configuredApiKey
FNDA:17,apiAuth
DA:1,63
DA:4,17
DA:8,17
DA:9,17
DA:10,2
DA:11,2
DA:12,1
DA:13,1
DA:15,1
DA:21,63
LF:10
LH:10
BRDA:4,0,0,17
BRDA:4,0,1,17
BRDA:4,0,2,15
BRDA:9,1,0,15
BRDA:9,1,1,2
BRDA:10,2,0,2
BRDA:10,2,1,1
BRDA:11,3,0,1
BRDA:11,3,1,1
BRDA:11,4,0,2
BRDA:11,4,1,1
BRF:11
BRH:11
end_of_record
TN:
SF:middleware\auth.js
FN:5,refreshSessionUser
FN:16,(anonymous_1)
FN:22,requireAuth
FN:31,(anonymous_3)
FN:40,(anonymous_4)
FN:63,guestOnly
FNF:6
FNH:2
FNDA:0,refreshSessionUser
FNDA:0,(anonymous_1)
FNDA:402,requireAuth
FNDA:0,(anonymous_3)
FNDA:0,(anonymous_4)
FNDA:258,guestOnly
DA:1,60
DA:2,60
DA:3,60
DA:6,0
DA:9,0
DA:10,0
DA:16,0
DA:19,0
DA:23,402
DA:24,3
DA:25,3
DA:28,399
DA:29,399
DA:30,399
DA:31,0
DA:32,0
DA:33,0
DA:36,399
DA:37,399
DA:38,0
DA:39,0
DA:40,0
DA:41,0
DA:43,0
DA:46,399
DA:47,0
DA:48,0
DA:51,399
DA:52,1
DA:53,1
DA:56,398
DA:57,398
DA:59,0
DA:64,258
DA:65,258
DA:68,60
LF:36
LH:20
BRDA:9,0,0,0
BRDA:9,0,1,0
BRDA:9,1,0,0
BRDA:9,1,1,0
BRDA:16,2,0,0
BRDA:16,2,1,0
BRDA:23,3,0,3
BRDA:23,3,1,399
BRDA:28,4,0,399
BRDA:28,4,1,0
BRDA:30,5,0,0
BRDA:30,5,1,399
BRDA:37,6,0,0
BRDA:37,6,1,399
BRDA:37,7,0,399
BRDA:37,7,1,399
BRDA:39,8,0,0
BRDA:39,8,1,0
BRDA:46,9,0,0
BRDA:46,9,1,399
BRDA:46,10,0,399
BRDA:46,10,1,0
BRDA:46,10,2,0
BRDA:51,11,0,1
BRDA:51,11,1,398
BRDA:53,12,0,1
BRDA:53,12,1,0
BRDA:64,13,0,0
BRDA:64,13,1,258
BRF:29
BRH:13
end_of_record
TN:
SF:middleware\csrf.js
FN:5,ensureToken
FN:10,getSubmittedToken
FN:16,csrfProtection
FN:17,(anonymous_3)
FNF:4
FNH:4
FNDA:1032,ensureToken
FNDA:202,getSubmittedToken
FNDA:525,csrfProtection
FNDA:521,(anonymous_3)
DA:1,60
DA:3,60
DA:6,1032
DA:7,1032
DA:13,202
DA:17,525
DA:19,525
DA:21,511
DA:22,511
DA:24,202
DA:25,202
DA:26,202
DA:27,202
DA:28,202
DA:29,4
DA:30,4
DA:31,4
DA:32,4
DA:34,198
DA:37,60
LF:20
LH:20
BRDA:6,0,0,177
BRDA:6,0,1,855
BRDA:13,1,0,202
BRDA:13,1,1,187
BRDA:13,1,2,9
BRDA:13,1,3,9
BRDA:19,2,0,14
BRDA:19,2,1,511
BRDA:22,3,0,309
BRDA:22,3,1,202
BRDA:25,4,0,202
BRDA:25,4,1,4
BRDA:27,5,0,202
BRDA:27,5,1,198
BRDA:28,6,0,4
BRDA:28,6,1,198
BRF:16
BRH:16
end_of_record
TN:
SF:middleware\errorHandler.js
FN:3,errorHandler
FNF:1
FNH:1
FNDA:9,errorHandler
DA:1,60
DA:4,9
DA:6,9
DA:7,9
DA:17,9
DA:18,1
DA:25,8
DA:33,60
LF:8
LH:8
BRDA:4,0,0,0
BRDA:4,0,1,9
BRDA:6,1,0,5
BRDA:6,1,1,4
BRDA:6,2,0,4
BRDA:6,2,1,3
BRDA:17,3,0,1
BRDA:17,3,1,8
BRDA:17,4,0,9
BRDA:17,4,1,9
BRDA:19,5,0,0
BRDA:19,5,1,1
BRDA:21,6,0,1
BRDA:21,6,1,0
BRDA:26,7,0,5
BRDA:26,7,1,3
BRDA:27,8,0,5
BRDA:27,8,1,3
BRDA:29,9,0,0
BRDA:29,9,1,3
BRF:20
BRH:16
end_of_record
TN:
SF:middleware\jsonUpload.js
FN:6,(anonymous_0)
FN:11,(anonymous_1)
FN:19,(anonymous_2)
FNF:3
FNH:3
FNDA:1,(anonymous_0)
FNDA:1,(anonymous_1)
FNDA:1,(anonymous_2)
DA:1,60
DA:2,60
DA:3,60
DA:5,60
DA:7,1
DA:8,1
DA:9,1
DA:12,1
DA:16,60
DA:20,1
DA:21,1
DA:22,0
DA:24,1
DA:28,60
LF:14
LH:13
BRDA:21,0,0,0
BRDA:21,0,1,1
BRDA:21,1,0,1
BRDA:21,1,1,0
BRF:4
BRH:2
end_of_record
TN:
SF:middleware\locale.js
FN:10,localeMiddleware
FN:22,(anonymous_1)
FN:23,(anonymous_2)
FNF:3
FNH:1
FNDA:521,localeMiddleware
FNDA:0,(anonymous_1)
FNDA:0,(anonymous_2)
DA:7,60
DA:8,60
DA:11,521
DA:12,521
DA:14,521
DA:15,521
DA:16,521
DA:17,521
DA:18,521
DA:19,521
DA:20,521
DA:21,521
DA:22,521
DA:23,521
DA:25,521
DA:28,60
LF:16
LH:16
BRDA:20,0,0,521
BRDA:20,0,1,0
BRF:2
BRH:1
end_of_record
TN:
SF:middleware\loginBruteForce.js
FN:4,loginBruteForceGuard
FN:26,conditionalLoginLimiter
FNF:2
FNH:2
FNDA:125,loginBruteForceGuard
FNDA:125,conditionalLoginLimiter
DA:1,60
DA:2,60
DA:5,125
DA:6,125
DA:7,125
DA:8,125
DA:11,0
DA:12,0
DA:13,0
DA:17,0
DA:20,0
DA:22,0
DA:27,125
DA:28,125
DA:29,125
DA:30,125
DA:32,0
DA:34,0
DA:38,60
LF:19
LH:11
BRDA:7,0,0,125
BRDA:7,0,1,0
BRDA:12,1,0,0
BRDA:12,1,1,0
BRDA:29,2,0,125
BRDA:29,2,1,0
BRF:6
BRH:2
end_of_record
TN:
SF:middleware\notFound.js
FN:1,notFoundMiddleware
FNF:1
FNH:1
FNDA:4,notFoundMiddleware
DA:2,4
DA:3,2
DA:5,2
DA:8,2
DA:9,1
DA:15,1
DA:18,60
LF:7
LH:7
BRDA:2,0,0,2
BRDA:2,0,1,2
BRDA:5,1,0,2
BRDA:5,1,1,1
BRDA:5,1,2,1
BRDA:8,2,0,1
BRDA:8,2,1,1
BRF:7
BRH:7
end_of_record
TN:
SF:middleware\permission.js
FN:3,can
FN:4,(anonymous_1)
FN:13,canAny
FN:14,(anonymous_3)
FN:21,canResource
FN:22,(anonymous_5)
FNF:6
FNH:6
FNDA:3842,can
FNDA:108,(anonymous_1)
FNDA:1381,canAny
FNDA:33,(anonymous_3)
FNDA:1,canResource
FNDA:1,(anonymous_5)
DA:1,60
DA:4,3842
DA:5,108
DA:6,104
DA:8,4
DA:9,4
DA:14,1381
DA:15,33
DA:16,0
DA:17,0
DA:22,1
DA:23,1
DA:24,1
DA:25,1
DA:29,60
LF:15
LH:13
BRDA:5,0,0,104
BRDA:5,0,1,4
BRDA:9,1,0,4
BRDA:9,1,1,0
BRDA:15,2,0,33
BRDA:15,2,1,0
BRDA:17,3,0,0
BRDA:17,3,1,0
BRDA:23,4,0,0
BRDA:23,4,1,1
BRDA:25,5,0,1
BRDA:25,5,1,0
BRF:12
BRH:6
end_of_record
TN:
SF:middleware\pluginHooks.js
FN:3,pluginHooks
FNF:1
FNH:1
FNDA:521,pluginHooks
DA:1,60
DA:4,521
DA:5,521
DA:6,521
DA:7,0
DA:8,0
DA:9,0
DA:12,521
DA:13,521
DA:15,521
DA:17,0
DA:21,60
LF:12
LH:8
BRDA:6,0,0,0
BRDA:6,0,1,521
BRDA:7,1,0,0
BRDA:7,1,1,0
BRDA:8,2,0,0
BRDA:8,2,1,0
BRDA:8,3,0,0
BRDA:8,3,1,0
BRDA:9,4,0,0
BRDA:9,4,1,0
BRDA:13,5,0,0
BRDA:13,5,1,521
BRF:12
BRH:2
end_of_record
TN:
SF:middleware\portalVisit.js
FN:3,shouldTrackVisit
FN:11,portalVisitMiddleware
FN:20,(anonymous_2)
FNF:3
FNH:2
FNDA:521,shouldTrackVisit
FNDA:521,portalVisitMiddleware
FNDA:0,(anonymous_2)
DA:1,60
DA:4,521
DA:5,321
DA:6,39
DA:7,39
DA:8,37
DA:12,521
DA:14,37
DA:15,37
DA:16,37
DA:18,37
DA:20,37
DA:21,0
DA:24,37
DA:27,60
LF:15
LH:14
BRDA:4,0,0,200
BRDA:4,0,1,321
BRDA:5,1,0,282
BRDA:5,1,1,39
BRDA:5,2,0,321
BRDA:5,2,1,51
BRDA:5,2,2,39
BRDA:6,3,0,0
BRDA:6,3,1,39
BRDA:6,4,0,39
BRDA:6,4,1,39
BRDA:6,4,2,39
BRDA:7,5,0,2
BRDA:7,5,1,37
BRDA:12,6,0,484
BRDA:12,6,1,37
BRDA:16,7,0,0
BRDA:16,7,1,37
BRDA:18,8,0,37
BRDA:18,8,1,0
BRF:20
BRH:17
end_of_record
TN:
SF:middleware\rateLimit.js
FNF:0
FNH:0
DA:1,1
DA:3,1
DA:10,1
LF:3
LH:3
BRF:0
BRH:0
end_of_record
TN:
SF:middleware\security.js
FN:13,(anonymous_0)
FN:38,applySecurityMiddleware
FN:56,(anonymous_2)
FNF:3
FNH:2
FNDA:0,(anonymous_0)
FNDA:60,applySecurityMiddleware
FNDA:532,(anonymous_2)
DA:1,60
DA:2,60
DA:3,60
DA:4,60
DA:5,60
DA:7,60
DA:14,0
DA:15,0
DA:16,0
DA:18,0
DA:22,60
DA:30,60
DA:39,60
DA:55,60
DA:56,60
DA:57,532
DA:58,532
DA:59,532
DA:60,532
DA:62,0
DA:67,60
LF:21
LH:16
BRDA:8,0,0,60
BRDA:8,0,1,0
BRDA:9,1,0,60
BRDA:9,1,1,0
BRDA:9,2,0,0
BRDA:9,2,1,0
BRDA:14,3,0,0
BRDA:14,3,1,0
BRDA:59,4,0,0
BRDA:59,4,1,532
BRF:10
BRH:3
end_of_record
TN:
SF:middleware\siteContext.js
FN:18,buildMenuTree
FN:20,(anonymous_1)
FN:21,(anonymous_2)
FN:22,(anonymous_3)
FN:23,(anonymous_4)
FN:37,sidebarPostsForCategory
FN:48,applyCustomizerPreview
FN:55,applyThemePreview
FN:66,loadSiteContext
FN:83,(anonymous_9)
FN:92,(anonymous_10)
FN:93,(anonymous_11)
FN:107,(anonymous_12)
FN:113,(anonymous_13)
FN:121,(anonymous_14)
FN:137,(anonymous_15)
FN:146,(anonymous_16)
FN:153,(anonymous_17)
FNF:18
FNH:16
FNDA:1563,buildMenuTree
FNDA:8857,(anonymous_1)
FNDA:7294,(anonymous_2)
FNDA:8857,(anonymous_3)
FNDA:8857,(anonymous_4)
FNDA:521,sidebarPostsForCategory
FNDA:521,applyCustomizerPreview
FNDA:521,applyThemePreview
FNDA:521,loadSiteContext
FNDA:18235,(anonymous_9)
FNDA:0,(anonymous_10)
FNDA:0,(anonymous_11)
FNDA:167,(anonymous_12)
FNDA:355,(anonymous_13)
FNDA:1563,(anonymous_14)
FNDA:696,(anonymous_15)
FNDA:247,(anonymous_16)
FNDA:15,(anonymous_17)
DA:1,60
DA:2,60
DA:3,60
DA:4,60
DA:5,60
DA:6,60
DA:7,60
DA:13,60
DA:14,60
DA:15,60
DA:16,60
DA:19,1563
DA:20,8857
DA:21,7294
DA:22,8857
DA:23,8857
DA:24,1563
DA:26,1563
DA:27,8857
DA:28,0
DA:30,8857
DA:34,1563
DA:38,521
DA:39,521
DA:40,521
DA:49,521
DA:50,1
DA:51,1
DA:52,1
DA:56,521
DA:57,521
DA:58,0
DA:59,0
DA:60,0
DA:67,521
DA:68,521
DA:83,18235
DA:84,521
DA:87,521
DA:88,521
DA:92,521
DA:93,521
DA:94,521
DA:95,521
DA:96,521
DA:97,521
DA:98,521
DA:99,521
DA:100,521
DA:101,521
DA:102,521
DA:103,521
DA:104,521
DA:105,521
DA:106,521
DA:107,521
DA:108,521
DA:109,521
DA:113,521
DA:114,355
DA:115,355
DA:116,355
DA:118,521
DA:119,521
DA:120,521
DA:121,521
DA:122,1563
DA:123,1563
DA:124,1563
DA:125,1563
DA:127,521
DA:128,521
DA:129,521
DA:130,521
DA:131,521
DA:132,521
DA:135,521
DA:136,521
DA:137,696
DA:138,521
DA:139,521
DA:140,521
DA:141,521
DA:142,521
DA:143,521
DA:144,521
DA:145,521
DA:146,521
DA:147,247
DA:148,15
DA:149,15
DA:150,0
DA:151,0
DA:153,521
DA:154,15
DA:155,15
DA:156,15
DA:157,0
DA:158,0
DA:160,521
DA:162,0
DA:166,60
LF:102
LH:93
BRDA:18,0,0,0
BRDA:27,1,0,0
BRDA:27,1,1,8857
BRDA:27,2,0,8857
BRDA:27,2,1,0
BRDA:37,3,0,0
BRDA:39,4,0,0
BRDA:39,4,1,521
BRDA:49,5,0,520
BRDA:49,5,1,1
BRDA:49,6,0,521
BRDA:49,6,1,1
BRDA:51,7,0,0
BRDA:51,7,1,1
BRDA:51,8,0,1
BRDA:51,8,1,1
BRDA:57,9,0,521
BRDA:57,9,1,0
BRDA:57,10,0,521
BRDA:57,10,1,0
BRDA:57,10,2,0
BRDA:58,11,0,0
BRDA:58,11,1,0
BRDA:59,12,0,0
BRDA:59,12,1,0
BRDA:85,13,0,521
BRDA:85,13,1,521
BRDA:85,13,2,521
BRDA:94,14,0,516
BRDA:94,14,1,5
BRDA:97,15,0,521
BRDA:97,15,1,0
BRDA:98,16,0,0
BRDA:98,16,1,521
BRDA:99,17,0,521
BRDA:99,17,1,5
BRDA:101,18,0,519
BRDA:101,18,1,2
BRDA:104,19,0,521
BRDA:104,19,1,15
BRDA:107,20,0,167
BRDA:107,20,1,0
BRDA:108,21,0,521
BRDA:108,21,1,1
BRDA:110,22,0,521
BRDA:110,22,1,154
BRDA:110,22,2,154
BRDA:114,23,0,0
BRDA:114,23,1,355
BRDA:115,24,0,355
BRDA:115,24,1,0
BRDA:116,25,0,355
BRDA:116,25,1,0
BRDA:122,26,0,1563
BRDA:122,26,1,0
BRDA:124,27,0,1563
BRDA:124,27,1,0
BRDA:128,28,0,521
BRDA:128,28,1,0
BRDA:132,29,0,0
BRDA:132,29,1,521
BRDA:143,30,0,521
BRDA:143,30,1,313
BRDA:145,31,0,521
BRDA:145,31,1,208
BRDA:147,32,0,232
BRDA:147,32,1,15
BRDA:147,33,0,247
BRDA:147,33,1,15
BRDA:148,34,0,15
BRDA:148,34,1,0
BRDA:149,35,0,15
BRDA:149,35,1,0
BRDA:150,36,0,0
BRDA:150,36,1,0
BRDA:154,37,0,0
BRDA:154,37,1,15
BRDA:155,38,0,15
BRDA:155,38,1,0
BRDA:156,39,0,15
BRDA:156,39,1,0
BRDA:157,40,0,0
BRDA:157,40,1,0
BRF:83
BRH:51
end_of_record
TN:
SF:middleware\siteResolver.js
FN:4,siteResolver
FNF:1
FNH:1
FNDA:523,siteResolver
DA:1,60
DA:2,60
DA:5,523
DA:6,517
DA:7,517
DA:9,6
DA:10,6
DA:11,6
DA:12,6
DA:13,6
DA:17,6
DA:19,6
DA:20,5
DA:22,6
DA:23,6
DA:24,6
DA:26,0
DA:30,60
LF:18
LH:17
BRDA:5,0,0,517
BRDA:5,0,1,6
BRDA:12,1,0,6
BRDA:12,1,1,0
BRDA:17,2,0,6
BRDA:17,2,1,5
BRDA:19,3,0,5
BRDA:19,3,1,1
BRF:8
BRH:7
end_of_record
TN:
SF:middleware\upload.js
FN:26,(anonymous_0)
FN:33,(anonymous_1)
FN:39,hasUnsafeFileName
FN:45,fileFilter
FN:57,imageFileFilter
FN:78,isAllowedUpload
FNF:6
FNH:6
FNDA:3,(anonymous_0)
FNDA:3,(anonymous_1)
FNDA:10,hasUnsafeFileName
FNDA:2,fileFilter
FNDA:2,imageFileFilter
FNDA:6,isAllowedUpload
DA:1,60
DA:2,60
DA:3,60
DA:4,60
DA:6,60
DA:7,60
DA:8,60
DA:14,60
DA:19,60
DA:25,60
DA:27,3
DA:28,3
DA:29,3
DA:30,3
DA:31,3
DA:34,3
DA:35,3
DA:40,10
DA:41,10
DA:42,10
DA:46,2
DA:47,2
DA:48,2
DA:49,2
DA:50,2
DA:51,2
DA:52,1
DA:54,1
DA:58,2
DA:59,2
DA:60,2
DA:61,0
DA:63,2
DA:66,60
DA:72,60
DA:79,6
DA:80,6
DA:81,3
DA:82,3
DA:83,3
DA:84,3
DA:87,60
DA:88,60
DA:89,60
DA:90,60
DA:91,60
LF:46
LH:45
BRDA:40,0,0,10
BRDA:40,0,1,0
BRDA:42,1,0,10
BRDA:42,1,1,9
BRDA:42,1,2,9
BRDA:47,2,0,0
BRDA:47,2,1,2
BRDA:50,3,0,2
BRDA:50,3,1,0
BRDA:51,4,0,1
BRDA:51,4,1,1
BRDA:51,5,0,2
BRDA:51,5,1,1
BRDA:51,5,2,0
BRDA:51,5,3,0
BRDA:59,6,0,0
BRDA:59,6,1,2
BRDA:60,7,0,0
BRDA:60,7,1,2
BRDA:60,8,0,2
BRDA:60,8,1,2
BRDA:80,9,0,3
BRDA:80,9,1,3
BRDA:80,10,0,6
BRDA:80,10,1,3
BRDA:83,11,0,3
BRDA:83,11,1,0
BRDA:84,12,0,3
BRDA:84,12,1,1
BRDA:84,12,2,1
BRF:30
BRH:22
end_of_record
TN:
SF:middleware\zipUpload.js
FN:8,(anonymous_0)
FN:13,(anonymous_1)
FN:21,(anonymous_2)
FNF:3
FNH:3
FNDA:5,(anonymous_0)
FNDA:5,(anonymous_1)
FNDA:6,(anonymous_2)
DA:1,60
DA:2,60
DA:3,60
DA:4,60
DA:5,60
DA:7,60
DA:9,5
DA:10,5
DA:11,5
DA:14,5
DA:18,60
DA:22,6
DA:23,6
DA:24,1
DA:26,5
DA:30,60
LF:16
LH:16
BRDA:23,0,0,1
BRDA:23,0,1,5
BRF:2
BRH:2
end_of_record
TN:
SF:routes\admin.js
FN:47,handleImageUpload
FN:48,(anonymous_1)
FN:102,(anonymous_2)
FN:200,resourcePermission
FNF:4
FNH:3
FNDA:1,handleImageUpload
FNDA:1,(anonymous_1)
FNDA:0,(anonymous_2)
FNDA:49,resourcePermission
DA:1,60
DA:2,60
DA:3,60
DA:4,60
DA:5,60
DA:6,60
DA:7,60
DA:8,60
DA:9,60
DA:11,60
DA:16,60
DA:22,60
DA:23,60
DA:24,60
DA:25,60
DA:26,60
DA:27,60
DA:28,60
DA:29,60
DA:30,60
DA:31,60
DA:32,60
DA:33,60
DA:34,60
DA:35,60
DA:36,60
DA:37,60
DA:38,60
DA:39,60
DA:40,60
DA:41,60
DA:42,60
DA:43,60
DA:45,60
DA:48,1
DA:49,1
DA:50,1
DA:54,60
DA:55,60
DA:56,60
DA:57,60
DA:58,60
DA:59,60
DA:60,60
DA:61,60
DA:62,60
DA:63,60
DA:64,60
DA:65,60
DA:66,60
DA:68,60
DA:70,60
DA:71,60
DA:73,60
DA:74,60
DA:75,60
DA:76,60
DA:77,60
DA:78,60
DA:80,60
DA:81,60
DA:82,60
DA:83,60
DA:84,60
DA:85,60
DA:86,60
DA:87,60
DA:88,60
DA:90,60
DA:91,60
DA:92,60
DA:93,60
DA:94,60
DA:95,60
DA:96,60
DA:97,60
DA:98,60
DA:99,60
DA:100,60
DA:101,60
DA:102,60
DA:103,60
DA:104,60
DA:105,60
DA:106,60
DA:107,60
DA:108,60
DA:109,60
DA:111,60
DA:112,60
DA:113,60
DA:114,60
DA:115,60
DA:116,60
DA:118,60
DA:119,60
DA:120,60
DA:121,60
DA:122,60
DA:123,60
DA:124,60
DA:125,60
DA:126,60
DA:127,60
DA:128,60
DA:129,60
DA:130,60
DA:131,60
DA:132,60
DA:133,60
DA:134,60
DA:135,60
DA:136,60
DA:137,60
DA:138,60
DA:140,60
DA:141,60
DA:142,60
DA:143,60
DA:144,60
DA:145,60
DA:147,60
DA:148,60
DA:149,60
DA:150,60
DA:151,60
DA:152,60
DA:154,60
DA:155,60
DA:156,60
DA:157,60
DA:158,60
DA:159,60
DA:161,60
DA:162,60
DA:163,60
DA:165,60
DA:166,60
DA:167,60
DA:168,60
DA:169,60
DA:170,60
DA:171,60
DA:173,60
DA:174,60
DA:176,60
DA:177,60
DA:178,60
DA:179,60
DA:181,60
DA:182,60
DA:183,60
DA:184,60
DA:186,60
DA:187,60
DA:188,60
DA:190,60
DA:191,60
DA:192,60
DA:194,60
DA:195,60
DA:196,60
DA:197,60
DA:198,60
DA:201,49
DA:202,49
DA:208,49
DA:209,49
DA:210,2
DA:211,2
DA:213,0
DA:217,60
DA:218,60
DA:219,60
DA:220,60
DA:221,60
DA:222,60
DA:223,60
DA:224,60
DA:225,60
DA:227,60
LF:181
LH:180
BRDA:49,0,0,0
BRDA:49,0,1,1
BRDA:49,1,0,0
BRDA:49,1,1,0
BRDA:203,2,0,6
BRDA:203,2,1,43
BRDA:203,3,0,7
BRDA:203,3,1,36
BRDA:204,4,0,1
BRDA:204,4,1,48
BRDA:208,5,0,49
BRDA:208,5,1,0
BRDA:209,6,0,47
BRDA:209,6,1,2
BRF:14
BRH:10
end_of_record
TN:
SF:routes\api.js
FN:9,(anonymous_0)
FN:22,(anonymous_1)
FN:32,(anonymous_2)
FN:42,(anonymous_3)
FNF:4
FNH:4
FNDA:1,(anonymous_0)
FNDA:2,(anonymous_1)
FNDA:1,(anonymous_2)
FNDA:1,(anonymous_3)
DA:1,60
DA:2,60
DA:4,60
DA:5,60
DA:7,60
DA:9,60
DA:10,1
DA:11,1
DA:16,1
DA:18,0
DA:22,60
DA:23,2
DA:24,2
DA:25,2
DA:26,1
DA:28,0
DA:32,60
DA:33,1
DA:34,1
DA:35,1
DA:36,1
DA:38,0
DA:42,60
DA:43,1
DA:44,1
DA:46,0
DA:50,60
LF:27
LH:23
BRDA:25,0,0,1
BRDA:25,0,1,1
BRDA:35,1,0,0
BRDA:35,1,1,1
BRF:4
BRH:3
end_of_record
TN:
SF:routes\health.js
FN:7,(anonymous_0)
FN:11,(anonymous_1)
FN:21,(anonymous_2)
FNF:3
FNH:3
FNDA:4,(anonymous_0)
FNDA:1,(anonymous_1)
FNDA:2,(anonymous_2)
DA:1,60
DA:2,60
DA:3,60
DA:5,60
DA:7,60
DA:8,4
DA:11,60
DA:12,1
DA:21,60
DA:22,2
DA:23,2
DA:24,2
DA:26,0
DA:30,60
LF:14
LH:13
BRDA:16,0,0,1
BRDA:16,0,1,0
BRF:2
BRH:1
end_of_record
TN:
SF:routes\public.js
FNF:0
FNH:0
DA:1,60
DA:2,60
DA:3,60
DA:4,60
DA:5,60
DA:7,60
DA:9,60
DA:10,60
DA:12,60
DA:13,60
DA:14,60
DA:15,60
DA:16,60
DA:17,60
DA:18,60
DA:19,60
DA:20,60
DA:32,60
DA:43,60
DA:44,60
DA:46,60
LF:21
LH:21
BRF:0
BRH:0
end_of_record
TN:
SF:routes\api\v1\index.js
FN:12,apiError
FN:18,requireWrite
FN:28,requireWritePages
FN:38,(anonymous_3)
FN:61,(anonymous_4)
FN:73,(anonymous_5)
FN:85,(anonymous_6)
FN:97,(anonymous_7)
FN:109,(anonymous_8)
FN:128,(anonymous_9)
FN:148,(anonymous_10)
FN:156,(anonymous_11)
FN:164,(anonymous_12)
FN:174,(anonymous_13)
FN:178,(anonymous_14)
FN:185,(anonymous_15)
FN:202,(anonymous_16)
FN:220,(anonymous_17)
FN:233,(anonymous_18)
FN:248,(anonymous_19)
FN:265,(anonymous_20)
FN:278,(anonymous_21)
FN:295,(anonymous_22)
FNF:23
FNH:8
FNDA:0,apiError
FNDA:0,requireWrite
FNDA:2,requireWritePages
FNDA:0,(anonymous_3)
FNDA:0,(anonymous_4)
FNDA:1,(anonymous_5)
FNDA:1,(anonymous_6)
FNDA:0,(anonymous_7)
FNDA:1,(anonymous_8)
FNDA:0,(anonymous_9)
FNDA:0,(anonymous_10)
FNDA:0,(anonymous_11)
FNDA:0,(anonymous_12)
FNDA:0,(anonymous_13)
FNDA:0,(anonymous_14)
FNDA:0,(anonymous_15)
FNDA:0,(anonymous_16)
FNDA:0,(anonymous_17)
FNDA:1,(anonymous_18)
FNDA:0,(anonymous_19)
FNDA:1,(anonymous_20)
FNDA:2,(anonymous_21)
FNDA:1,(anonymous_22)
DA:1,60
DA:2,60
DA:5,60
DA:6,60
DA:7,60
DA:8,60
DA:10,60
DA:13,0
DA:14,0
DA:15,0
DA:19,0
DA:20,0
DA:22,0
DA:23,0
DA:25,0
DA:29,2
DA:30,0
DA:32,2
DA:33,2
DA:35,0
DA:38,60
DA:39,0
DA:40,0
DA:41,0
DA:42,0
DA:43,0
DA:48,0
DA:55,0
DA:57,0
DA:61,60
DA:62,0
DA:63,0
DA:64,0
DA:65,0
DA:66,0
DA:67,0
DA:69,0
DA:73,60
DA:74,1
DA:75,1
DA:76,1
DA:77,1
DA:78,1
DA:79,1
DA:81,0
DA:85,60
DA:86,1
DA:87,1
DA:91,1
DA:93,0
DA:97,60
DA:98,0
DA:99,0
DA:102,0
DA:103,0
DA:105,0
DA:109,60
DA:110,1
DA:111,1
DA:114,1
DA:115,1
DA:116,1
DA:122,1
DA:124,0
DA:128,60
DA:129,0
DA:130,0
DA:133,0
DA:134,0
DA:135,0
DA:136,0
DA:137,0
DA:138,0
DA:139,0
DA:140,0
DA:142,0
DA:144,0
DA:148,60
DA:149,0
DA:150,0
DA:152,0
DA:156,60
DA:157,0
DA:158,0
DA:160,0
DA:164,60
DA:165,0
DA:166,0
DA:167,0
DA:168,0
DA:170,0
DA:174,60
DA:175,0
DA:176,0
DA:177,0
DA:178,0
DA:179,0
DA:181,0
DA:185,60
DA:186,0
DA:187,0
DA:196,0
DA:198,0
DA:202,60
DA:203,0
DA:204,0
DA:205,0
DA:206,0
DA:207,0
DA:208,0
DA:209,0
DA:214,0
DA:216,0
DA:220,60
DA:221,0
DA:222,0
DA:223,0
DA:224,0
DA:225,0
DA:226,0
DA:227,0
DA:229,0
DA:233,60
DA:234,1
DA:235,1
DA:242,1
DA:244,0
DA:248,60
DA:249,0
DA:250,0
DA:251,0
DA:252,0
DA:253,0
DA:254,0
DA:259,0
DA:261,0
DA:265,60
DA:266,1
DA:267,1
DA:268,1
DA:269,1
DA:270,1
DA:271,1
DA:272,1
DA:274,0
DA:278,60
DA:279,2
DA:280,2
DA:281,2
DA:282,2
DA:283,2
DA:289,2
DA:291,0
DA:295,60
DA:296,1
DA:297,1
DA:298,1
DA:300,0
DA:304,60
LF:159
LH:64
BRDA:12,0,0,0
BRDA:14,1,0,0
BRDA:14,1,1,0
BRDA:19,2,0,0
BRDA:19,2,1,0
BRDA:19,3,0,0
BRDA:19,3,1,0
BRDA:22,4,0,0
BRDA:22,4,1,0
BRDA:22,5,0,0
BRDA:22,5,1,0
BRDA:22,5,2,0
BRDA:29,6,0,0
BRDA:29,6,1,2
BRDA:29,7,0,2
BRDA:29,7,1,2
BRDA:32,8,0,2
BRDA:32,8,1,0
BRDA:32,9,0,2
BRDA:32,9,1,2
BRDA:32,9,2,0
BRDA:42,10,0,0
BRDA:42,10,1,0
BRDA:64,11,0,0
BRDA:64,11,1,0
BRDA:66,12,0,0
BRDA:66,12,1,0
BRDA:76,13,0,0
BRDA:76,13,1,1
BRDA:78,14,0,0
BRDA:78,14,1,1
BRDA:102,15,0,0
BRDA:102,15,1,0
BRDA:114,16,0,0
BRDA:114,16,1,1
BRDA:133,17,0,0
BRDA:133,17,1,0
BRDA:135,18,0,0
BRDA:135,18,1,0
BRDA:137,19,0,0
BRDA:137,19,1,0
BRDA:139,20,0,0
BRDA:139,20,1,0
BRDA:188,21,0,0
BRDA:188,21,1,0
BRDA:189,22,0,0
BRDA:189,22,1,0
BRDA:190,23,0,0
BRDA:190,23,1,0
BRDA:192,24,0,0
BRDA:192,24,1,0
BRDA:193,25,0,0
BRDA:193,25,1,0
BRDA:194,26,0,0
BRDA:194,26,1,0
BRDA:205,27,0,0
BRDA:205,27,1,0
BRDA:208,28,0,0
BRDA:208,28,1,0
BRDA:210,29,0,0
BRDA:210,29,1,0
BRDA:211,30,0,0
BRDA:211,30,1,0
BRDA:212,31,0,0
BRDA:212,31,1,0
BRDA:223,32,0,0
BRDA:223,32,1,0
BRDA:225,33,0,0
BRDA:225,33,1,0
BRDA:236,34,0,1
BRDA:236,34,1,0
BRDA:237,35,0,1
BRDA:237,35,1,0
BRDA:238,36,0,1
BRDA:238,36,1,0
BRDA:239,37,0,1
BRDA:239,37,1,0
BRDA:240,38,0,0
BRDA:240,38,1,1
BRDA:251,39,0,0
BRDA:251,39,1,0
BRDA:253,40,0,0
BRDA:253,40,1,0
BRDA:255,41,0,0
BRDA:255,41,1,0
BRDA:256,42,0,0
BRDA:256,42,1,0
BRDA:257,43,0,0
BRDA:257,43,1,0
BRDA:268,44,0,0
BRDA:268,44,1,1
BRDA:270,45,0,0
BRDA:270,45,1,1
BRDA:282,46,0,0
BRDA:282,46,1,2
BRF:95
BRH:17
end_of_record
TN:
SF:utils\autosaveHelper.js
FN:3,saveAutosave
FN:15,loadAutosave
FN:27,deleteAutosave
FNF:3
FNH:3
FNDA:3,saveAutosave
FNDA:3,loadAutosave
FNDA:2,deleteAutosave
DA:1,60
DA:4,3
DA:5,3
DA:9,3
DA:10,2
DA:12,3
DA:16,3
DA:19,3
DA:20,2
DA:21,2
DA:23,0
DA:28,2
DA:33,60
LF:13
LH:12
BRDA:9,0,0,2
BRDA:9,0,1,1
BRDA:19,1,0,1
BRDA:19,1,1,2
BRF:4
BRH:4
end_of_record
TN:
SF:utils\blockRenderer.js
FN:6,escapeText
FN:10,renderBlock
FN:30,(anonymous_2)
FN:45,renderBlocks
FN:53,(anonymous_4)
FN:57,validateBlockSchema
FNF:6
FNH:5
FNDA:7,escapeText
FNDA:7,renderBlock
FNDA:0,(anonymous_2)
FNDA:4,renderBlocks
FNDA:7,(anonymous_4)
FNDA:5,validateBlockSchema
DA:1,60
DA:2,60
DA:4,60
DA:7,7
DA:11,7
DA:12,7
DA:13,7
DA:15,4
DA:17,3
DA:18,3
DA:21,0
DA:25,0
DA:27,0
DA:29,0
DA:30,0
DA:31,0
DA:34,0
DA:39,0
DA:41,0
DA:46,4
DA:47,4
DA:48,4
DA:49,4
DA:51,0
DA:53,7
DA:54,4
DA:59,5
DA:60,5
DA:62,2
DA:64,3
DA:65,3
DA:66,5
DA:67,0
DA:70,3
DA:73,60
LF:35
LH:24
BRDA:7,0,0,7
BRDA:7,0,1,0
BRDA:10,1,0,0
BRDA:11,2,0,0
BRDA:11,2,1,7
BRDA:11,3,0,7
BRDA:11,3,1,7
BRDA:12,4,0,7
BRDA:12,4,1,4
BRDA:13,5,0,4
BRDA:13,5,1,3
BRDA:13,5,2,0
BRDA:13,5,3,0
BRDA:13,5,4,0
BRDA:13,5,5,0
BRDA:13,5,6,0
BRDA:13,5,7,0
BRDA:13,5,8,0
BRDA:17,6,0,3
BRDA:17,6,1,0
BRDA:21,7,0,0
BRDA:21,7,1,0
BRDA:22,8,0,0
BRDA:22,8,1,0
BRDA:25,9,0,0
BRDA:25,9,1,0
BRDA:27,10,0,0
BRDA:27,10,1,0
BRDA:27,11,0,0
BRDA:27,11,1,0
BRDA:27,11,2,0
BRDA:29,12,0,0
BRDA:29,12,1,0
BRDA:30,13,0,0
BRDA:30,13,1,0
BRDA:34,14,0,0
BRDA:34,14,1,0
BRDA:39,15,0,0
BRDA:39,15,1,0
BRDA:41,16,0,0
BRDA:41,16,1,0
BRDA:45,17,0,4
BRDA:48,18,0,1
BRDA:48,18,1,3
BRDA:49,19,0,0
BRDA:49,19,1,4
BRDA:60,20,0,3
BRDA:60,20,1,2
BRDA:64,21,0,0
BRDA:64,21,1,3
BRDA:66,22,0,0
BRDA:66,22,1,5
BRDA:66,23,0,5
BRDA:66,23,1,5
BRF:54
BRH:19
end_of_record
TN:
SF:utils\commentHelper.js
FN:3,buildCommentTree
FN:4,(anonymous_1)
FN:8,(anonymous_2)
FN:20,gravatarUrl
FN:25,countComments
FN:26,(anonymous_5)
FNF:6
FNH:5
FNDA:7,buildCommentTree
FNDA:2,(anonymous_1)
FNDA:2,(anonymous_2)
FNDA:1,gravatarUrl
FNDA:3,countComments
FNDA:0,(anonymous_5)
DA:1,43
DA:4,7
DA:8,7
DA:9,7
DA:10,7
DA:11,2
DA:12,1
DA:14,1
DA:17,7
DA:21,1
DA:22,1
DA:26,3
DA:29,43
LF:13
LH:13
BRDA:3,0,0,0
BRDA:5,1,0,0
BRDA:5,1,1,2
BRDA:11,2,0,1
BRDA:11,2,1,1
BRDA:11,3,0,2
BRDA:11,3,1,1
BRDA:20,4,0,1
BRDA:21,5,0,1
BRDA:21,5,1,0
BRDA:25,6,0,0
BRDA:26,7,0,0
BRDA:26,7,1,0
BRF:13
BRH:7
end_of_record
TN:
SF:utils\consentScript.js
FN:6,buildDeferredLoader
FNF:1
FNH:1
FNDA:2,buildDeferredLoader
DA:1,3
DA:7,2
DA:8,1
DA:9,1
DA:44,3
LF:5
LH:5
BRDA:7,0,0,1
BRDA:7,0,1,1
BRDA:7,1,0,2
BRDA:7,1,1,1
BRF:4
BRH:4
end_of_record
TN:
SF:utils\contentTranslationStore.js
FN:19,sanitizePlain
FN:23,parseTranslationBody
FN:42,loadTranslations
FN:47,(anonymous_3)
FN:53,loadTranslation
FN:61,loadTranslationsBatch
FN:67,(anonymous_6)
FN:70,saveTranslations
FN:90,applyManualTranslation
FNF:9
FNH:6
FNDA:160,sanitizePlain
FNDA:10,parseTranslationBody
FNDA:5,loadTranslations
FNDA:0,(anonymous_3)
FNDA:6571,loadTranslation
FNDA:1541,loadTranslationsBatch
FNDA:0,(anonymous_6)
FNDA:10,saveTranslations
FNDA:0,applyManualTranslation
DA:1,60
DA:2,60
DA:3,60
DA:4,60
DA:6,60
DA:8,60
DA:20,160
DA:24,10
DA:25,10
DA:26,10
DA:27,40
DA:28,40
DA:29,40
DA:30,40
DA:33,40
DA:34,40
DA:35,40
DA:36,3
DA:39,10
DA:43,5
DA:44,5
DA:47,5
DA:48,0
DA:49,0
DA:54,6571
DA:55,6566
DA:58,6566
DA:62,1541
DA:63,1541
DA:64,1541
DA:67,1541
DA:71,10
DA:72,10
DA:73,40
DA:74,40
DA:75,37
DA:79,37
DA:81,3
DA:86,3
DA:91,0
DA:92,0
DA:93,0
DA:94,0
DA:96,0
DA:97,0
DA:98,0
DA:101,60
LF:47
LH:38
BRDA:19,0,0,0
BRDA:20,1,0,160
BRDA:20,1,1,157
BRDA:24,2,0,10
BRDA:24,2,1,9
BRDA:24,2,2,9
BRDA:27,3,0,40
BRDA:27,3,1,37
BRDA:27,3,2,37
BRDA:30,4,0,2
BRDA:30,4,1,38
BRDA:35,5,0,3
BRDA:35,5,1,37
BRDA:35,6,0,40
BRDA:35,6,1,37
BRDA:35,6,2,37
BRDA:35,6,3,37
BRDA:35,6,4,37
BRDA:43,7,0,0
BRDA:43,7,1,5
BRDA:54,8,0,5
BRDA:54,8,1,6566
BRDA:54,9,0,6571
BRDA:54,9,1,6566
BRDA:58,10,0,6
BRDA:58,10,1,6560
BRDA:61,11,0,0
BRDA:63,12,0,0
BRDA:63,12,1,1541
BRDA:63,13,0,1541
BRDA:63,13,1,1541
BRDA:70,14,0,1
BRDA:74,15,0,37
BRDA:74,15,1,3
BRDA:91,16,0,0
BRDA:91,16,1,0
BRDA:91,17,0,0
BRDA:91,17,1,0
BRDA:92,18,0,0
BRDA:92,18,1,0
BRDA:94,19,0,0
BRDA:94,19,1,0
BRDA:96,20,0,0
BRDA:96,20,1,0
BRDA:97,21,0,0
BRDA:97,21,1,0
BRF:46
BRH:30
end_of_record
TN:
SF:utils\customFields.js
FN:14,parseOptions
FN:24,sanitizeFieldValue
FN:59,validateFieldValue
FN:72,loadFieldGroupsForLocation
FN:92,loadFieldValues
FN:105,loadCustomFieldsMap
FN:117,saveCustomFieldValues
FN:158,escapeHtml
FNF:8
FNH:6
FNDA:0,parseOptions
FNDA:4,sanitizeFieldValue
FNDA:7,validateFieldValue
FNDA:8,loadFieldGroupsForLocation
FNDA:3,loadFieldValues
FNDA:3,loadCustomFieldsMap
FNDA:3,saveCustomFieldValues
FNDA:0,escapeHtml
DA:1,60
DA:2,60
DA:3,60
DA:5,60
DA:15,0
DA:16,0
DA:17,0
DA:18,0
DA:20,0
DA:25,4
DA:26,3
DA:28,3
DA:30,0
DA:32,0
DA:34,0
DA:36,0
DA:38,1
DA:41,2
DA:45,0
DA:48,0
DA:49,0
DA:50,0
DA:52,0
DA:55,0
DA:60,7
DA:61,2
DA:63,5
DA:64,1
DA:66,4
DA:67,1
DA:69,3
DA:73,8
DA:93,3
DA:97,3
DA:98,3
DA:99,2
DA:100,2
DA:102,3
DA:106,3
DA:107,3
DA:108,3
DA:109,3
DA:110,2
DA:111,2
DA:114,3
DA:118,3
DA:119,3
DA:121,3
DA:122,2
DA:123,2
DA:124,2
DA:125,2
DA:126,2
DA:127,2
DA:131,3
DA:132,1
DA:133,1
DA:134,1
DA:135,1
DA:138,2
DA:139,1
DA:140,1
DA:141,1
DA:142,1
DA:151,1
DA:152,0
DA:159,0
DA:166,60
LF:68
LH:51
BRDA:15,0,0,0
BRDA:15,0,1,0
BRDA:18,1,0,0
BRDA:18,1,1,0
BRDA:18,2,0,0
BRDA:18,2,1,0
BRDA:25,3,0,1
BRDA:25,3,1,3
BRDA:25,4,0,4
BRDA:25,4,1,3
BRDA:26,5,0,3
BRDA:26,5,1,0
BRDA:28,6,0,0
BRDA:28,6,1,0
BRDA:28,6,2,0
BRDA:28,6,3,0
BRDA:28,6,4,1
BRDA:28,6,5,0
BRDA:28,6,6,2
BRDA:28,6,7,0
BRDA:28,6,8,0
BRDA:28,6,9,0
BRDA:28,6,10,0
BRDA:28,6,11,0
BRDA:28,6,12,0
BRDA:30,7,0,0
BRDA:30,7,1,0
BRDA:36,8,0,0
BRDA:36,8,1,0
BRDA:49,9,0,0
BRDA:49,9,1,0
BRDA:60,10,0,2
BRDA:60,10,1,5
BRDA:60,11,0,7
BRDA:60,11,1,5
BRDA:60,11,2,3
BRDA:63,12,0,1
BRDA:63,12,1,4
BRDA:63,13,0,5
BRDA:63,13,1,2
BRDA:63,13,2,2
BRDA:66,14,0,1
BRDA:66,14,1,3
BRDA:66,15,0,4
BRDA:66,15,1,2
BRDA:66,15,2,2
BRDA:99,16,0,2
BRDA:99,16,1,0
BRDA:110,17,0,2
BRDA:110,17,1,0
BRDA:111,18,0,2
BRDA:111,18,1,0
BRDA:111,19,0,0
BRDA:111,19,1,0
BRDA:117,20,0,1
BRDA:122,21,0,2
BRDA:122,21,1,0
BRDA:127,22,0,1
BRDA:127,22,1,1
BRDA:131,23,0,1
BRDA:131,23,1,2
BRDA:139,24,0,1
BRDA:139,24,1,0
BRDA:151,25,0,0
BRDA:151,25,1,1
BRDA:159,26,0,0
BRDA:159,26,1,0
BRF:67
BRH:33
end_of_record
TN:
SF:utils\exporter.js
FN:3,exportSite
FN:20,(anonymous_1)
FN:21,(anonymous_2)
FN:22,(anonymous_3)
FN:23,(anonymous_4)
FN:24,(anonymous_5)
FN:25,(anonymous_6)
FN:26,(anonymous_7)
FN:27,(anonymous_8)
FN:28,(anonymous_9)
FN:32,(anonymous_10)
FNF:11
FNH:9
FNDA:3,exportSite
FNDA:64,(anonymous_1)
FNDA:45,(anonymous_2)
FNDA:18,(anonymous_3)
FNDA:15,(anonymous_4)
FNDA:37,(anonymous_5)
FNDA:12,(anonymous_6)
FNDA:9,(anonymous_7)
FNDA:9,(anonymous_8)
FNDA:0,(anonymous_9)
FNDA:0,(anonymous_10)
DA:1,60
DA:4,3
DA:5,3
DA:16,3
DA:17,3
DA:20,64
DA:21,45
DA:22,18
DA:23,15
DA:24,37
DA:25,12
DA:26,9
DA:27,9
DA:28,0
DA:31,3
DA:32,0
DA:35,3
DA:38,60
LF:18
LH:16
BRDA:3,0,0,0
BRDA:31,1,0,0
BRDA:31,1,1,3
BRF:3
BRH:1
end_of_record
TN:
SF:utils\fileHelper.js
FN:4,ensureDirectory
FN:10,publicUploadPath
FN:14,classifyMime
FNF:3
FNH:3
FNDA:10,ensureDirectory
FNDA:89,publicUploadPath
FNDA:7,classifyMime
DA:1,60
DA:2,60
DA:5,10
DA:6,1
DA:11,89
DA:15,7
DA:16,3
DA:17,2
DA:18,1
DA:20,1
DA:23,60
LF:11
LH:11
BRDA:5,0,0,1
BRDA:5,0,1,9
BRDA:10,1,0,12
BRDA:15,2,0,4
BRDA:15,2,1,3
BRDA:16,3,0,1
BRDA:16,3,1,2
BRDA:17,4,0,1
BRDA:17,4,1,1
BRF:9
BRH:9
end_of_record
TN:
SF:utils\hookManager.js
FN:24,resolveHookNames
FN:29,getBucket
FN:34,(anonymous_2)
FN:37,addToBucket
FN:41,(anonymous_4)
FN:46,addFilter
FN:50,addAction
FN:58,registerLegacy
FN:64,(anonymous_8)
FN:67,applyFilters
FN:76,doAction
FN:82,collect
FN:92,clear
FN:98,listRegisteredHooks
FN:107,createPluginApi
FN:110,(anonymous_15)
FN:111,(anonymous_16)
FN:112,(anonymous_17)
FNF:18
FNH:18
FNDA:2674,resolveHookNames
FNDA:2586,getBucket
FNDA:8,(anonymous_2)
FNDA:88,addToBucket
FNDA:99,(anonymous_4)
FNDA:9,addFilter
FNDA:5,addAction
FNDA:66,registerLegacy
FNDA:2,(anonymous_8)
FNDA:1202,applyFilters
FNDA:123,doAction
FNDA:1261,collect
FNDA:34,clear
FNDA:24,listRegisteredHooks
FNDA:35,createPluginApi
FNDA:64,(anonymous_15)
FNDA:2,(anonymous_16)
FNDA:2,(anonymous_17)
DA:6,60
DA:13,60
DA:20,60
DA:21,60
DA:22,60
DA:25,2674
DA:26,2674
DA:30,2586
DA:31,2586
DA:32,2592
DA:34,2586
DA:38,88
DA:39,92
DA:40,92
DA:41,99
DA:42,92
DA:47,9
DA:51,5
DA:52,4
DA:53,4
DA:55,1
DA:59,66
DA:60,58
DA:61,58
DA:63,8
DA:64,8
DA:68,1202
DA:69,1202
DA:70,11
DA:71,11
DA:73,1199
DA:77,123
DA:78,1
DA:83,1261
DA:84,1261
DA:85,27
DA:86,27
DA:87,18
DA:89,1261
DA:93,34
DA:94,34
DA:95,34
DA:99,24
DA:104,24
DA:108,35
DA:109,35
DA:110,64
DA:111,2
DA:112,2
DA:119,60
LF:50
LH:50
BRDA:26,0,0,10
BRDA:26,0,1,2664
BRDA:32,1,0,2592
BRDA:32,1,1,2555
BRDA:37,2,0,0
BRDA:37,3,0,0
BRDA:39,4,0,92
BRDA:39,4,1,65
BRDA:46,5,0,0
BRDA:46,6,0,7
BRDA:50,7,0,0
BRDA:50,8,0,3
BRDA:51,9,0,4
BRDA:51,9,1,1
BRDA:58,10,0,0
BRDA:58,11,0,2
BRDA:59,12,0,58
BRDA:59,12,1,8
BRDA:67,13,0,0
BRDA:71,14,0,3
BRDA:71,14,1,8
BRDA:71,15,0,11
BRDA:71,15,1,10
BRDA:76,16,0,0
BRDA:82,17,0,0
BRDA:86,18,0,9
BRDA:86,18,1,18
BRDA:87,19,0,18
BRDA:87,19,1,0
BRDA:107,20,0,0
BRDA:108,21,0,35
BRDA:108,21,1,0
BRDA:110,22,0,31
BRDA:111,23,0,0
BRDA:112,24,0,0
BRF:35
BRH:22
end_of_record
TN:
SF:utils\importer.js
FN:3,previewImport
FN:18,importSite
FNF:2
FNH:2
FNDA:5,previewImport
FNDA:2,importSite
DA:1,60
DA:4,5
DA:5,0
DA:7,5
DA:19,2
DA:20,2
DA:22,2
DA:23,1
DA:26,1
DA:33,1
DA:34,1
DA:35,1
DA:36,1
DA:37,1
DA:39,1
DA:40,0
DA:41,0
DA:42,0
DA:44,1
DA:45,1
DA:46,1
DA:47,1
DA:48,1
DA:50,1
DA:51,0
DA:52,0
DA:53,0
DA:55,1
DA:56,0
DA:57,0
DA:58,0
DA:59,0
DA:60,0
DA:65,0
DA:67,1
DA:68,0
DA:69,0
DA:70,0
DA:71,0
DA:72,0
DA:77,0
DA:80,1
DA:85,1
DA:87,0
DA:88,0
DA:92,60
LF:46
LH:25
BRDA:4,0,0,0
BRDA:4,0,1,5
BRDA:4,1,0,5
BRDA:4,1,1,5
BRDA:8,2,0,5
BRDA:8,2,1,0
BRDA:9,3,0,5
BRDA:9,3,1,2
BRDA:10,4,0,5
BRDA:10,4,1,5
BRDA:11,5,0,5
BRDA:11,5,1,2
BRDA:12,6,0,5
BRDA:12,6,1,5
BRDA:13,7,0,5
BRDA:13,7,1,5
BRDA:14,8,0,5
BRDA:14,8,1,5
BRDA:18,9,0,0
BRDA:18,10,0,0
BRDA:18,11,0,1
BRDA:22,12,0,1
BRDA:22,12,1,1
BRDA:34,13,0,1
BRDA:34,13,1,0
BRDA:39,14,0,1
BRDA:39,14,1,1
BRDA:44,15,0,1
BRDA:44,15,1,0
BRDA:46,16,0,1
BRDA:46,16,1,0
BRDA:50,17,0,1
BRDA:50,17,1,0
BRDA:55,18,0,1
BRDA:55,18,1,1
BRDA:58,19,0,0
BRDA:58,19,1,0
BRDA:61,20,0,0
BRDA:61,20,1,0
BRDA:67,21,0,1
BRDA:67,21,1,1
BRDA:70,22,0,0
BRDA:70,22,1,0
BRDA:73,23,0,0
BRDA:73,23,1,0
BRF:45
BRH:29
end_of_record
TN:
SF:utils\locales.js
FN:8,(anonymous_0)
FN:9,(anonymous_1)
FN:10,(anonymous_2)
FN:12,flagCodeForLocale
FNF:4
FNH:3
FNDA:240,(anonymous_0)
FNDA:240,(anonymous_1)
FNDA:240,(anonymous_2)
FNDA:0,flagCodeForLocale
DA:1,60
DA:8,240
DA:9,240
DA:10,240
DA:13,0
DA:16,60
LF:6
LH:5
BRDA:13,0,0,0
BRDA:13,0,1,0
BRF:2
BRH:0
end_of_record
TN:
SF:utils\logger.js
FN:12,(anonymous_0)
FNF:1
FNH:1
FNDA:9,(anonymous_0)
DA:1,60
DA:2,60
DA:3,60
DA:5,60
DA:6,60
DA:8,60
DA:13,9
DA:14,9
DA:20,60
DA:21,0
DA:36,60
DA:47,60
LF:12
LH:11
BRDA:6,0,0,0
BRDA:6,0,1,60
BRDA:13,1,0,9
BRDA:13,1,1,0
BRDA:20,2,0,0
BRDA:20,2,1,60
BRDA:20,3,0,60
BRDA:20,3,1,60
BRDA:37,4,0,60
BRDA:37,4,1,60
BRF:10
BRH:7
end_of_record
TN:
SF:utils\loginBruteForce.js
FN:18,parsePositiveInt
FN:23,getBruteForceSettings
FN:29,(anonymous_2)
FN:58,clearSettingsCache
FN:63,countRecentFailedAttempts
FN:74,isIpTemporarilyBlocked
FN:93,accountLockUntil
FN:100,maybeAutoBlockIp
FNF:8
FNH:6
FNDA:570,parsePositiveInt
FNDA:388,getBruteForceSettings
FNDA:684,(anonymous_2)
FNDA:645,clearSettingsCache
FNDA:0,countRecentFailedAttempts
FNDA:0,isIpTemporarilyBlocked
FNDA:10,accountLockUntil
FNDA:13,maybeAutoBlockIp
DA:1,60
DA:2,60
DA:3,60
DA:5,60
DA:14,60
DA:15,60
DA:16,60
DA:19,570
DA:20,570
DA:24,388
DA:25,274
DA:28,114
DA:29,684
DA:31,114
DA:54,114
DA:55,114
DA:59,645
DA:60,645
DA:64,0
DA:65,0
DA:75,0
DA:76,0
DA:77,0
DA:80,0
DA:81,0
DA:82,0
DA:90,0
DA:94,10
DA:95,1
DA:97,9
DA:101,13
DA:102,13
DA:103,13
DA:106,0
DA:107,0
DA:108,0
DA:111,0
DA:112,0
DA:116,0
DA:117,0
DA:119,0
DA:122,60
LF:42
LH:25
BRDA:20,0,0,570
BRDA:20,0,1,0
BRDA:20,1,0,570
BRDA:20,1,1,570
BRDA:24,2,0,274
BRDA:24,2,1,114
BRDA:24,3,0,388
BRDA:24,3,1,274
BRDA:32,4,0,114
BRDA:32,4,1,0
BRDA:76,5,0,0
BRDA:76,5,1,0
BRDA:81,6,0,0
BRDA:81,6,1,0
BRDA:94,7,0,1
BRDA:94,7,1,9
BRDA:102,8,0,13
BRDA:102,8,1,0
BRDA:107,9,0,0
BRDA:107,9,1,0
BRDA:116,10,0,0
BRDA:116,10,1,0
BRF:22
BRH:11
end_of_record
TN:
SF:utils\mailer.js
FN:7,smtpConfigured
FN:11,getTransporter
FN:30,logToFile
FN:36,sendMail
FN:63,sendPasswordResetEmail
FN:70,sendCommentNotification
FNF:6
FNH:6
FNDA:5,smtpConfigured
FNDA:1,getTransporter
FNDA:1,logToFile
FNDA:1,sendMail
FNDA:1,sendPasswordResetEmail
FNDA:1,sendCommentNotification
DA:1,60
DA:2,60
DA:3,60
DA:5,60
DA:8,5
DA:12,1
DA:13,1
DA:14,0
DA:15,0
DA:16,0
DA:24,0
DA:26,0
DA:31,1
DA:32,1
DA:33,1
DA:37,1
DA:39,1
DA:47,1
DA:48,1
DA:49,0
DA:50,0
DA:53,1
DA:54,1
DA:55,0
DA:56,0
DA:58,1
DA:59,1
DA:60,1
DA:64,1
DA:65,1
DA:66,1
DA:67,1
DA:71,1
DA:72,1
DA:73,0
DA:74,0
DA:75,0
DA:78,60
LF:38
LH:26
BRDA:8,0,0,5
BRDA:8,0,1,0
BRDA:12,1,0,0
BRDA:12,1,1,1
BRDA:13,2,0,1
BRDA:13,2,1,0
BRDA:18,3,0,0
BRDA:18,3,1,0
BRDA:20,4,0,0
BRDA:20,4,1,0
BRDA:21,5,0,0
BRDA:21,5,1,0
BRDA:32,6,0,0
BRDA:32,6,1,1
BRDA:37,7,0,0
BRDA:37,7,1,1
BRDA:40,8,0,1
BRDA:40,8,1,1
BRDA:44,9,0,1
BRDA:44,9,1,1
BRDA:48,10,0,0
BRDA:48,10,1,1
BRDA:53,11,0,1
BRDA:53,11,1,0
BRDA:54,12,0,0
BRDA:54,12,1,1
BRDA:72,13,0,1
BRDA:72,13,1,0
BRF:28
BRH:13
end_of_record
TN:
SF:utils\mediaHelper.js
FN:12,publicPathFromDisk
FN:16,diskPathFromPublic
FN:20,createImageVariants
FN:35,buildMediaPayload
FN:50,removeMediaFiles
FN:58,mediaUrl
FN:63,normalizeUploadUrlsInHtml
FN:74,mediaFileExists
FN:83,filterExistingMedia
FN:84,(anonymous_9)
FNF:10
FNH:9
FNDA:12,publicPathFromDisk
FNDA:66,diskPathFromPublic
FNDA:3,createImageVariants
FNDA:3,buildMediaPayload
FNDA:0,removeMediaFiles
FNDA:1,mediaUrl
FNDA:14,normalizeUploadUrlsInHtml
FNDA:65,mediaFileExists
FNDA:6,filterExistingMedia
FNDA:65,(anonymous_9)
DA:1,60
DA:2,60
DA:3,60
DA:4,60
DA:6,60
DA:13,12
DA:17,66
DA:21,3
DA:22,3
DA:23,3
DA:24,3
DA:26,3
DA:27,9
DA:28,9
DA:29,9
DA:32,3
DA:36,3
DA:37,3
DA:38,3
DA:51,0
DA:52,0
DA:53,0
DA:54,0
DA:59,1
DA:60,1
DA:64,14
DA:65,14
DA:75,65
DA:76,65
DA:77,65
DA:79,0
DA:84,6
DA:85,65
DA:86,65
DA:90,60
LF:35
LH:30
BRDA:21,0,0,0
BRDA:21,0,1,3
BRDA:29,1,0,3
BRDA:29,1,1,6
BRDA:54,2,0,0
BRDA:54,2,1,0
BRDA:60,3,0,1
BRDA:60,3,1,0
BRDA:64,4,0,0
BRDA:64,4,1,14
BRDA:75,5,0,0
BRDA:75,5,1,65
BRDA:83,6,0,0
BRDA:85,7,0,65
BRDA:85,7,1,0
BRF:15
BRH:7
end_of_record
TN:
SF:utils\packageArchive.js
FN:8,isSafeEntryName
FN:12,(anonymous_1)
FN:16,findManifestInDir
FN:31,moveDirectory
FN:42,extractZipArchive
FNF:5
FNH:5
FNDA:74,isSafeEntryName
FNDA:127,(anonymous_1)
FNDA:12,findManifestInDir
FNDA:12,moveDirectory
FNDA:12,extractZipArchive
DA:1,60
DA:2,60
DA:3,60
DA:5,60
DA:6,60
DA:9,74
DA:10,74
DA:11,71
DA:12,127
DA:13,71
DA:17,12
DA:18,12
DA:20,0
DA:21,0
DA:22,0
DA:23,0
DA:24,0
DA:25,0
DA:28,0
DA:32,12
DA:33,12
DA:35,0
DA:36,0
DA:37,0
DA:38,0
DA:43,12
DA:44,12
DA:45,12
DA:47,12
DA:48,12
DA:50,12
DA:51,12
DA:52,12
DA:53,12
DA:54,69
DA:55,69
DA:56,69
DA:57,69
DA:58,0
DA:62,12
DA:64,12
DA:65,12
DA:67,12
DA:68,12
DA:69,12
DA:70,0
DA:73,12
DA:74,12
DA:75,0
DA:76,0
DA:77,0
DA:78,0
DA:83,12
DA:85,12
DA:87,12
DA:88,12
DA:92,60
LF:57
LH:40
BRDA:9,0,0,74
BRDA:9,0,1,0
BRDA:10,1,0,3
BRDA:10,1,1,71
BRDA:10,2,0,74
BRDA:10,2,1,74
BRDA:10,2,2,74
BRDA:12,3,0,0
BRDA:12,3,1,71
BRDA:12,4,0,127
BRDA:12,4,1,127
BRDA:18,5,0,12
BRDA:18,5,1,0
BRDA:22,6,0,0
BRDA:22,6,1,0
BRDA:24,7,0,0
BRDA:24,7,1,0
BRDA:35,8,0,0
BRDA:35,8,1,0
BRDA:36,9,0,0
BRDA:36,9,1,0
BRDA:43,10,0,0
BRDA:43,10,1,12
BRDA:45,11,0,0
BRDA:45,11,1,12
BRDA:54,12,0,0
BRDA:54,12,1,69
BRDA:55,13,0,69
BRDA:55,13,1,0
BRDA:56,14,0,69
BRDA:56,14,1,0
BRDA:57,15,0,0
BRDA:57,15,1,69
BRDA:65,16,0,0
BRDA:65,16,1,12
BRDA:68,17,0,0
BRDA:68,17,1,12
BRDA:68,18,0,12
BRDA:68,18,1,12
BRDA:69,19,0,0
BRDA:69,19,1,12
BRDA:74,20,0,0
BRDA:74,20,1,12
BRDA:87,21,0,0
BRDA:87,21,1,12
BRDA:88,22,0,12
BRDA:88,22,1,0
BRF:47
BRH:24
end_of_record
TN:
SF:utils\pagination.js
FN:1,parsePositiveInteger
FN:6,getPagination
FN:14,pageMeta
FNF:3
FNH:3
FNDA:74,parsePositiveInteger
FNDA:37,getPagination
FNDA:37,pageMeta
DA:2,74
DA:3,74
DA:7,37
DA:8,37
DA:9,37
DA:10,37
DA:11,37
DA:15,37
DA:23,60
LF:9
LH:9
BRDA:3,0,0,2
BRDA:3,0,1,72
BRDA:3,1,0,74
BRDA:3,1,1,2
BRDA:6,2,0,0
BRDA:6,3,0,34
BRF:6
BRH:5
end_of_record
TN:
SF:utils\pluginLoader.js
FN:12,readJson
FN:16,validateManifest
FN:29,discoverPluginManifests
FN:32,(anonymous_3)
FN:33,(anonymous_4)
FN:47,upsertPluginRow
FN:77,syncPluginBySlug
FN:84,syncInstalledPlugins
FN:92,runPluginMigrations
FN:100,(anonymous_9)
FN:114,(anonymous_10)
FN:129,loadActivePlugins
FN:137,(anonymous_12)
FN:165,getActivePlugins
FN:169,getActivationErrors
FN:173,activatePlugin
FN:186,listRegisteredHooks
FN:190,invokePluginLifecycle
FN:202,getManifestBySlug
FN:203,(anonymous_19)
FN:207,getPluginManagerStats
FN:210,(anonymous_21)
FN:219,deactivatePlugin
FN:225,removePluginDirectory
FN:230,registerHook
FNF:25
FNH:22
FNDA:857,readJson
FNDA:859,validateManifest
FNDA:75,discoverPluginManifests
FNDA:857,(anonymous_3)
FNDA:857,(anonymous_4)
FNDA:556,upsertPluginRow
FNDA:0,syncPluginBySlug
FNDA:49,syncInstalledPlugins
FNDA:43,runPluginMigrations
FNDA:2,(anonymous_9)
FNDA:2,(anonymous_10)
FNDA:24,loadActivePlugins
FNDA:161,(anonymous_12)
FNDA:0,getActivePlugins
FNDA:11,getActivationErrors
FNDA:5,activatePlugin
FNDA:24,listRegisteredHooks
FNDA:14,invokePluginLifecycle
FNDA:16,getManifestBySlug
FNDA:68,(anonymous_19)
FNDA:9,getPluginManagerStats
FNDA:102,(anonymous_21)
FNDA:4,deactivatePlugin
FNDA:18,removePluginDirectory
FNDA:0,registerHook
DA:1,60
DA:2,60
DA:3,60
DA:4,60
DA:5,60
DA:6,60
DA:8,60
DA:9,60
DA:10,60
DA:13,857
DA:17,859
DA:18,859
DA:19,2577
DA:20,0
DA:23,859
DA:24,0
DA:26,859
DA:30,75
DA:31,75
DA:32,857
DA:34,857
DA:35,857
DA:36,857
DA:37,857
DA:38,857
DA:40,0
DA:41,0
DA:48,556
DA:57,556
DA:58,556
DA:59,18
DA:60,18
DA:65,0
DA:66,0
DA:70,556
DA:71,556
DA:72,556
DA:74,556
DA:78,0
DA:79,0
DA:80,0
DA:81,0
DA:85,49
DA:86,49
DA:87,556
DA:89,49
DA:93,43
DA:94,43
DA:96,43
DA:97,43
DA:99,2
DA:100,2
DA:103,2
DA:104,2
DA:105,2
DA:107,2
DA:108,2
DA:111,2
DA:113,2
DA:114,2
DA:115,2
DA:116,2
DA:118,2
DA:124,2
DA:126,2
DA:130,24
DA:131,24
DA:132,24
DA:133,24
DA:134,24
DA:136,24
DA:137,161
DA:138,34
DA:139,0
DA:140,0
DA:141,0
DA:143,34
DA:144,34
DA:145,34
DA:146,34
DA:147,34
DA:148,0
DA:150,34
DA:151,34
DA:152,34
DA:153,34
DA:154,34
DA:156,34
DA:158,0
DA:159,0
DA:162,24
DA:166,0
DA:170,11
DA:174,5
DA:175,5
DA:176,5
DA:177,5
DA:178,5
DA:179,5
DA:180,5
DA:181,5
DA:182,5
DA:183,5
DA:187,24
DA:191,14
DA:192,14
DA:193,14
DA:194,14
DA:195,14
DA:196,14
DA:197,14
DA:198,11
DA:203,68
DA:204,16
DA:208,9
DA:209,9
DA:210,102
DA:211,9
DA:220,4
DA:221,4
DA:222,4
DA:226,18
DA:227,18
DA:231,0
DA:234,60
LF:125
LH:107
BRDA:19,0,0,0
BRDA:19,0,1,2577
BRDA:19,1,0,2577
BRDA:19,1,1,2577
BRDA:23,2,0,0
BRDA:23,2,1,859
BRDA:30,3,0,0
BRDA:30,3,1,75
BRDA:32,4,0,857
BRDA:32,4,1,857
BRDA:36,5,0,0
BRDA:36,5,1,857
BRDA:58,6,0,18
BRDA:58,6,1,538
BRDA:65,7,0,0
BRDA:65,7,1,0
BRDA:70,8,0,556
BRDA:70,8,1,0
BRDA:79,9,0,0
BRDA:79,9,1,0
BRDA:94,10,0,0
BRDA:94,10,1,43
BRDA:97,11,0,41
BRDA:97,11,1,2
BRDA:105,12,0,2
BRDA:105,12,1,2
BRDA:111,13,0,0
BRDA:111,13,1,2
BRDA:129,14,0,2
BRDA:138,15,0,0
BRDA:138,15,1,34
BRDA:145,16,0,34
BRDA:145,16,1,32
BRDA:147,17,0,0
BRDA:147,17,1,34
BRDA:153,18,0,34
BRDA:153,18,1,0
BRDA:158,19,0,0
BRDA:158,19,1,0
BRDA:173,20,0,0
BRDA:175,21,0,0
BRDA:175,21,1,5
BRDA:177,22,0,5
BRDA:177,22,1,0
BRDA:177,23,0,5
BRDA:177,23,1,0
BRDA:182,24,0,0
BRDA:182,24,1,5
BRDA:190,25,0,2
BRDA:192,26,0,14
BRDA:192,26,1,14
BRDA:194,27,0,0
BRDA:194,27,1,14
BRDA:197,28,0,11
BRDA:197,28,1,3
BRDA:204,29,0,16
BRDA:204,29,1,0
BRDA:219,30,0,0
BRDA:227,31,0,7
BRDA:227,31,1,11
BRDA:230,32,0,0
BRF:61
BRH:36
end_of_record
TN:
SF:utils\pluginSettings.js
FN:3,defaultsFromManifest
FN:14,resolvePluginSettings
FN:23,loadPluginSettings
FN:29,(anonymous_3)
FN:37,settingBool
FN:42,settingValue
FN:48,seedPluginDefaults
FNF:7
FNH:7
FNDA:32,defaultsFromManifest
FNDA:32,resolvePluginSettings
FNDA:30,loadPluginSettings
FNDA:186,(anonymous_3)
FNDA:59,settingBool
FNDA:114,settingValue
FNDA:561,seedPluginDefaults
DA:1,60
DA:4,32
DA:5,32
DA:6,186
DA:7,186
DA:8,0
DA:9,0
DA:11,32
DA:15,32
DA:16,32
DA:17,32
DA:18,200
DA:20,32
DA:24,30
DA:25,30
DA:26,30
DA:28,30
DA:29,30
DA:30,186
DA:31,186
DA:34,30
DA:38,59
DA:39,59
DA:43,114
DA:44,114
DA:45,99
DA:49,561
DA:50,561
DA:51,3087
DA:52,3087
DA:55,3087
DA:65,60
LF:32
LH:30
BRDA:5,0,0,32
BRDA:5,0,1,2
BRDA:6,1,0,0
BRDA:6,1,1,186
BRDA:7,2,0,186
BRDA:7,2,1,0
BRDA:8,3,0,0
BRDA:8,3,1,0
BRDA:17,4,0,32
BRDA:17,4,1,0
BRDA:18,5,0,185
BRDA:18,5,1,15
BRDA:18,6,0,200
BRDA:18,6,1,200
BRDA:18,6,2,200
BRDA:23,7,0,0
BRDA:25,8,0,30
BRDA:25,8,1,0
BRDA:25,8,2,0
BRDA:26,9,0,0
BRDA:26,9,1,30
BRDA:37,10,0,0
BRDA:38,11,0,0
BRDA:38,11,1,59
BRDA:38,12,0,59
BRDA:38,12,1,59
BRDA:38,12,2,59
BRDA:39,13,0,59
BRDA:39,13,1,5
BRDA:39,13,2,5
BRDA:39,13,3,5
BRDA:42,14,0,17
BRDA:44,15,0,15
BRDA:44,15,1,99
BRDA:44,16,0,114
BRDA:44,16,1,114
BRDA:44,16,2,114
BRDA:49,17,0,561
BRDA:49,17,1,22
BRDA:51,18,0,0
BRDA:51,18,1,3087
BRDA:52,19,0,3087
BRDA:52,19,1,0
BRDA:54,20,0,0
BRDA:54,20,1,0
BRDA:59,21,0,1568
BRDA:59,21,1,1519
BRF:47
BRH:32
end_of_record
TN:
SF:utils\policy.js
[...]
FNDA:2,(anonymous_5)
DA:1,60
DA:3,60
DA:8,1
DA:9,1
DA:11,1
DA:12,2
DA:14,1
DA:18,1
DA:20,1
DA:22,0
DA:23,0
DA:24,0
DA:25,0
DA:27,0
DA:30,0
DA:32,0
DA:37,8
DA:38,8
DA:39,0
DA:40,0
DA:42,2
DA:43,1
DA:47,60
LF:23
LH:14
BRDA:7,0,0,0
BRDA:17,1,0,0
BRDA:18,2,0,1
BRDA:18,2,1,0
BRDA:18,2,2,0
BRDA:18,2,3,0
BRDA:20,3,0,1
BRDA:20,3,1,0
BRDA:20,4,0,1
BRDA:20,4,1,0
BRDA:20,4,2,0
BRDA:22,5,0,0
BRDA:22,5,1,0
BRDA:23,6,0,0
BRDA:23,6,1,0
BRDA:32,7,0,0
BRDA:32,7,1,0
BRDA:36,8,0,2
BRDA:37,9,0,0
BRDA:37,9,1,8
BRDA:37,10,0,8
BRDA:37,10,1,8
BRDA:37,11,0,0
BRDA:37,11,1,0
BRDA:39,12,0,0
BRDA:39,12,1,0
BRDA:42,13,0,1
BRDA:42,13,1,1
BRF:28
BRH:9
end_of_record
TN:
SF:utils\siteHealth.js
FN:9,runChecks
FN:99,(anonymous_1)
FN:100,(anonymous_2)
FN:105,(anonymous_3)
FNF:4
FNH:4
FNDA:2,runChecks
FNDA:22,(anonymous_1)
FNDA:22,(anonymous_2)
FNDA:22,(anonymous_3)
DA:1,60
DA:2,60
DA:3,60
DA:4,60
DA:5,60
DA:6,60
DA:7,60
DA:10,2
DA:12,2
DA:19,2
DA:20,2
DA:21,2
DA:23,0
DA:26,2
DA:27,2
DA:34,2
DA:41,2
DA:48,2
DA:55,2
DA:56,2
DA:63,2
DA:70,2
DA:71,2
DA:72,2
DA:73,2
DA:74,2
DA:81,0
DA:84,2
DA:85,2
DA:86,2
DA:88,0
DA:91,2
DA:92,2
DA:99,22
DA:100,22
DA:102,2
DA:105,22
DA:109,60
LF:38
LH:35
BRDA:15,0,0,2
BRDA:15,0,1,0
BRDA:30,1,0,2
BRDA:30,1,1,0
BRDA:37,2,0,0
BRDA:37,2,1,2
BRDA:37,3,0,2
BRDA:37,3,1,2
BRDA:38,4,0,2
BRDA:38,4,1,0
BRDA:44,5,0,2
BRDA:44,5,1,0
BRDA:44,6,0,2
BRDA:44,6,1,2
BRDA:59,7,0,2
BRDA:59,7,1,0
BRDA:67,8,0,2
BRDA:67,8,1,0
BRDA:77,9,0,2
BRDA:77,9,1,0
BRDA:78,10,0,2
BRDA:78,10,1,0
BRDA:78,11,0,2
BRDA:78,11,1,0
BRDA:95,12,0,0
BRDA:95,12,1,2
BRDA:96,13,0,0
BRDA:96,13,1,2
BRDA:103,14,0,0
BRDA:103,14,1,2
BRDA:103,15,0,2
BRDA:103,15,1,0
BRF:32
BRH:18
end_of_record
TN:
SF:utils\slugGenerator.js
FN:3,createSlug
FN:8,createUniqueSlug
FNF:2
FNH:2
FNDA:17,createSlug
FNDA:16,createUniqueSlug
DA:1,60
DA:4,17
DA:5,17
DA:9,16
DA:10,16
DA:11,16
DA:13,16
DA:14,20
DA:15,20
DA:16,7
DA:17,4
DA:18,4
DA:22,60
LF:13
LH:13
BRDA:3,0,0,1
BRDA:4,1,0,17
BRDA:4,1,1,0
BRDA:4,2,0,17
BRDA:4,2,1,17
BRDA:5,3,0,17
BRDA:5,3,1,0
BRDA:8,4,0,0
BRDA:8,5,0,12
BRDA:8,6,0,9
BRDA:15,7,0,13
BRDA:15,7,1,7
BRDA:16,8,0,3
BRDA:16,8,1,4
BRDA:16,9,0,7
BRDA:16,9,1,3
BRDA:16,9,2,3
BRF:17
BRH:14
end_of_record
TN:
SF:utils\themeLoader.js
FN:34,normalizeTemplateName
FN:38,readJson
FN:42,validateManifest
FN:64,discoverThemes
FN:67,(anonymous_4)
FN:68,(anonymous_5)
FN:82,getThemeBySlug
FN:83,(anonymous_7)
FN:86,resolveThemeChain
FN:100,listTemplateFiles
FN:104,(anonymous_10)
FN:105,(anonymous_11)
FN:108,listPartialFiles
FN:112,(anonymous_13)
FN:113,(anonymous_14)
FN:116,walkAssets
FN:129,discoverThemeAssets
FN:136,(anonymous_17)
FN:137,(anonymous_18)
FN:142,(anonymous_19)
FN:143,(anonymous_20)
FN:147,(anonymous_21)
FN:154,syncInstalledThemes
FN:187,getActiveThemeManifest
FN:197,templateExistsInChain
FN:205,partialExistsInChain
FN:213,toViewPath
FN:217,resolveTemplate
FN:229,resolvePartial
FN:244,getLayoutClasses
FN:256,getManifestBySlug
FN:260,buildThemeSettingDefaults
FN:284,removeThemeDirectory
FN:289,getChildThemeSlugs
FN:291,(anonymous_34)
FN:292,(anonymous_35)
FN:296,getChildThemeSlugsFromDb
FN:302,(anonymous_37)
FN:313,resolveThemePreviewImage
FNF:39
FNH:35
FNDA:102,normalizeTemplateName
FNDA:135116,readJson
FNDA:135134,validateManifest
FNDA:12182,discoverThemes
FNDA:135126,(anonymous_4)
FNDA:135116,(anonymous_5)
FNDA:12142,getThemeBySlug
FNDA:15160,(anonymous_7)
FNDA:5966,resolveThemeChain
FNDA:229,listTemplateFiles
FNDA:1224,(anonymous_10)
FNDA:1224,(anonymous_11)
FNDA:229,listPartialFiles
FNDA:0,(anonymous_13)
FNDA:0,(anonymous_14)
FNDA:375,walkAssets
FNDA:123,discoverThemeAssets
FNDA:1224,(anonymous_17)
FNDA:0,(anonymous_18)
FNDA:826,(anonymous_19)
FNDA:280,(anonymous_20)
FNDA:229,(anonymous_21)
FNDA:31,syncInstalledThemes
FNDA:5776,getActiveThemeManifest
FNDA:33,templateExistsInChain
FNDA:5743,partialExistsInChain
FNDA:33,toViewPath
FNDA:33,resolveTemplate
FNDA:5743,resolvePartial
FNDA:522,getLayoutClasses
FNDA:131,getManifestBySlug
FNDA:8,buildThemeSettingDefaults
FNDA:24,removeThemeDirectory
FNDA:3,getChildThemeSlugs
FNDA:38,(anonymous_34)
FNDA:1,(anonymous_35)
FNDA:2,getChildThemeSlugsFromDb
FNDA:0,(anonymous_37)
FNDA:120,resolveThemePreviewImage
DA:1,60
DA:2,60
DA:3,60
DA:4,60
DA:6,60
DA:7,60
DA:9,60
DA:26,60
DA:28,60
DA:35,102
DA:39,135116
DA:43,135134
DA:44,405402
DA:46,135134
DA:47,1
DA:49,135133
DA:50,0
DA:52,135133
DA:53,0
DA:55,135133
DA:56,0
DA:58,135133
DA:59,0
DA:61,135133
DA:65,12182
DA:66,12182
DA:67,135126
DA:69,135116
DA:70,135116
DA:71,135116
DA:72,135116
DA:73,135116
DA:75,0
DA:76,0
DA:83,15160
DA:87,5966
DA:88,5966
DA:89,5966
DA:90,5966
DA:91,6103
DA:92,6103
DA:93,6103
DA:94,6103
DA:95,6103
DA:97,5966
DA:101,229
DA:102,229
DA:103,159
DA:104,1224
DA:105,1224
DA:109,229
DA:110,229
DA:111,0
DA:112,0
DA:113,0
DA:117,375
DA:118,292
DA:119,292
DA:120,292
DA:121,146
DA:123,146
DA:126,292
DA:130,123
DA:131,123
DA:132,123
DA:133,123
DA:135,123
DA:136,1224
DA:137,229
DA:138,229
DA:141,123
DA:142,826
DA:143,280
DA:145,123
DA:147,229
DA:155,31
DA:156,31
DA:157,360
DA:158,360
DA:159,316
DA:160,316
DA:161,0
DA:162,0
DA:165,360
DA:176,360
DA:184,31
DA:188,5776
DA:189,5776
DA:190,5776
DA:191,5776
DA:193,0
DA:198,33
DA:199,33
DA:200,33
DA:202,0
DA:206,5743
DA:207,5765
DA:208,5765
DA:210,5743
DA:214,33
DA:218,33
DA:219,33
DA:220,33
DA:221,33
DA:222,33
DA:224,0
DA:225,0
DA:226,0
DA:230,5743
DA:231,5743
DA:232,5743
DA:233,5743
DA:235,5743
DA:236,5743
DA:238,1044
DA:239,1044
DA:241,0
DA:245,522
DA:257,131
DA:261,8
DA:262,8
DA:263,8
DA:265,8
DA:272,8
DA:273,7
DA:274,7
DA:275,7
DA:276,7
DA:277,1
DA:281,8
DA:285,24
DA:286,24
DA:290,3
DA:291,38
DA:292,1
DA:293,3
DA:297,2
DA:298,2
DA:302,2
DA:305,60
DA:314,120
DA:315,120
DA:317,120
DA:318,120
DA:319,112
DA:320,112
DA:321,112
DA:323,0
DA:324,0
DA:328,8
DA:329,40
DA:330,0
DA:334,8
DA:337,60
LF:154
LH:134
BRDA:35,0,0,102
BRDA:35,0,1,98
BRDA:44,1,0,0
BRDA:44,1,1,405402
BRDA:44,2,0,405402
BRDA:44,2,1,405402
BRDA:46,3,0,1
BRDA:46,3,1,135133
BRDA:49,4,0,0
BRDA:49,4,1,135133
BRDA:49,5,0,135133
BRDA:49,5,1,122247
BRDA:52,6,0,0
BRDA:52,6,1,135133
BRDA:55,7,0,0
BRDA:55,7,1,135133
BRDA:55,8,0,135133
BRDA:55,8,1,135133
BRDA:58,9,0,0
BRDA:58,9,1,135133
BRDA:58,10,0,135133
BRDA:58,10,1,134009
BRDA:65,11,0,0
BRDA:65,11,1,12182
BRDA:67,12,0,135126
BRDA:67,12,1,135126
BRDA:71,13,0,0
BRDA:71,13,1,135116
BRDA:83,14,0,12142
BRDA:83,14,1,1
BRDA:90,15,0,12069
BRDA:90,15,1,6103
BRDA:93,16,0,0
BRDA:93,16,1,6103
BRDA:95,17,0,6103
BRDA:95,17,1,5966
BRDA:102,18,0,70
BRDA:102,18,1,159
BRDA:110,19,0,229
BRDA:110,19,1,0
BRDA:116,20,0,0
BRDA:116,21,0,0
BRDA:117,22,0,83
BRDA:117,22,1,292
BRDA:120,23,0,146
BRDA:120,23,1,146
BRDA:142,24,0,123
BRDA:142,24,1,0
BRDA:143,25,0,114
BRDA:143,25,1,9
BRDA:158,26,0,316
BRDA:158,26,1,44
BRDA:160,27,0,0
BRDA:160,27,1,316
BRDA:170,28,0,360
BRDA:170,28,1,19
BRDA:172,29,0,360
BRDA:172,29,1,44
BRDA:179,30,0,360
BRDA:179,30,1,19
BRDA:181,31,0,360
BRDA:181,31,1,44
BRDA:190,32,0,5776
BRDA:190,32,1,36
BRDA:200,33,0,33
BRDA:200,33,1,0
BRDA:208,34,0,0
BRDA:208,34,1,5765
BRDA:220,35,0,33
BRDA:220,35,1,0
BRDA:222,36,0,33
BRDA:222,36,1,0
BRDA:225,37,0,0
BRDA:225,37,1,0
BRDA:231,38,0,5743
BRDA:231,38,1,0
BRDA:233,39,0,0
BRDA:233,39,1,5743
BRDA:236,40,0,4699
BRDA:236,40,1,1044
BRDA:239,41,0,1044
BRDA:239,41,1,0
BRDA:244,42,0,0
BRDA:246,43,0,1
BRDA:246,43,1,521
BRDA:247,44,0,1
BRDA:247,44,1,521
BRDA:248,45,0,522
BRDA:248,45,1,5
BRDA:249,46,0,522
BRDA:249,46,1,5
BRDA:250,47,0,522
BRDA:250,47,1,5
BRDA:251,48,0,522
BRDA:251,48,1,5
BRDA:252,49,0,522
BRDA:252,49,1,6
BRDA:257,50,0,131
BRDA:257,50,1,0
BRDA:262,51,0,8
BRDA:262,51,1,1
BRDA:272,52,0,7
BRDA:272,52,1,1
BRDA:272,53,0,8
BRDA:272,53,1,7
BRDA:273,54,0,1
BRDA:273,54,1,6
BRDA:274,55,0,0
BRDA:274,55,1,7
BRDA:274,56,0,7
BRDA:274,56,1,7
BRDA:276,57,0,1
BRDA:276,57,1,6
BRDA:286,58,0,9
BRDA:286,58,1,15
BRDA:315,59,0,0
BRDA:315,59,1,120
BRDA:318,60,0,112
BRDA:318,60,1,8
BRDA:318,61,0,120
BRDA:318,61,1,112
BRDA:320,62,0,112
BRDA:320,62,1,0
BRDA:320,63,0,112
BRDA:320,63,1,112
BRDA:323,64,0,0
BRDA:323,64,1,0
BRDA:323,65,0,0
BRDA:323,65,1,0
BRDA:329,66,0,0
BRDA:329,66,1,40
BRF:131
BRH:99
end_of_record
TN:
SF:utils\themeManager.js
FN:17,normalizeTemplateName
FN:21,listThemeFiles
FN:31,scanThemeDirectory
FN:47,templateAvailable
FN:58,validateThemeForActivation
FN:70,(anonymous_5)
FN:80,(anonymous_6)
FN:83,syncInstalledThemes
FN:87,installThemeFromArchive
FN:109,activateTheme
FN:126,resetThemeSettings
FN:137,getThemeDetails
FN:154,(anonymous_12)
FNF:13
FNH:13
FNDA:66,normalizeTemplateName
FNDA:52,listThemeFiles
FNDA:18,scanThemeDirectory
FNDA:66,templateAvailable
FNDA:9,validateThemeForActivation
FNDA:48,(anonymous_5)
FNDA:16,(anonymous_6)
FNDA:8,syncInstalledThemes
FNDA:9,installThemeFromArchive
FNDA:4,activateTheme
FNDA:1,resetThemeSettings
FNDA:1,getThemeDetails
FNDA:2,(anonymous_12)
DA:1,60
DA:2,60
DA:3,60
DA:4,60
DA:5,60
DA:7,60
DA:8,60
DA:9,60
DA:11,60
DA:15,60
DA:18,66
DA:22,52
DA:23,52
DA:24,192
DA:25,192
DA:26,158
DA:28,52
DA:32,18
DA:33,18
DA:34,18
DA:35,158
DA:36,158
DA:37,158
DA:38,0
DA:40,158
DA:41,0
DA:44,18
DA:48,66
DA:49,66
DA:50,66
DA:51,68
DA:52,68
DA:54,2
DA:55,2
DA:59,9
DA:60,9
DA:62,8
DA:63,8
DA:64,1
DA:65,1
DA:66,0
DA:70,48
DA:71,8
DA:72,0
DA:75,8
DA:76,8
DA:77,0
DA:80,16
DA:84,8
DA:88,9
DA:89,9
DA:91,9
DA:92,9
DA:93,0
DA:94,0
DA:97,9
DA:98,4
DA:99,4
DA:100,1
DA:101,1
DA:105,8
DA:106,8
DA:110,4
DA:111,4
DA:113,4
DA:115,4
DA:116,4
DA:117,4
DA:118,4
DA:122,4
DA:123,4
DA:127,1
DA:128,1
DA:129,1
DA:130,1
DA:131,1
DA:132,1
DA:134,0
DA:138,1
DA:139,1
DA:140,1
DA:141,1
DA:142,1
DA:143,1
DA:145,0
DA:147,1
DA:154,2
DA:158,60
LF:88
LH:79
BRDA:21,0,0,18
BRDA:22,1,0,0
BRDA:22,1,1,52
BRDA:25,2,0,34
BRDA:25,2,1,158
BRDA:37,3,0,0
BRDA:37,3,1,158
BRDA:40,4,0,0
BRDA:40,4,1,158
BRDA:52,5,0,64
BRDA:52,5,1,4
BRDA:60,6,0,1
BRDA:60,6,1,8
BRDA:63,7,0,1
BRDA:63,7,1,7
BRDA:65,8,0,0
BRDA:65,8,1,1
BRDA:71,9,0,0
BRDA:71,9,1,8
BRDA:76,10,0,0
BRDA:76,10,1,8
BRDA:92,11,0,0
BRDA:92,11,1,9
BRDA:97,12,0,4
BRDA:97,12,1,5
BRDA:99,13,0,1
BRDA:99,13,1,3
BRDA:111,14,0,0
BRDA:111,14,1,4
BRDA:128,15,0,1
BRDA:128,15,1,0
BRDA:130,16,0,1
BRDA:130,16,1,0
BRDA:139,17,0,0
BRDA:139,17,1,1
BRF:35
BRH:24
end_of_record
TN:
SF:utils\themePartials.js
FN:17,resolveThemePartials
FN:25,partialIncludePath
FNF:2
FNH:2
FNDA:522,resolveThemePartials
FNDA:2,partialIncludePath
DA:1,60
DA:3,60
DA:18,522
DA:19,522
DA:20,5742
DA:22,522
DA:26,2
DA:27,1
DA:30,60
LF:9
LH:9
BRDA:26,0,0,1
BRDA:26,0,1,1
BRDA:26,1,0,2
BRDA:26,1,1,1
BRF:4
BRH:4
end_of_record
TN:
SF:utils\twoFactorRecovery.js
FN:5,generateRecoveryCodes
FN:14,replaceRecoveryCodes
FN:24,consumeRecoveryCode
FN:42,clearRecoveryCodes
FNF:4
FNH:4
FNDA:2,generateRecoveryCodes
FNDA:2,replaceRecoveryCodes
FNDA:4,consumeRecoveryCode
FNDA:1,clearRecoveryCodes
DA:1,60
DA:2,60
DA:3,60
DA:6,2
DA:7,2
DA:8,5
DA:9,5
DA:11,2
DA:15,2
DA:16,2
DA:17,5
DA:25,4
DA:26,4
DA:27,4
DA:29,4
DA:32,4
DA:33,5
DA:34,5
DA:35,2
DA:36,2
DA:39,2
DA:43,1
DA:46,60
LF:23
LH:23
BRDA:5,0,0,0
BRDA:25,1,0,0
BRDA:25,1,1,4
BRDA:25,2,0,4
BRDA:25,2,1,4
BRDA:27,3,0,0
BRDA:27,3,1,4
BRDA:34,4,0,2
BRDA:34,4,1,3
BRF:9
BRH:6
end_of_record
TN:
SF:utils\uploadHelper.js
FN:6,getUploadedFile
FN:10,saveUploadedImage
FN:18,isValidUploadPath
FN:28,sanitizeUploadPath
FN:34,readRecordPath
FN:47,resolveImageValue
FNF:6
FNH:6
FNDA:22,getUploadedFile
FNDA:22,saveUploadedImage
FNDA:12,isValidUploadPath
FNDA:26,sanitizeUploadPath
FNDA:19,readRecordPath
FNDA:22,resolveImageValue
DA:1,60
DA:2,60
DA:3,60
DA:4,60
DA:7,22
DA:11,22
DA:13,1
DA:14,1
DA:15,1
DA:19,12
DA:20,12
DA:21,12
DA:22,12
DA:23,10
DA:24,10
DA:25,10
DA:29,26
DA:30,11
DA:31,11
DA:35,19
DA:36,11
DA:37,11
DA:38,11
DA:39,1
DA:41,10
DA:42,3
DA:44,7
DA:48,22
DA:53,22
DA:54,21
DA:56,20
DA:57,20
DA:58,2
DA:59,2
DA:60,1
DA:63,18
DA:66,60
LF:37
LH:37
BRDA:7,0,0,22
BRDA:7,0,1,21
BRDA:7,1,0,6
BRDA:7,1,1,15
BRDA:10,2,0,0
BRDA:11,3,0,21
BRDA:11,3,1,1
BRDA:19,4,0,0
BRDA:19,4,1,12
BRDA:19,5,0,12
BRDA:19,5,1,12
BRDA:21,6,0,0
BRDA:21,6,1,12
BRDA:22,7,0,2
BRDA:22,7,1,10
BRDA:23,8,0,0
BRDA:23,8,1,10
BRDA:29,9,0,15
BRDA:29,9,1,11
BRDA:29,10,0,26
BRDA:29,10,1,11
BRDA:31,11,0,9
BRDA:31,11,1,2
BRDA:35,12,0,8
BRDA:35,12,1,11
BRDA:36,13,0,8
BRDA:36,13,1,3
BRDA:38,14,0,1
BRDA:38,14,1,10
BRDA:38,15,0,11
BRDA:38,15,1,6
BRDA:38,15,2,4
BRDA:41,16,0,3
BRDA:41,16,1,7
BRDA:41,17,0,10
BRDA:41,17,1,5
BRDA:41,17,2,5
BRDA:47,18,0,0
BRDA:47,19,0,12
BRDA:53,20,0,1
BRDA:53,20,1,21
BRDA:54,21,0,1
BRDA:54,21,1,20
BRDA:57,22,0,2
BRDA:57,22,1,18
BRDA:57,23,0,20
BRDA:57,23,1,3
BRDA:59,24,0,1
BRDA:59,24,1,1
BRF:49
BRH:44
end_of_record
TN:
SF:utils\wafHelper.js
FN:32,getClientIp
FN:43,maskSensitiveFields
FN:45,(anonymous_2)
FN:48,(anonymous_3)
FN:52,(anonymous_4)
FN:58,sanitizeLogData
FN:60,(anonymous_6)
FN:72,normalizeValue
FN:87,getSeverityWeight
FN:96,safeRegex
FN:105,matchPattern
FN:124,matchRule
FN:128,isAdminRoute
FN:132,isStaticAsset
FN:147,shouldSkipWaf
FN:154,createRequestId
FN:158,flattenInputs
FN:162,(anonymous_17)
FN:164,(anonymous_18)
FN:171,extractFileMetadata
FN:177,(anonymous_20)
FN:179,(anonymous_21)
FN:186,normalizeRequestData
FN:202,matchRuleAgainstRequest
FN:209,(anonymous_24)
FN:212,(anonymous_25)
FN:215,(anonymous_26)
FN:224,(anonymous_27)
FN:239,calculateRiskScore
FN:241,(anonymous_29)
FN:248,getActionForRiskScore
FN:253,(anonymous_31)
FN:254,(anonymous_32)
FN:255,(anonymous_33)
FN:263,(anonymous_34)
FN:269,buildSafeLogPayload
FN:296,createWafBlockResponse
FN:307,isExpiredIpListItem
FN:312,getRouteType
FN:323,validatePattern
FN:329,isDangerousUploadFilename
FNF:41
FNH:23
FNDA:278,getClientIp
FNDA:2,maskSensitiveFields
FNDA:0,(anonymous_2)
FNDA:3,(anonymous_3)
FNDA:16,(anonymous_4)
FNDA:0,sanitizeLogData
FNDA:0,(anonymous_6)
FNDA:24845,normalizeValue
FNDA:0,getSeverityWeight
FNDA:21926,safeRegex
FNDA:24844,matchPattern
FNDA:0,matchRule
FNDA:321,isAdminRoute
FNDA:529,isStaticAsset
FNDA:523,shouldSkipWaf
FNDA:521,createRequestId
FNDA:1207,flattenInputs
FNDA:0,(anonymous_17)
FNDA:792,(anonymous_18)
FNDA:139,extractFileMetadata
FNDA:0,(anonymous_20)
FNDA:0,(anonymous_21)
FNDA:139,normalizeRequestData
FNDA:4031,matchRuleAgainstRequest
FNDA:147,(anonymous_24)
FNDA:2820,(anonymous_25)
FNDA:12840,(anonymous_26)
FNDA:0,(anonymous_27)
FNDA:139,calculateRiskScore
FNDA:0,(anonymous_29)
FNDA:139,getActionForRiskScore
FNDA:0,(anonymous_31)
FNDA:0,(anonymous_32)
FNDA:0,(anonymous_33)
FNDA:0,(anonymous_34)
FNDA:0,buildSafeLogPayload
FNDA:0,createWafBlockResponse
FNDA:0,isExpiredIpListItem
FNDA:278,getRouteType
FNDA:1,validatePattern
FNDA:0,isDangerousUploadFilename
DA:1,60
DA:2,60
DA:4,60
DA:23,60
DA:25,60
DA:30,60
DA:33,278
DA:34,278
DA:35,278
DA:36,278
DA:37,0
DA:39,278
DA:40,278
DA:44,2
DA:45,2
DA:46,2
DA:48,1
DA:49,3
DA:50,3
DA:52,16
DA:53,3
DA:54,3
DA:59,0
DA:60,0
DA:61,0
DA:62,0
DA:63,0
DA:65,0
DA:66,0
DA:68,0
DA:73,24845
DA:74,24845
DA:75,24845
DA:76,24845
DA:78,0
DA:81,0
DA:82,0
DA:83,0
DA:84,0
DA:88,0
DA:97,21926
DA:98,21926
DA:99,21926
DA:101,3
DA:106,24844
DA:107,24844
DA:109,21925
DA:110,21925
DA:112,21925
DA:113,0
DA:115,21925
DA:116,1
DA:119,21924
DA:120,21924
DA:121,21923
DA:125,0
DA:129,321
DA:133,529
DA:134,529
DA:142,2
DA:144,527
DA:148,523
DA:149,521
DA:150,519
DA:151,519
DA:155,521
DA:159,1207
DA:160,1123
DA:161,333
DA:162,0
DA:164,333
DA:165,792
DA:166,792
DA:167,790
DA:172,139
DA:173,139
DA:174,0
DA:176,139
DA:177,0
DA:178,139
DA:179,0
DA:180,0
DA:183,139
DA:187,139
DA:188,139
DA:203,4031
DA:205,4031
DA:206,3336
DA:208,4031
DA:209,2919
DA:211,4031
DA:212,2820
DA:214,4031
DA:215,12840
DA:217,4031
DA:218,2919
DA:220,4031
DA:221,2780
DA:223,4031
DA:224,3197
DA:231,4031
DA:232,24842
DA:233,0
DA:236,4031
DA:240,139
DA:241,0
DA:244,139
DA:245,139
DA:249,139
DA:250,139
DA:251,139
DA:253,139
DA:254,139
DA:255,139
DA:257,139
DA:258,139
DA:260,0
DA:261,0
DA:262,0
DA:263,0
DA:264,0
DA:266,0
DA:270,0
DA:271,0
DA:272,0
DA:297,0
DA:298,0
DA:300,0
DA:308,0
DA:309,0
DA:313,278
DA:314,126
DA:315,6
DA:316,6
DA:317,0
DA:319,6
DA:320,6
DA:324,1
DA:325,1
DA:326,0
DA:330,0
DA:331,0
DA:334,60
LF:143
LH:101
BRDA:32,0,0,139
BRDA:33,1,0,278
BRDA:33,1,1,278
BRDA:34,2,0,0
BRDA:34,2,1,278
BRDA:34,3,0,278
BRDA:34,3,1,0
BRDA:36,4,0,0
BRDA:36,4,1,278
BRDA:36,5,0,278
BRDA:36,5,1,0
BRDA:39,6,0,278
BRDA:39,6,1,0
BRDA:39,6,2,0
BRDA:39,6,3,0
BRDA:43,7,0,1
BRDA:44,8,0,0
BRDA:44,8,1,2
BRDA:44,9,0,2
BRDA:44,9,1,2
BRDA:45,10,0,0
BRDA:45,10,1,2
BRDA:46,11,0,1
BRDA:46,11,1,1
BRDA:50,12,0,3
BRDA:50,12,1,1
BRDA:50,12,2,1
BRDA:53,13,0,2
BRDA:53,13,1,1
BRDA:61,14,0,0
BRDA:61,14,1,0
BRDA:62,15,0,0
BRDA:62,15,1,0
BRDA:66,16,0,0
BRDA:66,16,1,0
BRDA:73,17,0,0
BRDA:73,17,1,24845
BRDA:73,18,0,24845
BRDA:73,18,1,24845
BRDA:74,19,0,24845
BRDA:74,19,1,0
BRDA:81,20,0,0
BRDA:81,20,1,0
BRDA:81,21,0,0
BRDA:81,21,1,0
BRDA:82,22,0,0
BRDA:82,22,1,0
BRDA:83,23,0,0
BRDA:83,23,1,0
BRDA:88,24,0,0
BRDA:88,24,1,0
BRDA:97,25,0,0
BRDA:97,25,1,21926
BRDA:97,26,0,21926
BRDA:97,26,1,21926
BRDA:107,27,0,2919
BRDA:107,27,1,21925
BRDA:109,28,0,21925
BRDA:109,28,1,0
BRDA:110,29,0,21925
BRDA:110,29,1,0
BRDA:112,30,0,0
BRDA:112,30,1,21925
BRDA:115,31,0,1
BRDA:115,31,1,21924
BRDA:120,32,0,1
BRDA:120,32,1,21923
BRDA:129,33,0,321
BRDA:129,33,1,297
BRDA:133,34,0,529
BRDA:133,34,1,0
BRDA:134,35,0,2
BRDA:134,35,1,527
BRDA:135,36,0,529
BRDA:135,36,1,528
BRDA:135,36,2,528
BRDA:135,36,3,528
BRDA:135,36,4,528
BRDA:135,36,5,527
BRDA:148,37,0,2
BRDA:148,37,1,521
BRDA:149,38,0,2
BRDA:149,38,1,519
BRDA:149,39,0,521
BRDA:149,39,1,521
BRDA:149,39,2,520
BRDA:150,40,0,0
BRDA:150,40,1,519
BRDA:150,41,0,519
BRDA:150,41,1,519
BRDA:158,42,0,0
BRDA:158,43,0,0
BRDA:159,44,0,84
BRDA:159,44,1,1123
BRDA:159,45,0,1207
BRDA:159,45,1,1207
BRDA:160,46,0,790
BRDA:160,46,1,333
BRDA:161,47,0,0
BRDA:161,47,1,333
BRDA:165,48,0,792
BRDA:165,48,1,0
BRDA:166,49,0,2
BRDA:166,49,1,790
BRDA:166,50,0,792
BRDA:166,50,1,25
BRDA:173,51,0,0
BRDA:173,51,1,139
BRDA:176,52,0,0
BRDA:176,52,1,139
BRDA:178,53,0,0
BRDA:178,53,1,139
BRDA:178,54,0,139
BRDA:178,54,1,0
BRDA:187,55,0,139
BRDA:187,55,1,56
BRDA:189,56,0,139
BRDA:189,56,1,0
BRDA:189,56,2,0
BRDA:193,57,0,139
BRDA:193,57,1,139
BRDA:205,58,0,3336
BRDA:205,58,1,695
BRDA:205,59,0,4031
BRDA:205,59,1,1251
BRDA:208,60,0,2919
BRDA:208,60,1,1112
BRDA:208,61,0,4031
BRDA:208,61,1,1251
BRDA:211,62,0,2780
BRDA:211,62,1,1251
BRDA:211,63,0,4031
BRDA:211,63,1,1251
BRDA:214,64,0,2780
BRDA:214,64,1,1251
BRDA:214,65,0,4031
BRDA:214,65,1,1251
BRDA:217,66,0,2919
BRDA:217,66,1,1112
BRDA:217,67,0,4031
BRDA:217,67,1,1251
BRDA:220,68,0,2780
BRDA:220,68,1,1251
BRDA:220,69,0,4031
BRDA:220,69,1,1251
BRDA:223,70,0,3197
BRDA:223,70,1,834
BRDA:223,71,0,4031
BRDA:223,71,1,1251
BRDA:232,72,0,0
BRDA:232,72,1,24842
BRDA:239,73,0,0
BRDA:241,74,0,0
BRDA:241,74,1,0
BRDA:244,75,0,136
BRDA:244,75,1,3
BRDA:248,76,0,0
BRDA:249,77,0,139
BRDA:249,77,1,0
BRDA:249,77,2,0
BRDA:250,78,0,139
BRDA:250,78,1,0
BRDA:251,79,0,136
BRDA:251,79,1,3
BRDA:257,80,0,139
BRDA:257,80,1,0
BRDA:258,81,0,0
BRDA:258,81,1,139
BRDA:260,82,0,0
BRDA:260,82,1,0
BRDA:260,83,0,0
BRDA:260,83,1,0
BRDA:261,84,0,0
BRDA:261,84,1,0
BRDA:261,85,0,0
BRDA:261,85,1,0
BRDA:262,86,0,0
BRDA:262,86,1,0
BRDA:262,87,0,0
BRDA:262,87,1,0
BRDA:263,88,0,0
BRDA:263,88,1,0
BRDA:263,89,0,0
BRDA:263,89,1,0
BRDA:266,90,0,0
BRDA:266,90,1,0
BRDA:273,91,0,0
BRDA:273,91,1,0
BRDA:279,92,0,0
BRDA:279,92,1,0
BRDA:280,93,0,0
BRDA:280,93,1,0
BRDA:281,94,0,0
BRDA:281,94,1,0
BRDA:282,95,0,0
BRDA:282,95,1,0
BRDA:284,96,0,0
BRDA:284,96,1,0
BRDA:285,97,0,0
BRDA:285,97,1,0
BRDA:286,98,0,0
BRDA:286,98,1,0
BRDA:287,99,0,0
BRDA:287,99,1,0
BRDA:289,100,0,0
BRDA:289,100,1,0
BRDA:291,101,0,0
BRDA:291,101,1,0
BRDA:292,102,0,0
BRDA:292,102,1,0
BRDA:296,103,0,0
BRDA:297,104,0,0
BRDA:297,104,1,0
BRDA:297,105,0,0
BRDA:297,105,1,0
BRDA:297,105,2,0
BRDA:308,106,0,0
BRDA:308,106,1,0
BRDA:308,107,0,0
BRDA:308,107,1,0
BRDA:313,108,0,152
BRDA:313,108,1,126
BRDA:314,109,0,120
BRDA:314,109,1,6
BRDA:315,110,0,0
BRDA:315,110,1,6
BRDA:316,111,0,0
BRDA:316,111,1,6
BRDA:316,112,0,6
BRDA:316,112,1,6
BRDA:316,112,2,6
BRDA:319,113,0,0
BRDA:319,113,1,6
BRDA:323,114,0,0
BRDA:324,115,0,0
BRDA:324,115,1,1
BRDA:324,116,0,1
BRDA:324,116,1,1
BRDA:325,117,0,1
BRDA:325,117,1,0
BRDA:330,118,0,0
BRDA:330,118,1,0
BRF:242
BRH:129
end_of_record
