TN:
SF:controllers\admin\authController.js
FN:10,loginForm
FN:14,login
FN:66,(anonymous_2)
FN:105,forgotPasswordForm
FN:109,hashToken
FN:113,forgotPassword
FN:136,resetPassword
FN:160,resetPasswordForm
FN:164,profile
FN:173,updateProfile
FN:192,twoFactorForm
FN:209,enableTwoFactor
FN:227,disableTwoFactor
FN:238,logout
FN:239,(anonymous_14)
FNF:15
FNH:11
FNDA:73,loginForm
FNDA:70,login
FNDA:1018,(anonymous_2)
FNDA:2,forgotPasswordForm
FNDA:1,hashToken
FNDA:1,forgotPassword
FNDA:0,resetPassword
FNDA:1,resetPasswordForm
FNDA:2,profile
FNDA:1,updateProfile
FNDA:0,twoFactorForm
FNDA:0,enableTwoFactor
FNDA:0,disableTwoFactor
FNDA:1,logout
FNDA:1,(anonymous_14)
DA:1,25
DA:2,25
DA:3,25
DA:4,25
DA:5,25
DA:6,25
DA:7,25
DA:8,25
DA:11,73
DA:15,70
DA:16,70
DA:17,70
DA:18,0
DA:19,0
DA:22,70
DA:23,70
DA:27,70
DA:28,0
DA:29,0
DA:31,70
DA:33,70
DA:41,70
DA:42,9
DA:43,9
DA:44,9
DA:49,9
DA:50,9
DA:53,61
DA:54,0
DA:60,0
DA:61,0
DA:62,0
DA:66,1018
DA:67,61
DA:76,61
DA:78,61
DA:79,61
DA:87,61
DA:89,61
DA:90,0
DA:91,0
DA:94,61
DA:95,2
DA:96,2
DA:99,59
DA:101,0
DA:106,2
DA:110,1
DA:114,1
DA:115,1
DA:116,1
DA:117,1
DA:118,1
DA:125,1
DA:126,1
DA:129,1
DA:130,1
DA:132,0
DA:137,0
DA:138,0
DA:139,0
DA:146,0
DA:147,0
DA:148,0
DA:150,0
DA:151,0
DA:152,0
DA:153,0
DA:154,0
DA:156,0
DA:161,1
DA:165,2
DA:166,2
DA:167,2
DA:169,0
DA:174,1
DA:175,1
DA:176,1
DA:177,1
DA:178,0
DA:179,0
DA:181,1
DA:182,1
DA:183,1
DA:184,1
DA:185,1
DA:186,1
DA:188,0
DA:193,0
DA:194,0
DA:195,0
DA:196,0
DA:197,0
DA:198,0
DA:199,0
DA:200,0
DA:201,0
DA:203,0
DA:205,0
DA:210,0
DA:211,0
DA:212,0
DA:213,0
DA:214,0
DA:215,0
DA:216,0
DA:218,0
DA:219,0
DA:220,0
DA:221,0
DA:223,0
DA:228,0
DA:229,0
DA:230,0
DA:231,0
DA:232,0
DA:234,0
DA:239,1
DA:240,1
DA:244,25
LF:120
LH:63
BRDA:17,0,0,0
BRDA:17,0,1,70
BRDA:27,1,0,0
BRDA:27,1,1,70
BRDA:27,2,0,70
BRDA:27,2,1,0
BRDA:31,3,0,70
BRDA:31,3,1,70
BRDA:38,4,0,61
BRDA:38,4,1,9
BRDA:41,5,0,9
BRDA:41,5,1,61
BRDA:42,6,0,9
BRDA:42,6,1,0
BRDA:43,7,0,9
BRDA:43,7,1,3
BRDA:46,8,0,1
BRDA:46,8,1,8
BRDA:53,9,0,0
BRDA:53,9,1,61
BRDA:60,10,0,0
BRDA:60,10,1,0
BRDA:66,11,0,61
BRDA:66,11,1,0
BRDA:89,12,0,0
BRDA:89,12,1,61
BRDA:94,13,0,2
BRDA:94,13,1,59
BRDA:116,14,0,1
BRDA:116,14,1,0
BRDA:125,15,0,1
BRDA:125,15,1,0
BRDA:139,16,0,0
BRDA:139,16,1,0
BRDA:146,17,0,0
BRDA:146,17,1,0
BRDA:146,18,0,0
BRDA:146,18,1,0
BRDA:146,18,2,0
BRDA:161,19,0,1
BRDA:161,19,1,0
BRDA:177,20,0,0
BRDA:177,20,1,1
BRDA:197,21,0,0
BRDA:197,21,1,0
BRDA:213,22,0,0
BRDA:213,22,1,0
BRDA:214,23,0,0
BRDA:214,23,1,0
BRF:49
BRH:23
end_of_record
TN:
SF:controllers\admin\crudController.js
FN:22,normalizeArray
FN:27,sanitizePlainText
FN:31,allowedStatus
FN:40,ensureUserMutationAllowed
FN:70,ensureNotLastSuperAdmin
FN:90,(anonymous_5)
FN:91,(anonymous_6)
FN:116,(anonymous_7)
FN:124,(anonymous_8)
FN:148,(anonymous_9)
FN:149,(anonymous_10)
FN:162,(anonymous_11)
FN:169,(anonymous_12)
FN:184,(anonymous_13)
FN:200,(anonymous_14)
FN:207,(anonymous_15)
FN:208,(anonymous_16)
FN:216,(anonymous_17)
FN:217,(anonymous_18)
FN:229,(anonymous_19)
FN:230,(anonymous_20)
FN:231,(anonymous_21)
FN:239,(anonymous_22)
FN:246,(anonymous_23)
FN:250,getConfig
FN:260,index
FN:271,(anonymous_26)
FN:307,create
FN:327,store
FN:335,(anonymous_29)
FN:360,edit
FN:382,update
FN:392,(anonymous_32)
FN:420,destroy
FN:444,normalizeBulkIds
FN:449,bulkDestroy
FN:459,(anonymous_36)
FNF:37
FNH:26
FNDA:3,normalizeArray
FNDA:38,sanitizePlainText
FNDA:9,allowedStatus
FNDA:0,ensureUserMutationAllowed
FNDA:0,ensureNotLastSuperAdmin
FNDA:6,(anonymous_5)
FNDA:3,(anonymous_6)
FNDA:3,(anonymous_7)
FNDA:3,(anonymous_8)
FNDA:3,(anonymous_9)
FNDA:1,(anonymous_10)
FNDA:1,(anonymous_11)
FNDA:0,(anonymous_12)
FNDA:0,(anonymous_13)
FNDA:0,(anonymous_14)
FNDA:0,(anonymous_15)
FNDA:0,(anonymous_16)
FNDA:1,(anonymous_17)
FNDA:0,(anonymous_18)
FNDA:1,(anonymous_19)
FNDA:0,(anonymous_20)
FNDA:0,(anonymous_21)
FNDA:1,(anonymous_22)
FNDA:0,(anonymous_23)
FNDA:36,getConfig
FNDA:11,index
FNDA:3,(anonymous_26)
FNDA:6,create
FNDA:6,store
FNDA:6,(anonymous_29)
FNDA:4,edit
FNDA:5,update
FNDA:3,(anonymous_32)
FNDA:3,destroy
FNDA:1,normalizeBulkIds
FNDA:1,bulkDestroy
FNDA:1,(anonymous_36)
DA:1,25
DA:2,25
DA:3,25
DA:4,25
DA:5,25
DA:6,25
DA:7,25
DA:8,25
DA:9,25
DA:11,25
DA:23,3
DA:24,0
DA:28,38
DA:32,9
DA:33,9
DA:34,4
DA:35,1
DA:37,3
DA:41,0
DA:42,0
DA:44,0
DA:45,0
DA:46,0
DA:47,0
DA:49,0
DA:50,0
DA:51,0
DA:52,0
DA:55,0
DA:56,0
DA:57,0
DA:58,0
DA:59,0
DA:60,0
DA:62,0
DA:63,0
DA:64,0
DA:65,0
DA:71,0
DA:72,0
DA:73,0
DA:74,0
DA:75,0
DA:76,0
DA:77,0
DA:78,0
DA:79,0
DA:83,25
DA:90,6
DA:92,3
DA:93,3
DA:94,3
DA:116,3
DA:124,3
DA:148,3
DA:149,1
DA:162,1
DA:169,0
DA:184,0
DA:200,0
DA:207,0
DA:208,0
DA:216,1
DA:218,0
DA:219,0
DA:220,0
DA:229,1
DA:230,0
DA:231,0
DA:239,1
DA:246,0
DA:251,36
DA:252,36
DA:253,0
DA:254,0
DA:255,0
DA:257,36
DA:261,11
DA:262,11
DA:263,11
DA:264,11
DA:265,0
DA:266,0
DA:268,11
DA:269,11
DA:270,11
DA:271,3
DA:273,11
DA:274,3
DA:275,3
DA:276,3
DA:278,11
DA:279,0
DA:281,11
DA:289,11
DA:303,0
DA:308,6
DA:309,6
DA:310,6
DA:311,6
DA:312,0
DA:313,0
DA:315,6
DA:323,0
DA:328,6
DA:329,6
DA:330,6
DA:331,6
DA:332,0
DA:333,0
DA:335,6
DA:336,6
DA:337,6
DA:338,6
DA:339,2
DA:340,2
DA:341,0
DA:342,0
DA:343,0
DA:345,2
DA:347,6
DA:348,6
DA:349,6
DA:350,2
DA:353,6
DA:354,6
DA:356,0
DA:361,4
DA:362,4
DA:363,4
DA:364,4
DA:365,4
DA:366,4
DA:367,1
DA:368,1
DA:370,3
DA:378,0
DA:383,5
DA:384,5
DA:385,5
DA:386,5
DA:387,5
DA:388,5
DA:389,2
DA:390,2
DA:392,3
DA:393,3
DA:394,3
DA:395,0
DA:396,0
DA:398,3
DA:399,1
DA:400,1
DA:401,0
DA:402,0
DA:403,0
DA:405,1
DA:407,3
DA:408,3
DA:409,3
DA:410,1
DA:413,3
DA:414,3
DA:416,0
DA:421,3
DA:422,3
DA:423,3
DA:424,3
DA:425,3
DA:426,1
DA:427,1
DA:429,2
DA:430,0
DA:431,0
DA:432,0
DA:434,0
DA:436,2
DA:437,2
DA:438,2
DA:440,0
DA:445,1
DA:446,1
DA:450,1
DA:451,1
DA:452,1
DA:453,1
DA:454,1
DA:455,0
DA:456,0
DA:459,1
DA:460,1
DA:461,0
DA:462,0
DA:465,1
DA:466,1
DA:467,1
DA:468,1
DA:469,1
DA:470,0
DA:471,0
DA:472,0
DA:474,0
DA:477,1
DA:478,1
DA:481,1
DA:482,1
DA:484,0
DA:488,25
LF:208
LH:130
BRDA:23,0,0,3
BRDA:23,0,1,0
BRDA:24,1,0,0
BRDA:24,1,1,0
BRDA:27,2,0,0
BRDA:28,3,0,38
BRDA:28,3,1,23
BRDA:31,4,0,3
BRDA:32,5,0,9
BRDA:32,5,1,0
BRDA:33,6,0,5
BRDA:33,6,1,4
BRDA:34,7,0,1
BRDA:34,7,1,3
BRDA:34,8,0,4
BRDA:34,8,1,1
BRDA:35,9,0,1
BRDA:35,9,1,0
BRDA:40,10,0,0
BRDA:41,11,0,0
BRDA:41,11,1,0
BRDA:44,12,0,0
BRDA:44,12,1,0
BRDA:44,13,0,0
BRDA:44,13,1,0
BRDA:49,14,0,0
BRDA:49,14,1,0
BRDA:49,15,0,0
BRDA:49,15,1,0
BRDA:55,16,0,0
BRDA:55,16,1,0
BRDA:57,17,0,0
BRDA:57,17,1,0
BRDA:62,18,0,0
BRDA:62,18,1,0
BRDA:62,19,0,0
BRDA:62,19,1,0
BRDA:62,19,2,0
BRDA:71,20,0,0
BRDA:71,20,1,0
BRDA:73,21,0,0
BRDA:73,21,1,0
BRDA:76,22,0,0
BRDA:76,22,1,0
BRDA:91,23,0,0
BRDA:91,24,0,0
BRDA:96,25,0,3
BRDA:96,25,1,1
BRDA:97,26,0,3
BRDA:97,26,1,0
BRDA:107,27,0,3
BRDA:107,27,1,3
BRDA:108,28,0,2
BRDA:108,28,1,1
BRDA:108,29,0,2
BRDA:108,29,1,2
BRDA:113,30,0,3
BRDA:113,30,1,3
BRDA:113,31,0,1
BRDA:113,31,1,2
BRDA:116,32,0,0
BRDA:124,33,0,0
BRDA:124,34,0,0
BRDA:126,35,0,3
BRDA:126,35,1,0
BRDA:127,36,0,3
BRDA:127,36,1,0
BRDA:139,37,0,3
BRDA:139,37,1,3
BRDA:140,38,0,3
BRDA:140,38,1,3
BRDA:140,39,0,1
BRDA:140,39,1,2
BRDA:149,40,0,0
BRDA:149,41,0,0
BRDA:151,42,0,1
BRDA:151,42,1,0
BRDA:153,43,0,1
BRDA:153,43,1,1
BRDA:162,44,0,0
BRDA:162,45,0,1
BRDA:162,45,1,0
BRDA:169,46,0,0
BRDA:169,47,0,0
BRDA:175,48,0,0
BRDA:175,48,1,0
BRDA:184,49,0,0
BRDA:184,50,0,0
BRDA:190,51,0,0
BRDA:190,51,1,0
BRDA:200,52,0,0
BRDA:200,53,0,0
BRDA:200,53,1,0
BRDA:200,54,0,0
BRDA:200,54,1,0
BRDA:208,55,0,0
BRDA:208,55,1,0
BRDA:208,56,0,0
BRDA:208,56,1,0
BRDA:208,57,0,0
BRDA:208,57,1,0
BRDA:208,58,0,0
BRDA:208,58,1,0
BRDA:208,59,0,0
BRDA:208,59,1,0
BRDA:218,60,0,0
BRDA:218,60,1,0
BRDA:218,61,0,0
BRDA:218,61,1,0
BRDA:219,62,0,0
BRDA:219,62,1,0
BRDA:230,63,0,0
BRDA:230,64,0,0
BRDA:230,64,1,0
BRDA:231,65,0,0
BRDA:239,66,0,1
BRDA:239,66,1,0
BRDA:246,67,0,0
BRDA:246,67,1,0
BRDA:252,68,0,0
BRDA:252,68,1,36
BRDA:264,69,0,0
BRDA:264,69,1,11
BRDA:269,70,0,11
BRDA:269,70,1,10
BRDA:270,71,0,1
BRDA:270,71,1,10
BRDA:273,72,0,3
BRDA:273,72,1,8
BRDA:274,73,0,0
BRDA:274,73,1,3
BRDA:275,74,0,0
BRDA:275,74,1,3
BRDA:276,75,0,2
BRDA:276,75,1,1
BRDA:278,76,0,0
BRDA:278,76,1,11
BRDA:278,77,0,11
BRDA:278,77,1,1
BRDA:283,78,0,11
BRDA:283,78,1,4
BRDA:297,79,0,11
BRDA:297,79,1,11
BRDA:298,80,0,11
BRDA:298,80,1,11
BRDA:300,81,0,7
BRDA:300,81,1,4
BRDA:311,82,0,0
BRDA:311,82,1,6
BRDA:320,83,0,3
BRDA:320,83,1,3
BRDA:331,84,0,0
BRDA:331,84,1,6
BRDA:337,85,0,0
BRDA:337,85,1,6
BRDA:338,86,0,2
BRDA:338,86,1,4
BRDA:340,87,0,0
BRDA:340,87,1,2
BRDA:340,88,0,2
BRDA:340,88,1,2
BRDA:345,89,0,2
BRDA:345,89,1,0
BRDA:348,90,0,2
BRDA:348,90,1,4
BRDA:349,91,0,2
BRDA:349,91,1,4
BRDA:364,92,0,4
BRDA:364,92,1,0
BRDA:365,93,0,0
BRDA:365,93,1,4
BRDA:366,94,0,1
BRDA:366,94,1,3
BRDA:375,95,0,1
BRDA:375,95,1,2
BRDA:387,96,0,0
BRDA:387,96,1,5
BRDA:388,97,0,2
BRDA:388,97,1,3
BRDA:394,98,0,0
BRDA:394,98,1,3
BRDA:398,99,0,1
BRDA:398,99,1,2
BRDA:400,100,0,0
BRDA:400,100,1,1
BRDA:400,101,0,1
BRDA:400,101,1,1
BRDA:405,102,0,1
BRDA:405,102,1,0
BRDA:408,103,0,1
BRDA:408,103,1,2
BRDA:409,104,0,1
BRDA:409,104,1,2
BRDA:425,105,0,1
BRDA:425,105,1,2
BRDA:425,106,0,3
BRDA:425,106,1,3
BRDA:429,107,0,0
BRDA:429,107,1,2
BRDA:430,108,0,0
BRDA:430,108,1,0
BRDA:436,109,0,2
BRDA:436,109,1,0
BRDA:445,110,0,0
BRDA:445,110,1,1
BRDA:446,111,0,0
BRDA:446,111,1,1
BRDA:453,112,0,1
BRDA:453,112,1,0
BRDA:454,113,0,0
BRDA:454,113,1,1
BRDA:460,114,0,0
BRDA:460,114,1,1
BRDA:468,115,0,0
BRDA:468,115,1,1
BRDA:469,116,0,0
BRDA:469,116,1,1
BRDA:470,117,0,0
BRDA:470,117,1,0
BRDA:481,118,0,1
BRDA:481,118,1,0
BRF:221
BRH:110
end_of_record
TN:
SF:controllers\admin\dashboardController.js
FN:19,dashboard
FN:89,quickDraft
FNF:2
FNH:2
FNDA:11,dashboard
FNDA:1,quickDraft
DA:1,25
DA:2,25
DA:15,25
DA:16,25
DA:17,25
DA:20,11
DA:21,11
DA:39,11
DA:58,11
DA:59,11
DA:60,11
DA:61,11
DA:63,0
DA:66,11
DA:85,0
DA:90,1
DA:91,1
DA:92,1
DA:93,1
DA:94,0
DA:95,0
DA:97,1
DA:98,1
DA:106,1
DA:107,1
DA:109,0
DA:113,25
LF:27
LH:22
BRDA:77,0,0,11
BRDA:77,0,1,0
BRDA:80,1,0,11
BRDA:80,1,1,0
BRDA:81,2,0,11
BRDA:81,2,1,0
BRDA:91,3,0,1
BRDA:91,3,1,0
BRDA:92,4,0,1
BRDA:92,4,1,0
BRDA:93,5,0,0
BRDA:93,5,1,1
BRDA:101,6,0,1
BRDA:101,6,1,0
BRF:14
BRH:7
end_of_record
TN:
SF:controllers\admin\mediaController.js
FN:7,index
FN:21,upload
FN:46,edit
FN:60,update
FN:96,destroy
FNF:5
FNH:5
FNDA:4,index
FNDA:1,upload
FNDA:3,edit
FNDA:1,update
FNDA:1,destroy
DA:1,25
DA:2,25
DA:3,25
DA:4,25
DA:5,25
DA:8,4
DA:9,4
DA:10,4
DA:11,4
DA:12,0
DA:14,4
DA:15,4
DA:17,0
DA:22,1
DA:23,1
DA:24,1
DA:25,1
DA:26,1
DA:30,1
DA:31,1
DA:32,1
DA:33,1
DA:35,1
DA:36,0
DA:37,0
DA:39,1
DA:40,1
DA:42,0
DA:47,3
DA:48,3
DA:49,3
DA:50,3
DA:51,1
DA:52,1
DA:54,2
DA:56,0
DA:61,1
DA:62,1
DA:63,1
DA:64,1
DA:65,0
DA:66,0
DA:68,1
DA:73,1
DA:74,0
DA:78,0
DA:79,0
DA:80,0
DA:82,0
DA:83,0
DA:85,1
DA:86,1
DA:87,0
DA:89,1
DA:90,1
DA:92,0
DA:97,1
DA:98,1
DA:99,1
DA:100,1
DA:101,1
DA:103,0
DA:104,0
DA:105,0
DA:107,0
DA:108,0
DA:110,0
DA:114,25
LF:68
LH:46
BRDA:11,0,0,0
BRDA:11,0,1,4
BRDA:11,1,0,4
BRDA:11,1,1,0
BRDA:23,2,0,1
BRDA:23,2,1,0
BRDA:23,3,0,0
BRDA:23,3,1,0
BRDA:30,4,0,0
BRDA:30,4,1,1
BRDA:35,5,0,0
BRDA:35,5,1,1
BRDA:35,6,0,1
BRDA:35,6,1,0
BRDA:39,7,0,1
BRDA:39,7,1,0
BRDA:49,8,0,0
BRDA:49,8,1,3
BRDA:50,9,0,1
BRDA:50,9,1,2
BRDA:63,10,0,0
BRDA:63,10,1,1
BRDA:64,11,0,0
BRDA:64,11,1,1
BRDA:73,12,0,0
BRDA:73,12,1,1
BRDA:78,13,0,0
BRDA:78,13,1,0
BRDA:86,14,0,0
BRDA:86,14,1,1
BRDA:99,15,0,1
BRDA:99,15,1,0
BRDA:99,16,0,1
BRDA:99,16,1,1
BRDA:103,17,0,0
BRDA:103,17,1,0
BRF:36
BRH:17
end_of_record
TN:
SF:controllers\admin\settingsController.js
FN:5,settings
FN:10,(anonymous_1)
FN:32,updateSettings
FN:60,mediaGallery
FN:69,(anonymous_4)
FNF:5
FNH:5
FNDA:2,settings
FNDA:64,(anonymous_1)
FNDA:1,updateSettings
FNDA:1,mediaGallery
FNDA:25,(anonymous_4)
DA:1,25
DA:2,25
DA:3,25
DA:6,2
DA:7,2
DA:8,2
DA:9,2
DA:10,2
DA:11,64
DA:12,64
DA:13,64
DA:15,2
DA:23,0
DA:27,25
DA:33,1
DA:34,1
DA:35,3
DA:37,2
DA:38,2
DA:39,0
DA:40,0
DA:47,2
DA:53,1
DA:54,1
DA:56,0
DA:61,1
DA:62,1
DA:63,1
DA:68,1
DA:69,25
DA:81,0
DA:85,25
LF:32
LH:27
BRDA:11,0,0,64
BRDA:11,0,1,0
BRDA:12,1,0,14
BRDA:12,1,1,50
BRDA:35,2,0,1
BRDA:35,2,1,2
BRDA:35,3,0,3
BRDA:35,3,1,2
BRDA:35,3,2,2
BRDA:35,3,3,2
BRDA:37,4,0,0
BRDA:37,4,1,2
BRDA:38,5,0,0
BRDA:38,5,1,2
BRDA:43,6,0,0
BRDA:43,6,1,0
BRDA:62,7,0,1
BRDA:62,7,1,0
BRF:18
BRH:12
end_of_record
TN:
SF:controllers\public\siteController.js
FN:34,renderTheme
FN:38,translateViewData
FN:68,applyRenderHooks
FN:83,renderPublic
FN:93,postsForCategorySlug
FN:104,home
FN:158,blog
FN:175,post
FN:219,category
FN:245,tag
FN:264,page
FN:278,search
FN:331,contact
FN:343,submitContact
FN:378,comment
FN:415,sitemap
FN:425,(anonymous_16)
FN:426,(anonymous_17)
FN:430,(anonymous_18)
FN:437,robots
FNF:20
FNH:20
FNDA:22,renderTheme
FNDA:22,translateViewData
FNDA:22,applyRenderHooks
FNDA:22,renderPublic
FNDA:40,postsForCategorySlug
FNDA:10,home
FNDA:1,blog
FNDA:2,post
FNDA:1,category
FNDA:1,tag
FNDA:3,page
FNDA:3,search
FNDA:2,contact
FNDA:1,submitContact
FNDA:1,comment
FNDA:1,sitemap
FNDA:49,(anonymous_16)
FNDA:21,(anonymous_17)
FNDA:72,(anonymous_18)
FNDA:1,robots
DA:1,25
DA:2,25
DA:3,25
DA:16,25
DA:17,25
DA:18,25
DA:19,25
DA:20,25
DA:21,25
DA:30,25
DA:32,25
DA:35,22
DA:39,22
DA:40,22
DA:41,0
DA:43,0
DA:44,0
DA:45,0
DA:46,0
DA:47,0
DA:48,0
DA:49,0
DA:50,0
DA:51,0
DA:52,0
DA:53,0
DA:54,0
DA:55,0
DA:56,0
DA:57,0
DA:58,0
DA:59,0
DA:60,0
DA:61,0
DA:62,0
DA:65,0
DA:69,22
DA:70,22
DA:71,22
DA:72,4
DA:73,4
DA:74,4
DA:76,22
DA:77,22
DA:78,4
DA:80,22
DA:84,22
DA:85,22
DA:86,22
DA:87,22
DA:88,0
DA:90,22
DA:94,40
DA:95,40
DA:96,10
DA:105,10
DA:116,10
DA:128,10
DA:129,10
DA:131,10
DA:132,10
DA:133,10
DA:135,10
DA:154,0
DA:159,1
DA:160,1
DA:161,1
DA:169,1
DA:171,0
DA:176,2
DA:177,2
DA:181,2
DA:182,2
DA:183,2
DA:205,2
DA:215,0
DA:220,1
DA:221,1
DA:222,1
DA:223,1
DA:224,1
DA:232,1
DA:233,1
DA:241,0
DA:246,1
DA:247,1
DA:248,1
DA:249,1
DA:250,1
DA:258,1
DA:260,0
DA:265,3
DA:266,3
DA:267,3
DA:268,2
DA:274,0
DA:279,3
DA:280,3
DA:281,3
DA:282,3
DA:283,3
DA:284,3
DA:286,3
DA:287,3
DA:302,3
DA:303,3
DA:305,3
DA:318,3
DA:327,0
DA:332,2
DA:333,2
DA:337,2
DA:339,0
DA:344,1
DA:345,1
DA:346,1
DA:347,0
DA:348,0
DA:351,1
DA:358,1
DA:359,1
DA:360,0
DA:361,0
DA:364,1
DA:371,1
DA:372,1
DA:374,0
DA:379,1
DA:380,1
DA:381,1
DA:382,0
DA:383,0
DA:386,1
DA:387,1
DA:388,0
DA:389,0
DA:391,1
DA:401,1
DA:402,1
DA:403,0
DA:404,0
DA:406,1
DA:407,1
DA:408,1
DA:409,1
DA:411,0
DA:416,1
DA:417,1
DA:421,1
DA:422,1
DA:425,49
DA:426,21
DA:428,1
DA:429,1
DA:430,72
DA:433,0
DA:438,1
DA:441,25
LF:158
LH:114
BRDA:40,0,0,22
BRDA:40,0,1,0
BRDA:43,1,0,0
BRDA:43,1,1,0
BRDA:44,2,0,0
BRDA:44,2,1,0
BRDA:45,3,0,0
BRDA:45,3,1,0
BRDA:46,4,0,0
BRDA:46,4,1,0
BRDA:47,5,0,0
BRDA:47,5,1,0
BRDA:48,6,0,0
BRDA:48,6,1,0
BRDA:49,7,0,0
BRDA:49,7,1,0
BRDA:50,8,0,0
BRDA:50,8,1,0
BRDA:51,9,0,0
BRDA:51,9,1,0
BRDA:52,10,0,0
BRDA:52,10,1,0
BRDA:53,11,0,0
BRDA:53,11,1,0
BRDA:54,12,0,0
BRDA:54,12,1,0
BRDA:55,13,0,0
BRDA:55,13,1,0
BRDA:56,14,0,0
BRDA:56,14,1,0
BRDA:57,15,0,0
BRDA:57,15,1,0
BRDA:57,16,0,0
BRDA:57,16,1,0
BRDA:58,17,0,0
BRDA:58,17,1,0
BRDA:58,18,0,0
BRDA:58,18,1,0
BRDA:59,19,0,0
BRDA:59,19,1,0
BRDA:61,20,0,0
BRDA:61,20,1,0
BRDA:62,21,0,0
BRDA:62,21,1,0
BRDA:68,22,0,0
BRDA:71,23,0,4
BRDA:71,23,1,18
BRDA:73,24,0,0
BRDA:73,24,1,4
BRDA:73,25,0,4
BRDA:73,25,1,4
BRDA:74,26,0,4
BRDA:74,26,1,0
BRDA:77,27,0,4
BRDA:77,27,1,18
BRDA:83,28,0,18
BRDA:84,29,0,22
BRDA:84,29,1,18
BRDA:85,30,0,18
BRDA:85,30,1,4
BRDA:87,31,0,0
BRDA:87,31,1,22
BRDA:93,32,0,0
BRDA:95,33,0,30
BRDA:95,33,1,10
BRDA:128,34,0,10
BRDA:128,34,1,0
BRDA:129,35,0,0
BRDA:129,35,1,10
BRDA:132,36,0,10
BRDA:132,36,1,0
BRDA:133,37,0,10
BRDA:133,37,1,0
BRDA:160,38,0,1
BRDA:160,38,1,0
BRDA:181,39,0,0
BRDA:181,39,1,2
BRDA:188,40,0,1
BRDA:188,40,1,1
BRDA:195,41,0,2
BRDA:195,41,1,0
BRDA:200,42,0,2
BRDA:200,42,1,0
BRDA:207,43,0,2
BRDA:207,43,1,2
BRDA:207,44,0,2
BRDA:207,44,1,2
BRDA:207,45,0,2
BRDA:207,45,1,2
BRDA:222,46,0,0
BRDA:222,46,1,1
BRDA:223,47,0,1
BRDA:223,47,1,0
BRDA:247,48,0,1
BRDA:247,48,1,0
BRDA:249,49,0,0
BRDA:249,49,1,1
BRDA:267,50,0,1
BRDA:267,50,1,2
BRDA:270,51,0,2
BRDA:270,51,1,2
BRDA:270,52,0,2
BRDA:270,52,1,2
BRDA:280,53,0,3
BRDA:280,53,1,0
BRDA:281,54,0,3
BRDA:281,54,1,0
BRDA:286,55,0,3
BRDA:286,55,1,0
BRDA:320,56,0,3
BRDA:320,56,1,0
BRDA:324,57,0,3
BRDA:324,57,1,0
BRDA:334,58,0,2
BRDA:334,58,1,2
BRDA:335,59,0,2
BRDA:335,59,1,2
BRDA:346,60,0,0
BRDA:346,60,1,1
BRDA:347,61,0,0
BRDA:347,61,1,0
BRDA:356,62,0,1
BRDA:356,62,1,0
BRDA:359,63,0,0
BRDA:359,63,1,1
BRDA:381,64,0,0
BRDA:381,64,1,1
BRDA:382,65,0,0
BRDA:382,65,1,0
BRDA:387,66,0,0
BRDA:387,66,1,1
BRDA:387,67,0,1
BRDA:387,67,1,1
BRDA:396,68,0,1
BRDA:396,68,1,0
BRDA:402,69,0,0
BRDA:402,69,1,1
BRF:137
BRH:61
end_of_record
TN:
SF:middleware\activityLog.js
FN:3,activityLogMiddleware
FN:4,(anonymous_1)
FN:5,(anonymous_2)
FNF:3
FNH:3
FNDA:25,activityLogMiddleware
FNDA:89,(anonymous_1)
FNDA:89,(anonymous_2)
DA:1,25
DA:4,25
DA:5,89
DA:6,89
DA:7,29
DA:8,29
DA:17,0
DA:20,89
DA:24,25
LF:9
LH:8
BRDA:3,0,0,0
BRDA:6,1,0,60
BRDA:6,1,1,29
BRDA:6,2,0,89
BRDA:6,2,1,89
BRF:5
BRH:4
end_of_record
TN:
SF:middleware\apiAuth.js
FN:3,apiAuth
FNF:1
FNH:1
FNDA:9,apiAuth
DA:1,27
DA:4,9
DA:5,2
DA:6,2
DA:7,1
DA:13,27
LF:6
LH:6
BRDA:4,0,0,7
BRDA:4,0,1,2
BRDA:5,1,0,2
BRDA:5,1,1,1
BRDA:6,2,0,1
BRDA:6,2,1,1
BRDA:6,3,0,2
BRDA:6,3,1,1
BRF:8
BRH:8
end_of_record
TN:
SF:middleware\auth.js
FN:5,refreshSessionUser
FN:16,(anonymous_1)
FN:22,requireAuth
FN:31,(anonymous_3)
FN:40,(anonymous_4)
FN:63,guestOnly
FNF:6
FNH:4
FNDA:59,refreshSessionUser
FNDA:995,(anonymous_1)
FNDA:186,requireAuth
FNDA:0,(anonymous_3)
FNDA:0,(anonymous_4)
FNDA:147,guestOnly
DA:1,25
DA:2,25
DA:3,25
DA:6,59
DA:9,59
DA:10,59
DA:16,995
DA:19,59
DA:23,186
DA:24,3
DA:25,3
DA:28,183
DA:29,183
DA:30,183
DA:31,0
DA:32,0
DA:33,0
DA:36,183
DA:37,183
DA:38,59
DA:39,59
DA:40,0
DA:41,0
DA:43,59
DA:46,183
DA:47,0
DA:48,0
DA:51,183
DA:52,1
DA:53,1
DA:56,182
DA:57,182
DA:59,0
DA:64,147
DA:65,147
DA:68,25
LF:36
LH:28
BRDA:9,0,0,0
BRDA:9,0,1,59
BRDA:9,1,0,59
BRDA:9,1,1,59
BRDA:16,2,0,59
BRDA:16,2,1,0
BRDA:23,3,0,3
BRDA:23,3,1,183
BRDA:28,4,0,183
BRDA:28,4,1,0
BRDA:30,5,0,0
BRDA:30,5,1,183
BRDA:37,6,0,59
BRDA:37,6,1,124
BRDA:37,7,0,183
BRDA:37,7,1,124
BRDA:39,8,0,0
BRDA:39,8,1,59
BRDA:46,9,0,0
BRDA:46,9,1,183
BRDA:46,10,0,183
BRDA:46,10,1,0
BRDA:46,10,2,0
BRDA:51,11,0,1
BRDA:51,11,1,182
BRDA:53,12,0,1
BRDA:53,12,1,0
BRDA:64,13,0,0
BRDA:64,13,1,147
BRF:29
BRH:19
end_of_record
TN:
SF:middleware\csrf.js
FN:5,ensureToken
FN:10,getSubmittedToken
FN:16,csrfProtection
FN:17,(anonymous_3)
FNF:4
FNH:4
FNDA:565,ensureToken
FNDA:107,getSubmittedToken
FNDA:284,csrfProtection
FNDA:281,(anonymous_3)
DA:1,25
DA:3,25
DA:6,565
DA:7,565
DA:13,107
DA:17,284
DA:18,284
DA:19,284
DA:21,107
DA:22,107
DA:23,107
DA:24,107
DA:25,107
DA:26,3
DA:27,3
DA:28,3
DA:29,3
DA:31,104
DA:34,25
LF:19
LH:19
BRDA:6,0,0,110
BRDA:6,0,1,455
BRDA:13,1,0,107
BRDA:13,1,1,107
BRDA:13,1,2,5
BRDA:13,1,3,5
BRDA:19,2,0,177
BRDA:19,2,1,107
BRDA:22,3,0,107
BRDA:22,3,1,3
BRDA:24,4,0,107
BRDA:24,4,1,104
BRDA:25,5,0,3
BRDA:25,5,1,104
BRF:14
BRH:14
end_of_record
TN:
SF:middleware\errorHandler.js
FN:3,errorHandler
FNF:1
FNH:1
FNDA:6,errorHandler
DA:1,26
DA:4,6
DA:6,6
DA:7,6
DA:17,6
DA:18,1
DA:21,5
DA:29,26
LF:8
LH:8
BRDA:4,0,0,0
BRDA:4,0,1,6
BRDA:6,1,0,4
BRDA:6,1,1,2
BRDA:6,2,0,2
BRDA:6,2,1,2
BRDA:17,3,0,1
BRDA:17,3,1,5
BRDA:18,4,0,1
BRDA:18,4,1,0
BRDA:22,5,0,4
BRDA:22,5,1,1
BRDA:23,6,0,4
BRDA:23,6,1,1
BRDA:25,7,0,0
BRDA:25,7,1,1
BRF:16
BRH:13
end_of_record
TN:
SF:middleware\locale.js
FN:10,localeMiddleware
FN:22,(anonymous_1)
FN:23,(anonymous_2)
FNF:3
FNH:1
FNDA:281,localeMiddleware
FNDA:0,(anonymous_1)
FNDA:0,(anonymous_2)
DA:7,25
DA:8,25
DA:11,281
DA:12,281
DA:14,281
DA:15,281
DA:16,281
DA:17,281
DA:18,281
DA:19,281
DA:20,281
DA:21,281
DA:22,281
DA:23,281
DA:25,281
DA:28,25
LF:16
LH:16
BRDA:20,0,0,281
BRDA:20,0,1,0
BRF:2
BRH:1
end_of_record
TN:
SF:middleware\notFound.js
FN:1,notFoundMiddleware
FNF:1
FNH:1
FNDA:3,notFoundMiddleware
DA:2,3
DA:3,2
DA:5,1
DA:8,1
DA:9,0
DA:15,1
DA:18,26
LF:7
LH:6
BRDA:2,0,0,2
BRDA:2,0,1,1
BRDA:5,1,0,1
BRDA:5,1,1,1
BRDA:5,1,2,1
BRDA:8,2,0,0
BRDA:8,2,1,1
BRF:7
BRH:6
end_of_record
TN:
SF:middleware\permission.js
FN:3,can
FN:4,(anonymous_1)
FN:13,canAny
FN:14,(anonymous_3)
FN:21,canResource
FN:22,(anonymous_5)
FNF:6
FNH:6
FNDA:752,can
FNDA:41,(anonymous_1)
FNDA:301,canAny
FNDA:13,(anonymous_3)
FNDA:1,canResource
FNDA:1,(anonymous_5)
DA:1,26
DA:4,752
DA:5,41
DA:6,37
DA:8,4
DA:9,4
DA:14,301
DA:15,13
DA:16,0
DA:17,0
DA:22,1
DA:23,1
DA:24,1
DA:25,1
DA:29,26
LF:15
LH:13
BRDA:5,0,0,37
BRDA:5,0,1,4
BRDA:9,1,0,4
BRDA:9,1,1,0
BRDA:15,2,0,13
BRDA:15,2,1,0
BRDA:17,3,0,0
BRDA:17,3,1,0
BRDA:23,4,0,0
BRDA:23,4,1,1
BRDA:25,5,0,1
BRDA:25,5,1,0
BRF:12
BRH:6
end_of_record
TN:
SF:middleware\pluginHooks.js
FN:3,pluginHooks
FNF:1
FNH:1
FNDA:281,pluginHooks
DA:1,25
DA:4,281
DA:5,281
DA:6,281
DA:7,0
DA:8,0
DA:9,0
DA:12,281
DA:13,281
DA:15,281
DA:17,0
DA:21,25
LF:12
LH:8
BRDA:6,0,0,0
BRDA:6,0,1,281
BRDA:7,1,0,0
BRDA:7,1,1,0
BRDA:8,2,0,0
BRDA:8,2,1,0
BRDA:8,3,0,0
BRDA:8,3,1,0
BRDA:9,4,0,0
BRDA:9,4,1,0
BRDA:13,5,0,0
BRDA:13,5,1,281
BRF:12
BRH:2
end_of_record
TN:
SF:middleware\portalVisit.js
FN:3,shouldTrackVisit
FN:11,portalVisitMiddleware
FN:20,(anonymous_2)
FNF:3
FNH:2
FNDA:281,shouldTrackVisit
FNDA:281,portalVisitMiddleware
FNDA:0,(anonymous_2)
DA:1,25
DA:4,281
DA:5,177
DA:6,29
DA:7,29
DA:8,27
DA:12,281
DA:14,27
DA:15,27
DA:16,27
DA:18,27
DA:20,27
DA:21,0
DA:24,27
DA:27,25
LF:15
LH:14
BRDA:4,0,0,104
BRDA:4,0,1,177
BRDA:5,1,0,148
BRDA:5,1,1,29
BRDA:5,2,0,177
BRDA:5,2,1,35
BRDA:5,2,2,29
BRDA:6,3,0,0
BRDA:6,3,1,29
BRDA:6,4,0,29
BRDA:6,4,1,29
BRDA:6,4,2,29
BRDA:7,5,0,2
BRDA:7,5,1,27
BRDA:12,6,0,254
BRDA:12,6,1,27
BRDA:16,7,0,0
BRDA:16,7,1,27
BRDA:18,8,0,27
BRDA:18,8,1,0
BRF:20
BRH:17
end_of_record
TN:
SF:middleware\rateLimit.js
FNF:0
FNH:0
DA:1,1
DA:3,1
DA:10,1
LF:3
LH:3
BRF:0
BRH:0
end_of_record
TN:
SF:middleware\security.js
FN:31,applySecurityMiddleware
FN:49,(anonymous_1)
FNF:2
FNH:2
FNDA:25,applySecurityMiddleware
FNDA:287,(anonymous_1)
DA:1,25
DA:2,25
DA:3,25
DA:4,25
DA:5,25
DA:7,25
DA:15,25
DA:23,25
DA:32,25
DA:48,25
DA:49,25
DA:50,287
DA:51,287
DA:52,287
DA:53,287
DA:55,0
DA:60,25
LF:17
LH:16
BRDA:52,0,0,0
BRDA:52,0,1,287
BRF:2
BRH:1
end_of_record
TN:
SF:middleware\siteContext.js
FN:16,buildMenuTree
FN:18,(anonymous_1)
FN:19,(anonymous_2)
FN:20,(anonymous_3)
FN:21,(anonymous_4)
FN:35,sidebarPostsForCategory
FN:46,applyCustomizerPreview
FN:53,loadSiteContext
FN:70,(anonymous_8)
FN:81,(anonymous_9)
FN:87,(anonymous_10)
FN:93,(anonymous_11)
FN:109,(anonymous_12)
FNF:13
FNH:13
FNDA:562,buildMenuTree
FNDA:3091,(anonymous_1)
FNDA:2529,(anonymous_2)
FNDA:3091,(anonymous_3)
FNDA:3091,(anonymous_4)
FNDA:281,sidebarPostsForCategory
FNDA:281,applyCustomizerPreview
FNDA:281,loadSiteContext
FNDA:8992,(anonymous_8)
FNDA:129,(anonymous_9)
FNDA:269,(anonymous_10)
FNDA:562,(anonymous_11)
FNDA:773,(anonymous_12)
DA:1,25
DA:2,25
DA:3,25
DA:4,25
DA:5,25
DA:6,25
DA:7,25
DA:13,25
DA:14,25
DA:17,562
DA:18,3091
DA:19,2529
DA:20,3091
DA:21,3091
DA:22,562
DA:24,562
DA:25,3091
DA:26,0
DA:28,3091
DA:32,562
DA:36,281
DA:37,281
DA:38,0
DA:47,281
DA:48,0
DA:49,0
DA:50,0
DA:54,281
DA:55,281
DA:70,8992
DA:71,281
DA:72,281
DA:73,281
DA:74,281
DA:75,281
DA:76,281
DA:77,281
DA:78,281
DA:79,281
DA:80,281
DA:81,281
DA:82,281
DA:83,281
DA:87,281
DA:88,269
DA:89,269
DA:90,269
DA:92,281
DA:93,281
DA:94,562
DA:95,562
DA:96,562
DA:97,562
DA:99,281
DA:100,281
DA:101,281
DA:102,281
DA:103,281
DA:104,281
DA:107,281
DA:108,281
DA:109,773
DA:110,281
DA:111,281
DA:112,281
DA:113,281
DA:115,0
DA:119,25
LF:68
LH:62
BRDA:16,0,0,0
BRDA:25,1,0,0
BRDA:25,1,1,3091
BRDA:25,2,0,3091
BRDA:25,2,1,0
BRDA:35,3,0,0
BRDA:37,4,0,281
BRDA:37,4,1,0
BRDA:47,5,0,281
BRDA:47,5,1,0
BRDA:47,6,0,281
BRDA:47,6,1,0
BRDA:49,7,0,0
BRDA:49,7,1,0
BRDA:49,8,0,0
BRDA:49,8,1,0
BRDA:71,9,0,281
BRDA:71,9,1,0
BRDA:73,10,0,281
BRDA:73,10,1,0
BRDA:75,11,0,281
BRDA:75,11,1,0
BRDA:78,12,0,281
BRDA:78,12,1,4
BRDA:81,13,0,129
BRDA:81,13,1,0
BRDA:82,14,0,281
BRDA:82,14,1,0
BRDA:84,15,0,281
BRDA:84,15,1,82
BRDA:84,15,2,82
BRDA:88,16,0,0
BRDA:88,16,1,269
BRDA:89,17,0,269
BRDA:89,17,1,0
BRDA:90,18,0,269
BRDA:90,18,1,0
BRDA:94,19,0,562
BRDA:94,19,1,0
BRDA:96,20,0,562
BRDA:96,20,1,0
BRDA:100,21,0,281
BRDA:100,21,1,281
BRDA:104,22,0,0
BRDA:104,22,1,281
BRF:45
BRH:23
end_of_record
TN:
SF:middleware\upload.js
FN:26,(anonymous_0)
FN:33,(anonymous_1)
FN:39,hasUnsafeFileName
FN:45,fileFilter
FN:57,imageFileFilter
FN:78,isAllowedUpload
FNF:6
FNH:5
FNDA:1,(anonymous_0)
FNDA:1,(anonymous_1)
FNDA:8,hasUnsafeFileName
FNDA:2,fileFilter
FNDA:0,imageFileFilter
FNDA:6,isAllowedUpload
DA:1,26
DA:2,26
DA:3,26
DA:4,26
DA:6,26
DA:7,26
DA:8,26
DA:14,26
DA:19,26
DA:25,26
DA:27,1
DA:28,1
DA:29,1
DA:30,1
DA:31,1
DA:34,1
DA:35,1
DA:40,8
DA:41,8
DA:42,8
DA:46,2
DA:47,2
DA:48,2
DA:49,2
DA:50,2
DA:51,2
DA:52,1
DA:54,1
DA:58,0
DA:59,0
DA:60,0
DA:61,0
DA:63,0
DA:66,26
DA:72,26
DA:79,6
DA:80,6
DA:81,3
DA:82,3
DA:83,3
DA:84,3
DA:87,26
DA:88,26
DA:89,26
DA:90,26
DA:91,26
LF:46
LH:41
BRDA:40,0,0,8
BRDA:40,0,1,0
BRDA:42,1,0,8
BRDA:42,1,1,7
BRDA:42,1,2,7
BRDA:47,2,0,0
BRDA:47,2,1,2
BRDA:50,3,0,2
BRDA:50,3,1,0
BRDA:51,4,0,1
BRDA:51,4,1,1
BRDA:51,5,0,2
BRDA:51,5,1,1
BRDA:51,5,2,0
BRDA:51,5,3,0
BRDA:59,6,0,0
BRDA:59,6,1,0
BRDA:60,7,0,0
BRDA:60,7,1,0
BRDA:60,8,0,0
BRDA:60,8,1,0
BRDA:80,9,0,3
BRDA:80,9,1,3
BRDA:80,10,0,6
BRDA:80,10,1,3
BRDA:83,11,0,3
BRDA:83,11,1,0
BRDA:84,12,0,3
BRDA:84,12,1,1
BRDA:84,12,2,1
BRF:30
BRH:18
end_of_record
TN:
SF:routes\admin.js
FN:80,(anonymous_0)
FN:117,resourcePermission
FNF:2
FNH:1
FNDA:0,(anonymous_0)
FNDA:38,resourcePermission
DA:1,25
DA:2,25
DA:3,25
DA:4,25
DA:5,25
DA:6,25
DA:7,25
DA:8,25
DA:10,25
DA:15,25
DA:21,25
DA:22,25
DA:23,25
DA:24,25
DA:25,25
DA:26,25
DA:27,25
DA:28,25
DA:29,25
DA:30,25
DA:32,25
DA:34,25
DA:35,25
DA:36,25
DA:37,25
DA:38,25
DA:39,25
DA:40,25
DA:41,25
DA:42,25
DA:43,25
DA:44,25
DA:45,25
DA:47,25
DA:49,25
DA:50,25
DA:52,25
DA:53,25
DA:54,25
DA:55,25
DA:56,25
DA:58,25
DA:59,25
DA:60,25
DA:61,25
DA:62,25
DA:63,25
DA:64,25
DA:65,25
DA:66,25
DA:68,25
DA:69,25
DA:70,25
DA:71,25
DA:72,25
DA:73,25
DA:74,25
DA:75,25
DA:76,25
DA:77,25
DA:78,25
DA:79,25
DA:80,25
DA:81,25
DA:82,25
DA:83,25
DA:84,25
DA:85,25
DA:86,25
DA:88,25
DA:89,25
DA:90,25
DA:91,25
DA:92,25
DA:93,25
DA:95,25
DA:96,25
DA:97,25
DA:98,25
DA:99,25
DA:100,25
DA:101,25
DA:102,25
DA:103,25
DA:104,25
DA:105,25
DA:106,25
DA:107,25
DA:108,25
DA:109,25
DA:110,25
DA:111,25
DA:112,25
DA:113,25
DA:114,25
DA:115,25
DA:118,38
DA:119,38
DA:125,38
DA:126,38
DA:127,2
DA:128,2
DA:130,0
DA:134,25
DA:135,25
DA:136,25
DA:137,25
DA:138,25
DA:139,25
DA:140,25
DA:142,25
LF:111
LH:110
BRDA:120,0,0,6
BRDA:120,0,1,32
BRDA:120,1,0,4
BRDA:120,1,1,28
BRDA:121,2,0,1
BRDA:121,2,1,37
BRDA:125,3,0,38
BRDA:125,3,1,0
BRDA:126,4,0,36
BRDA:126,4,1,2
BRF:10
BRH:9
end_of_record
TN:
SF:routes\api.js
FN:6,(anonymous_0)
FN:15,(anonymous_1)
FN:25,(anonymous_2)
FN:35,(anonymous_3)
FNF:4
FNH:4
FNDA:1,(anonymous_0)
FNDA:2,(anonymous_1)
FNDA:1,(anonymous_2)
FNDA:1,(anonymous_3)
DA:1,25
DA:2,25
DA:4,25
DA:6,25
DA:7,1
DA:8,1
DA:9,1
DA:11,0
DA:15,25
DA:16,2
DA:17,2
DA:18,2
DA:19,1
DA:21,0
DA:25,25
DA:26,1
DA:27,1
DA:28,1
DA:29,1
DA:31,0
DA:35,25
DA:36,1
DA:37,1
DA:39,0
DA:43,25
LF:25
LH:21
BRDA:18,0,0,1
BRDA:18,0,1,1
BRDA:28,1,0,0
BRDA:28,1,1,1
BRF:4
BRH:3
end_of_record
TN:
SF:routes\health.js
FN:6,(anonymous_0)
FN:10,(anonymous_1)
FNF:2
FNH:2
FNDA:2,(anonymous_0)
FNDA:1,(anonymous_1)
DA:1,25
DA:2,25
DA:4,25
DA:6,25
DA:7,2
DA:10,25
DA:11,1
DA:12,1
DA:13,1
DA:15,0
DA:19,25
LF:11
LH:10
BRF:0
BRH:0
end_of_record
TN:
SF:routes\public.js
FNF:0
FNH:0
DA:1,25
DA:2,25
DA:3,25
DA:4,25
DA:6,25
DA:8,25
DA:9,25
DA:10,25
DA:11,25
DA:12,25
DA:13,25
DA:14,25
DA:15,25
DA:16,25
DA:28,25
DA:39,25
DA:40,25
DA:42,25
LF:18
LH:18
BRF:0
BRH:0
end_of_record
TN:
SF:utils\consentScript.js
FN:6,buildDeferredLoader
FNF:1
FNH:1
FNDA:2,buildDeferredLoader
DA:1,4
DA:7,2
DA:8,1
DA:9,1
DA:44,4
LF:5
LH:5
BRDA:7,0,0,1
BRDA:7,0,1,1
BRDA:7,1,0,2
BRDA:7,1,1,1
BRF:4
BRH:4
end_of_record
TN:
SF:utils\fileHelper.js
FN:4,ensureDirectory
FN:10,publicUploadPath
FN:14,classifyMime
FNF:3
FNH:3
FNDA:2,ensureDirectory
FNDA:7,publicUploadPath
FNDA:5,classifyMime
DA:1,27
DA:2,27
DA:5,2
DA:6,1
DA:11,7
DA:15,5
DA:16,3
DA:17,2
DA:18,1
DA:20,1
DA:23,27
LF:11
LH:11
BRDA:5,0,0,1
BRDA:5,0,1,1
BRDA:10,1,0,4
BRDA:15,2,0,2
BRDA:15,2,1,3
BRDA:16,3,0,1
BRDA:16,3,1,2
BRDA:17,4,0,1
BRDA:17,4,1,1
BRF:9
BRH:9
end_of_record
TN:
SF:utils\hookManager.js
FN:24,resolveHookNames
FN:29,getBucket
FN:34,(anonymous_2)
FN:37,addToBucket
FN:41,(anonymous_4)
FN:46,addFilter
FN:50,addAction
FN:58,registerLegacy
FN:64,(anonymous_8)
FN:67,applyFilters
FN:76,doAction
FN:82,collect
FN:92,clear
FN:98,listRegisteredHooks
FN:107,createPluginApi
FN:110,(anonymous_15)
FN:111,(anonymous_16)
FN:112,(anonymous_17)
FNF:18
FNH:18
FNDA:1451,resolveHookNames
FNDA:1321,getBucket
FNDA:11,(anonymous_2)
FNDA:130,addToBucket
FNDA:101,(anonymous_4)
FNDA:23,addFilter
FNDA:19,addAction
FNDA:80,registerLegacy
FNDA:2,(anonymous_8)
FNDA:580,applyFilters
FNDA:71,doAction
FNDA:670,collect
FNDA:26,clear
FNDA:11,listRegisteredHooks
FNDA:41,createPluginApi
FNDA:78,(anonymous_15)
FNDA:16,(anonymous_16)
FNDA:16,(anonymous_17)
DA:6,27
DA:13,27
DA:20,27
DA:21,27
DA:22,27
DA:25,1451
DA:26,1451
DA:30,1321
DA:31,1321
DA:32,1327
DA:34,1321
DA:38,130
DA:39,134
DA:40,134
DA:41,134
DA:42,134
DA:47,23
DA:51,19
DA:52,18
DA:53,18
DA:55,1
DA:59,80
DA:60,72
DA:61,72
DA:63,8
DA:64,8
DA:68,580
DA:69,580
DA:70,11
DA:71,11
DA:73,577
DA:77,71
DA:78,1
DA:83,670
DA:84,670
DA:85,31
DA:86,31
DA:87,31
DA:89,670
DA:93,26
DA:94,26
DA:95,26
DA:99,11
DA:104,11
DA:108,41
DA:109,41
DA:110,78
DA:111,16
DA:112,16
DA:119,27
LF:50
LH:50
BRDA:26,0,0,10
BRDA:26,0,1,1441
BRDA:32,1,0,1327
BRDA:32,1,1,1289
BRDA:37,2,0,0
BRDA:37,3,0,0
BRDA:39,4,0,134
BRDA:39,4,1,91
BRDA:46,5,0,0
BRDA:46,6,0,7
BRDA:50,7,0,0
BRDA:50,8,0,3
BRDA:51,9,0,18
BRDA:51,9,1,1
BRDA:58,10,0,0
BRDA:58,11,0,2
BRDA:59,12,0,72
BRDA:59,12,1,8
BRDA:67,13,0,0
BRDA:71,14,0,3
BRDA:71,14,1,8
BRDA:71,15,0,11
BRDA:71,15,1,10
BRDA:76,16,0,0
BRDA:82,17,0,0
BRDA:86,18,0,0
BRDA:86,18,1,31
BRDA:87,19,0,27
BRDA:87,19,1,4
BRDA:107,20,0,0
BRDA:108,21,0,41
BRDA:108,21,1,0
BRDA:110,22,0,25
BRDA:111,23,0,0
BRDA:112,24,0,0
BRF:35
BRH:22
end_of_record
TN:
SF:utils\locales.js
FN:8,(anonymous_0)
FN:9,(anonymous_1)
FN:10,(anonymous_2)
FN:12,flagCodeForLocale
FNF:4
FNH:3
FNDA:100,(anonymous_0)
FNDA:100,(anonymous_1)
FNDA:100,(anonymous_2)
FNDA:0,flagCodeForLocale
DA:1,25
DA:8,100
DA:9,100
DA:10,100
DA:13,0
DA:16,25
LF:6
LH:5
BRDA:13,0,0,0
BRDA:13,0,1,0
BRF:2
BRH:0
end_of_record
TN:
SF:utils\logger.js
FN:12,(anonymous_0)
FNF:1
FNH:1
FNDA:6,(anonymous_0)
DA:1,26
DA:2,26
DA:3,26
DA:5,26
DA:6,26
DA:8,26
DA:13,6
DA:14,6
DA:20,26
DA:21,0
DA:36,26
DA:47,26
LF:12
LH:11
BRDA:6,0,0,0
BRDA:6,0,1,26
BRDA:13,1,0,6
BRDA:13,1,1,0
BRDA:20,2,0,0
BRDA:20,2,1,26
BRDA:20,3,0,26
BRDA:20,3,1,26
BRDA:37,4,0,26
BRDA:37,4,1,26
BRF:10
BRH:7
end_of_record
TN:
SF:utils\mediaHelper.js
FN:12,publicPathFromDisk
FN:16,diskPathFromPublic
FN:20,createImageVariants
FN:35,buildMediaPayload
FN:50,removeMediaFiles
FN:58,mediaUrl
FNF:6
FNH:5
FNDA:4,publicPathFromDisk
FNDA:1,diskPathFromPublic
FNDA:1,createImageVariants
FNDA:1,buildMediaPayload
FNDA:0,removeMediaFiles
FNDA:1,mediaUrl
DA:1,26
DA:2,26
DA:3,26
DA:4,26
DA:6,26
DA:13,4
DA:17,1
DA:21,1
DA:22,1
DA:23,1
DA:24,1
DA:26,1
DA:27,3
DA:28,3
DA:29,3
DA:32,1
DA:36,1
DA:37,1
DA:38,1
DA:51,0
DA:52,0
DA:53,0
DA:54,0
DA:59,1
DA:60,1
DA:63,26
LF:26
LH:22
BRDA:21,0,0,0
BRDA:21,0,1,1
BRDA:29,1,0,1
BRDA:29,1,1,2
BRDA:54,2,0,0
BRDA:54,2,1,0
BRDA:60,3,0,1
BRDA:60,3,1,0
BRF:8
BRH:4
end_of_record
TN:
SF:utils\pagination.js
FN:1,parsePositiveInteger
FN:6,getPagination
FN:14,pageMeta
FNF:3
FNH:3
FNDA:44,parsePositiveInteger
FNDA:22,getPagination
FNDA:22,pageMeta
DA:2,44
DA:3,44
DA:7,22
DA:8,22
DA:9,22
DA:10,22
DA:11,22
DA:15,22
DA:23,26
LF:9
LH:9
BRDA:3,0,0,2
BRDA:3,0,1,42
BRDA:3,1,0,44
BRDA:3,1,1,2
BRDA:6,2,0,0
BRDA:6,3,0,21
BRF:6
BRH:5
end_of_record
TN:
SF:utils\pluginLoader.js
FN:12,readJson
FN:16,validateManifest
FN:29,discoverPluginManifests
FN:32,(anonymous_3)
FN:33,(anonymous_4)
FN:47,syncInstalledPlugins
FN:75,runPluginMigrations
FN:83,(anonymous_7)
FN:97,(anonymous_8)
FN:112,loadActivePlugins
FN:120,(anonymous_10)
FN:148,getActivePlugins
FN:152,getActivationErrors
FN:156,activatePlugin
FN:169,listRegisteredHooks
FN:173,invokePluginLifecycle
FN:185,getManifestBySlug
FN:186,(anonymous_17)
FN:190,getPluginManagerStats
FN:193,(anonymous_19)
FN:202,deactivatePlugin
FN:208,removePluginDirectory
FN:213,registerHook
FNF:23
FNH:19
FNDA:429,readJson
FNDA:429,validateManifest
FNDA:38,discoverPluginManifests
FNDA:429,(anonymous_3)
FNDA:429,(anonymous_4)
FNDA:27,syncInstalledPlugins
FNDA:42,runPluginMigrations
FNDA:0,(anonymous_7)
FNDA:0,(anonymous_8)
FNDA:16,loadActivePlugins
FNDA:182,(anonymous_10)
FNDA:0,getActivePlugins
FNDA:4,getActivationErrors
FNDA:2,activatePlugin
FNDA:11,listRegisteredHooks
FNDA:7,invokePluginLifecycle
FNDA:8,getManifestBySlug
FNDA:33,(anonymous_17)
FNDA:3,getPluginManagerStats
FNDA:33,(anonymous_19)
FNDA:3,deactivatePlugin
FNDA:7,removePluginDirectory
FNDA:0,registerHook
DA:1,26
DA:2,26
DA:3,26
DA:4,26
DA:5,26
DA:6,26
DA:8,26
DA:9,26
DA:10,26
DA:13,429
DA:17,429
DA:18,429
DA:19,1287
DA:20,0
DA:23,429
DA:24,0
DA:26,429
DA:30,38
DA:31,38
DA:32,429
DA:34,429
DA:35,429
DA:36,429
DA:37,429
DA:38,429
DA:40,0
DA:41,0
DA:48,27
DA:49,27
DA:50,303
DA:61,303
DA:69,303
DA:70,303
DA:72,27
DA:76,42
DA:77,42
DA:79,42
DA:80,42
DA:82,0
DA:83,0
DA:86,0
DA:87,0
DA:88,0
DA:90,0
DA:91,0
DA:94,0
DA:96,0
DA:97,0
DA:98,0
DA:99,0
DA:101,0
DA:107,0
DA:109,0
DA:113,16
DA:114,16
DA:115,16
DA:116,16
DA:117,16
DA:119,16
DA:120,182
DA:121,40
DA:122,0
DA:123,0
DA:124,0
DA:126,40
DA:127,40
DA:128,40
DA:129,40
DA:130,40
DA:131,0
DA:133,40
DA:134,40
DA:135,40
DA:136,40
DA:137,40
DA:139,40
DA:141,0
DA:142,0
DA:145,16
DA:149,0
DA:153,4
DA:157,2
DA:158,2
DA:159,2
DA:160,2
DA:161,2
DA:162,2
DA:163,2
DA:164,2
DA:165,2
DA:166,2
DA:170,11
DA:174,7
DA:175,7
DA:176,7
DA:177,7
DA:178,7
DA:179,7
DA:180,7
DA:181,5
DA:186,33
DA:187,8
DA:191,3
DA:192,3
DA:193,33
DA:194,3
DA:203,3
DA:204,3
DA:205,3
DA:209,7
DA:210,7
DA:214,0
DA:217,26
LF:113
LH:86
BRDA:19,0,0,0
BRDA:19,0,1,1287
BRDA:19,1,0,1287
BRDA:19,1,1,1287
BRDA:23,2,0,0
BRDA:23,2,1,429
BRDA:30,3,0,0
BRDA:30,3,1,38
BRDA:32,4,0,429
BRDA:32,4,1,429
BRDA:36,5,0,0
BRDA:36,5,1,429
BRDA:70,6,0,303
BRDA:70,6,1,0
BRDA:77,7,0,0
BRDA:77,7,1,42
BRDA:80,8,0,42
BRDA:80,8,1,0
BRDA:88,9,0,0
BRDA:88,9,1,0
BRDA:94,10,0,0
BRDA:94,10,1,0
BRDA:112,11,0,2
BRDA:121,12,0,0
BRDA:121,12,1,40
BRDA:128,13,0,40
BRDA:128,13,1,24
BRDA:130,14,0,0
BRDA:130,14,1,40
BRDA:136,15,0,40
BRDA:136,15,1,0
BRDA:141,16,0,0
BRDA:141,16,1,0
BRDA:156,17,0,0
BRDA:158,18,0,0
BRDA:158,18,1,2
BRDA:160,19,0,2
BRDA:160,19,1,0
BRDA:160,20,0,2
BRDA:160,20,1,0
BRDA:165,21,0,0
BRDA:165,21,1,2
BRDA:173,22,0,2
BRDA:175,23,0,7
BRDA:175,23,1,7
BRDA:177,24,0,0
BRDA:177,24,1,7
BRDA:180,25,0,5
BRDA:180,25,1,2
BRDA:187,26,0,8
BRDA:187,26,1,0
BRDA:202,27,0,0
BRDA:210,28,0,2
BRDA:210,28,1,5
BRDA:213,29,0,0
BRF:55
BRH:30
end_of_record
TN:
SF:utils\pluginSettings.js
FN:3,defaultsFromManifest
FN:14,resolvePluginSettings
FN:23,loadPluginSettings
FN:29,(anonymous_3)
FN:37,settingBool
FN:42,settingValue
FN:48,seedPluginDefaults
FNF:7
FNH:7
FNDA:40,defaultsFromManifest
FNDA:40,resolvePluginSettings
FNDA:38,loadPluginSettings
FNDA:204,(anonymous_3)
FNDA:74,settingBool
FNDA:104,settingValue
FNDA:305,seedPluginDefaults
DA:1,26
DA:4,40
DA:5,40
DA:6,191
DA:7,191
DA:8,0
DA:9,0
DA:11,40
DA:15,40
DA:16,40
DA:17,40
DA:18,220
DA:20,40
DA:24,38
DA:25,38
DA:26,38
DA:28,38
DA:29,38
DA:30,204
DA:31,204
DA:34,38
DA:38,74
DA:39,74
DA:43,104
DA:44,104
DA:45,95
DA:49,305
DA:50,305
DA:51,1728
DA:52,1728
DA:55,1728
DA:65,26
LF:32
LH:30
BRDA:5,0,0,40
BRDA:5,0,1,2
BRDA:6,1,0,0
BRDA:6,1,1,191
BRDA:7,2,0,191
BRDA:7,2,1,0
BRDA:8,3,0,0
BRDA:8,3,1,0
BRDA:17,4,0,40
BRDA:17,4,1,0
BRDA:18,5,0,175
BRDA:18,5,1,45
BRDA:18,6,0,220
BRDA:18,6,1,220
BRDA:18,6,2,220
BRDA:23,7,0,0
BRDA:25,8,0,38
BRDA:25,8,1,0
BRDA:25,8,2,0
BRDA:26,9,0,0
BRDA:26,9,1,38
BRDA:37,10,0,0
BRDA:38,11,0,0
BRDA:38,11,1,74
BRDA:38,12,0,74
BRDA:38,12,1,74
BRDA:38,12,2,74
BRDA:39,13,0,74
BRDA:39,13,1,32
BRDA:39,13,2,32
BRDA:39,13,3,32
BRDA:42,14,0,25
BRDA:44,15,0,9
BRDA:44,15,1,95
BRDA:44,16,0,104
BRDA:44,16,1,104
BRDA:44,16,2,104
BRDA:49,17,0,305
BRDA:49,17,1,8
BRDA:51,18,0,0
BRDA:51,18,1,1728
BRDA:52,19,0,1728
BRDA:52,19,1,0
BRDA:54,20,0,0
BRDA:54,20,1,0
BRDA:59,21,0,891
BRDA:59,21,1,837
BRF:47
BRH:32
end_of_record
TN:
SF:utils\policy.js
FN:1,getPermissionSlugs
FN:2,(anonymous_1)
FN:5,getRoleSlug
FN:9,isSuperAdmin
FN:13,isAdmin
FN:17,isEditor
FN:21,isAuthor
FN:25,isSubscriber
FN:29,hasPermission
FN:35,hasAnyPermission
FN:36,(anonymous_10)
FN:39,canPublishPost
FN:47,canEditPost
FN:56,canDeletePost
FN:67,canEditPage
FN:72,canDeletePage
FN:76,canEditMedia
FN:85,canDeleteMedia
FN:89,canEditComment
FN:93,canManageUser
FN:100,canAssignRole
FN:107,canManagePlugin
FN:111,canManageTheme
FN:115,canAccessAdmin
FN:126,canManageResource
FNF:25
FNH:20
FNDA:698,getPermissionSlugs
FNDA:0,(anonymous_1)
FNDA:2676,getRoleSlug
FNDA:2487,isSuperAdmin
FNDA:0,isAdmin
FNDA:1,isEditor
FNDA:1,isAuthor
FNDA:187,isSubscriber
FNDA:1953,hasPermission
FNDA:670,hasAnyPermission
FNDA:841,(anonymous_10)
FNDA:15,canPublishPost
FNDA:30,canEditPost
FNDA:20,canDeletePost
FNDA:0,canEditPage
FNDA:0,canDeletePage
FNDA:8,canEditMedia
FNDA:1,canDeleteMedia
FNDA:0,canEditComment
FNDA:2,canManageUser
FNDA:3,canAssignRole
FNDA:2,canManagePlugin
FNDA:2,canManageTheme
FNDA:186,canAccessAdmin
FNDA:508,canManageResource
DA:2,698
DA:6,2676
DA:10,2487
DA:14,0
DA:18,1
DA:22,1
DA:26,187
DA:30,1953
DA:31,1953
DA:32,698
DA:36,841
DA:40,15
DA:41,10
DA:42,0
DA:44,10
DA:48,30
DA:49,30
DA:50,29
DA:51,29
DA:53,0
DA:57,20
DA:58,20
DA:59,18
DA:60,16
DA:61,16
DA:62,16
DA:64,0
DA:68,0
DA:69,0
DA:73,0
DA:77,8
DA:78,8
DA:79,5
DA:80,5
DA:82,0
DA:86,1
DA:90,0
DA:94,2
DA:95,2
DA:96,1
DA:97,0
DA:101,3
DA:102,3
DA:103,2
DA:104,1
DA:108,2
DA:112,2
DA:116,186
DA:117,186
DA:118,3
DA:120,183
DA:127,508
DA:129,136
DA:174,136
DA:175,136
DA:176,136
DA:177,136
DA:179,132
DA:180,43
DA:181,16
DA:183,89
DA:184,0
DA:186,89
DA:187,0
DA:188,0
DA:190,89
DA:191,0
DA:193,89
DA:194,0
DA:196,89
DA:199,28
LF:71
LH:56
BRDA:2,0,0,698
BRDA:2,0,1,0
BRDA:2,0,2,0
BRDA:6,1,0,2676
BRDA:6,1,1,81
BRDA:6,1,2,7
BRDA:30,2,0,0
BRDA:30,2,1,1953
BRDA:31,3,0,1255
BRDA:31,3,1,698
BRDA:39,4,0,2
BRDA:40,5,0,5
BRDA:40,5,1,10
BRDA:40,6,0,15
BRDA:40,6,1,5
BRDA:41,7,0,0
BRDA:41,7,1,10
BRDA:41,8,0,10
BRDA:41,8,1,0
BRDA:48,9,0,0
BRDA:48,9,1,30
BRDA:49,10,0,1
BRDA:49,10,1,29
BRDA:50,11,0,29
BRDA:50,11,1,0
BRDA:50,12,0,29
BRDA:50,12,1,0
BRDA:57,13,0,0
BRDA:57,13,1,20
BRDA:58,14,0,2
BRDA:58,14,1,18
BRDA:58,15,0,20
BRDA:58,15,1,20
BRDA:59,16,0,2
BRDA:59,16,1,16
BRDA:60,17,0,0
BRDA:60,17,1,16
BRDA:61,18,0,16
BRDA:61,18,1,0
BRDA:68,19,0,0
BRDA:68,19,1,0
BRDA:77,20,0,0
BRDA:77,20,1,8
BRDA:78,21,0,3
BRDA:78,21,1,5
BRDA:79,22,0,5
BRDA:79,22,1,0
BRDA:89,23,0,0
BRDA:94,24,0,0
BRDA:94,24,1,2
BRDA:95,25,0,1
BRDA:95,25,1,1
BRDA:96,26,0,1
BRDA:96,26,1,0
BRDA:101,27,0,0
BRDA:101,27,1,3
BRDA:101,28,0,3
BRDA:101,28,1,0
BRDA:102,29,0,1
BRDA:102,29,1,2
BRDA:103,30,0,1
BRDA:103,30,1,1
BRDA:107,31,0,2
BRDA:111,32,0,2
BRDA:115,33,0,0
BRDA:116,34,0,0
BRDA:116,34,1,186
BRDA:117,35,0,3
BRDA:117,35,1,183
BRDA:118,36,0,3
BRDA:118,36,1,2
BRDA:118,36,2,2
BRDA:120,37,0,183
BRDA:120,37,1,1
BRDA:126,38,0,65
BRDA:127,39,0,372
BRDA:127,39,1,136
BRDA:175,40,0,0
BRDA:175,40,1,136
BRDA:176,41,0,136
BRDA:176,41,1,39
BRDA:176,41,2,0
BRDA:177,42,0,4
BRDA:177,42,1,132
BRDA:179,43,0,43
BRDA:179,43,1,89
BRDA:179,44,0,132
BRDA:179,44,1,73
BRDA:180,45,0,27
BRDA:180,45,1,16
BRDA:181,46,0,16
BRDA:181,46,1,0
BRDA:183,47,0,0
BRDA:183,47,1,89
BRDA:183,48,0,89
BRDA:183,48,1,30
BRDA:184,49,0,0
BRDA:184,49,1,0
BRDA:186,50,0,0
BRDA:186,50,1,89
BRDA:186,51,0,89
BRDA:186,51,1,30
BRDA:187,52,0,0
BRDA:187,52,1,0
BRDA:188,53,0,0
BRDA:188,53,1,0
BRDA:190,54,0,0
BRDA:190,54,1,89
BRDA:190,55,0,89
BRDA:190,55,1,30
BRDA:190,55,2,0
BRDA:193,56,0,0
BRDA:193,56,1,89
BRDA:193,57,0,89
BRDA:193,57,1,30
BRDA:193,57,2,0
BRF:116
BRH:79
end_of_record
TN:
SF:utils\portalConfig.js
FN:73,parseBlock
FN:95,parseThemeVars
FN:109,(anonymous_2)
FN:124,stripManagedBlocks
FN:148,deepMerge
FN:161,resolvePortalConfig
FN:178,resolveThemePreset
FN:183,buildPortalConfigBlock
FNF:8
FNH:7
FNDA:286,parseBlock
FNDA:284,parseThemeVars
FNDA:0,(anonymous_2)
FNDA:4,stripManagedBlocks
FNDA:4090,deepMerge
FNDA:285,resolvePortalConfig
FNDA:281,resolveThemePreset
FNDA:15,buildPortalConfigBlock
DA:1,28
DA:37,28
DA:74,286
DA:75,281
DA:76,281
DA:77,281
DA:78,281
DA:79,281
DA:80,281
DA:81,281
DA:82,142725
DA:83,142725
DA:84,142725
DA:85,281
DA:86,281
DA:88,0
DA:92,0
DA:96,284
DA:105,284
DA:106,279
DA:107,279
DA:108,0
DA:109,0
DA:110,0
DA:111,0
DA:113,0
DA:125,4
DA:126,3
DA:127,3
DA:128,3
DA:129,3
DA:130,3
DA:131,3
DA:132,3
DA:133,3
DA:134,3
DA:135,2121
DA:136,2121
DA:137,2121
DA:138,3
DA:139,3
DA:142,3
DA:145,3
DA:149,4090
DA:150,4090
DA:151,4090
DA:152,23213
DA:153,3199
DA:155,20014
DA:158,4090
DA:162,285
DA:163,285
DA:164,285
DA:166,285
DA:167,202
DA:168,202
DA:171,285
DA:172,202
DA:175,285
DA:179,281
DA:180,281
DA:184,15
DA:187,28
LF:63
LH:56
BRDA:74,0,0,5
BRDA:74,0,1,281
BRDA:74,1,0,286
BRDA:74,1,1,281
BRDA:77,2,0,0
BRDA:77,2,1,281
BRDA:79,3,0,0
BRDA:79,3,1,281
BRDA:82,4,0,1079
BRDA:82,4,1,141646
BRDA:83,5,0,1079
BRDA:83,5,1,141646
BRDA:84,6,0,281
BRDA:84,6,1,142444
BRDA:105,7,0,5
BRDA:105,7,1,279
BRDA:107,8,0,279
BRDA:107,8,1,0
BRDA:111,9,0,0
BRDA:111,9,1,0
BRDA:125,10,0,1
BRDA:125,10,1,3
BRDA:129,11,0,3
BRDA:129,11,1,0
BRDA:131,12,0,3
BRDA:131,12,1,0
BRDA:135,13,0,15
BRDA:135,13,1,2106
BRDA:136,14,0,15
BRDA:136,14,1,2106
BRDA:137,15,0,3
BRDA:137,15,1,2118
BRDA:149,16,0,0
BRDA:149,16,1,4090
BRDA:149,17,0,4090
BRDA:149,17,1,4090
BRDA:152,18,0,3199
BRDA:152,18,1,20014
BRDA:152,19,0,23213
BRDA:152,19,1,21612
BRDA:152,19,2,3199
BRDA:153,20,0,3199
BRDA:153,20,1,0
BRDA:161,21,0,0
BRDA:162,22,0,285
BRDA:162,22,1,5
BRDA:163,23,0,285
BRDA:163,23,1,5
BRDA:166,24,0,202
BRDA:166,24,1,83
BRDA:171,25,0,202
BRDA:171,25,1,83
BRDA:171,26,0,285
BRDA:171,26,1,84
BRDA:178,27,0,0
BRDA:178,28,0,0
BRDA:179,29,0,281
BRDA:179,29,1,0
BRDA:179,29,2,0
BRDA:180,30,0,0
BRDA:180,30,1,281
BRF:61
BRH:46
end_of_record
TN:
SF:utils\portalSettings.js
FN:44,getSettingGroup
FN:48,ensurePortalSettings
FNF:2
FNH:2
FNDA:4,getSettingGroup
FNDA:2,ensurePortalSettings
DA:4,26
DA:32,26
DA:42,26
DA:45,4
DA:49,2
DA:50,50
DA:57,26
LF:7
LH:7
BRDA:45,0,0,4
BRDA:45,0,1,0
BRF:2
BRH:1
end_of_record
TN:
SF:utils\portalStats.js
FN:4,formatCount
FN:8,incrementPortalVisitCount
FN:19,getPortalStats
FN:85,(anonymous_3)
FN:145,(anonymous_4)
FNF:5
FNH:5
FNDA:1976,formatCount
FNDA:27,incrementPortalVisitCount
FNDA:282,getPortalStats
FNDA:564,(anonymous_3)
FNDA:1974,(anonymous_4)
DA:1,26
DA:2,26
DA:5,1976
DA:9,27
DA:13,27
DA:14,27
DA:15,27
DA:16,27
DA:20,282
DA:32,282
DA:83,282
DA:84,282
DA:85,564
DA:87,282
DA:88,282
DA:89,282
DA:91,282
DA:143,282
DA:145,1974
DA:156,26
LF:20
LH:20
BRDA:5,0,0,1976
BRDA:5,0,1,562
BRDA:13,1,0,27
BRDA:13,1,1,0
BRDA:19,2,0,0
BRDA:83,3,0,282
BRDA:83,3,1,0
BRDA:85,4,0,564
BRDA:85,4,1,562
BRDA:87,5,0,282
BRDA:87,5,1,0
BRDA:88,6,0,282
BRDA:88,6,1,282
BRDA:88,7,0,282
BRDA:88,7,1,0
BRDA:89,8,0,282
BRDA:89,8,1,282
BRDA:89,9,0,282
BRDA:89,9,1,282
BRDA:89,10,0,282
BRDA:89,10,1,282
BRF:21
BRH:16
end_of_record
TN:
SF:utils\seoHelper.js
FN:3,meta
FN:15,websiteSchema
FN:30,postSchema
FNF:3
FNH:3
FNDA:22,meta
FNDA:10,websiteSchema
FNDA:2,postSchema
DA:1,25
DA:4,22
DA:5,22
DA:6,22
DA:16,10
DA:31,2
DA:44,25
LF:7
LH:7
BRDA:3,0,0,4
BRDA:3,1,0,8
BRDA:3,2,0,12
BRDA:4,3,0,22
BRDA:4,3,1,12
BRDA:5,4,0,22
BRDA:5,4,1,12
BRDA:7,5,0,22
BRDA:7,5,1,0
BRDA:8,6,0,22
BRDA:8,6,1,8
BRDA:8,6,2,8
BRDA:15,7,0,0
BRDA:15,8,0,0
BRDA:19,9,0,10
BRDA:19,9,1,0
BRDA:20,10,0,10
BRDA:20,10,1,0
BRDA:24,11,0,10
BRDA:24,11,1,0
BRDA:25,12,0,10
BRDA:25,12,1,0
BRDA:25,12,2,0
BRDA:35,13,0,2
BRDA:35,13,1,2
BRDA:36,14,0,2
BRDA:36,14,1,2
BRDA:37,15,0,2
BRDA:37,15,1,1
BRF:29
BRH:21
end_of_record
TN:
SF:utils\slugGenerator.js
FN:3,createSlug
FN:8,createUniqueSlug
FNF:2
FNH:2
FNDA:11,createSlug
FNDA:10,createUniqueSlug
DA:1,26
DA:4,11
DA:5,11
DA:9,10
DA:10,10
DA:11,10
DA:13,10
DA:14,40
DA:15,40
DA:16,32
DA:17,30
DA:18,30
DA:22,26
LF:13
LH:13
BRDA:3,0,0,1
BRDA:4,1,0,11
BRDA:4,1,1,0
BRDA:4,2,0,11
BRDA:4,2,1,11
BRDA:5,3,0,11
BRDA:5,3,1,0
BRDA:8,4,0,0
BRDA:8,5,0,8
BRDA:15,6,0,8
BRDA:15,6,1,32
BRDA:16,7,0,2
BRDA:16,7,1,30
BRDA:16,8,0,32
BRDA:16,8,1,2
BRDA:16,8,2,2
BRF:16
BRH:13
end_of_record
TN:
SF:utils\themeLoader.js
FN:31,normalizeTemplateName
FN:35,readJson
FN:39,validateManifest
FN:61,discoverThemes
FN:64,(anonymous_4)
FN:65,(anonymous_5)
FN:79,getThemeBySlug
FN:80,(anonymous_7)
FN:83,resolveThemeChain
FN:97,listTemplateFiles
FN:101,(anonymous_10)
FN:102,(anonymous_11)
FN:105,listPartialFiles
FN:109,(anonymous_13)
FN:110,(anonymous_14)
FN:113,walkAssets
FN:126,discoverThemeAssets
FN:133,(anonymous_17)
FN:134,(anonymous_18)
FN:139,(anonymous_19)
FN:140,(anonymous_20)
FN:144,(anonymous_21)
FN:151,syncInstalledThemes
FN:184,getActiveThemeManifest
FN:190,templateExistsInChain
FN:198,partialExistsInChain
FN:206,toViewPath
FN:210,resolveTemplate
FN:222,resolvePartial
FN:237,getLayoutClasses
FN:248,getManifestBySlug
FN:252,buildThemeSettingDefaults
FN:276,removeThemeDirectory
FN:281,getChildThemeSlugs
FN:283,(anonymous_34)
FN:284,(anonymous_35)
FNF:36
FNH:29
FNDA:69,normalizeTemplateName
FNDA:70532,readJson
FNDA:70538,validateManifest
FNDA:6412,discoverThemes
FNDA:70532,(anonymous_4)
FNDA:70532,(anonymous_5)
FNDA:6396,getThemeBySlug
FNDA:6785,(anonymous_7)
FNDA:3196,resolveThemeChain
FNDA:69,listTemplateFiles
FNDA:376,(anonymous_10)
FNDA:376,(anonymous_11)
FNDA:69,listPartialFiles
FNDA:0,(anonymous_13)
FNDA:0,(anonymous_14)
FNDA:117,walkAssets
FNDA:37,discoverThemeAssets
FNDA:376,(anonymous_17)
FNDA:0,(anonymous_18)
FNDA:254,(anonymous_19)
FNDA:91,(anonymous_20)
FNDA:69,(anonymous_21)
FNDA:13,syncInstalledThemes
FNDA:3116,getActiveThemeManifest
FNDA:24,templateExistsInChain
FNDA:3092,partialExistsInChain
FNDA:24,toViewPath
FNDA:24,resolveTemplate
FNDA:3092,resolvePartial
FNDA:282,getLayoutClasses
FNDA:43,getManifestBySlug
FNDA:6,buildThemeSettingDefaults
FNDA:0,removeThemeDirectory
FNDA:0,getChildThemeSlugs
FNDA:0,(anonymous_34)
FNDA:0,(anonymous_35)
DA:1,27
DA:2,27
DA:3,27
DA:4,27
DA:6,27
DA:7,27
DA:9,27
DA:23,27
DA:25,27
DA:32,69
DA:36,70532
DA:40,70538
DA:41,211614
DA:43,70538
DA:44,1
DA:46,70537
DA:47,0
DA:49,70537
DA:50,0
DA:52,70537
DA:53,0
DA:55,70537
DA:56,0
DA:58,70537
DA:62,6412
DA:63,6412
DA:64,70532
DA:66,70532
DA:67,70532
DA:68,70532
DA:69,70532
DA:70,70532
DA:72,0
DA:73,0
DA:80,6785
DA:84,3196
DA:85,3196
DA:86,3196
DA:87,3196
DA:88,3229
DA:89,3229
DA:90,3229
DA:91,3229
DA:92,3229
DA:94,3196
DA:98,69
DA:99,69
DA:100,48
DA:101,376
DA:102,376
DA:106,69
DA:107,69
DA:108,0
DA:109,0
DA:110,0
DA:114,117
DA:115,96
DA:116,96
DA:117,96
DA:118,48
DA:120,48
DA:123,96
DA:127,37
DA:128,37
DA:129,37
DA:130,37
DA:132,37
DA:133,376
DA:134,69
DA:135,69
DA:138,37
DA:139,254
DA:140,91
DA:142,37
DA:144,69
DA:152,13
DA:153,13
DA:154,143
DA:155,143
DA:156,130
DA:157,130
DA:158,0
DA:159,0
DA:162,143
DA:173,143
DA:181,13
DA:185,3116
DA:186,3116
DA:187,3116
DA:191,24
DA:192,24
DA:193,24
DA:195,0
DA:199,3092
DA:200,3092
DA:201,3092
DA:203,3092
DA:207,24
DA:211,24
DA:212,24
DA:213,24
DA:214,24
DA:215,24
DA:217,0
DA:218,0
DA:219,0
DA:223,3092
DA:224,3092
DA:225,3092
DA:226,3092
DA:228,3092
DA:229,3092
DA:231,562
DA:232,562
DA:234,0
DA:238,282
DA:249,43
DA:253,6
DA:254,6
DA:255,6
DA:257,6
DA:264,6
DA:265,6
DA:266,6
DA:267,6
DA:268,6
DA:269,1
DA:273,6
DA:277,0
DA:278,0
DA:282,0
DA:283,0
DA:284,0
DA:287,27
LF:134
LH:113
BRDA:32,0,0,69
BRDA:32,0,1,65
BRDA:41,1,0,0
BRDA:41,1,1,211614
BRDA:41,2,0,211614
BRDA:41,2,1,211614
BRDA:43,3,0,1
BRDA:43,3,1,70537
BRDA:46,4,0,0
BRDA:46,4,1,70537
BRDA:46,5,0,70537
BRDA:46,5,1,64120
BRDA:49,6,0,0
BRDA:49,6,1,70537
BRDA:52,7,0,0
BRDA:52,7,1,70537
BRDA:52,8,0,70537
BRDA:52,8,1,70537
BRDA:55,9,0,0
BRDA:55,9,1,70537
BRDA:55,10,0,70537
BRDA:55,10,1,70537
BRDA:62,11,0,0
BRDA:62,11,1,6412
BRDA:64,12,0,70532
BRDA:64,12,1,70532
BRDA:68,13,0,0
BRDA:68,13,1,70532
BRDA:80,14,0,6396
BRDA:80,14,1,1
BRDA:87,15,0,6425
BRDA:87,15,1,3229
BRDA:90,16,0,0
BRDA:90,16,1,3229
BRDA:92,17,0,3229
BRDA:92,17,1,3196
BRDA:99,18,0,21
BRDA:99,18,1,48
BRDA:107,19,0,69
BRDA:107,19,1,0
BRDA:113,20,0,0
BRDA:113,21,0,0
BRDA:114,22,0,21
BRDA:114,22,1,96
BRDA:117,23,0,48
BRDA:117,23,1,48
BRDA:139,24,0,37
BRDA:139,24,1,0
BRDA:140,25,0,37
BRDA:140,25,1,0
BRDA:155,26,0,130
BRDA:155,26,1,13
BRDA:157,27,0,0
BRDA:157,27,1,130
BRDA:167,28,0,143
BRDA:167,28,1,0
BRDA:169,29,0,143
BRDA:169,29,1,13
BRDA:176,30,0,143
BRDA:176,30,1,0
BRDA:178,31,0,143
BRDA:178,31,1,13
BRDA:186,32,0,3116
BRDA:186,32,1,0
BRDA:193,33,0,24
BRDA:193,33,1,0
BRDA:201,34,0,0
BRDA:201,34,1,3092
BRDA:213,35,0,24
BRDA:213,35,1,0
BRDA:215,36,0,24
BRDA:215,36,1,0
BRDA:218,37,0,0
BRDA:218,37,1,0
BRDA:224,38,0,3092
BRDA:224,38,1,0
BRDA:226,39,0,0
BRDA:226,39,1,3092
BRDA:229,40,0,2530
BRDA:229,40,1,562
BRDA:232,41,0,562
BRDA:232,41,1,0
BRDA:237,42,0,0
BRDA:239,43,0,1
BRDA:239,43,1,281
BRDA:240,44,0,1
BRDA:240,44,1,281
BRDA:241,45,0,282
BRDA:241,45,1,0
BRDA:242,46,0,282
BRDA:242,46,1,0
BRDA:243,47,0,282
BRDA:243,47,1,0
BRDA:244,48,0,282
BRDA:244,48,1,0
BRDA:249,49,0,43
BRDA:249,49,1,0
BRDA:254,50,0,6
BRDA:254,50,1,0
BRDA:264,51,0,6
BRDA:264,51,1,0
BRDA:264,52,0,6
BRDA:264,52,1,5
BRDA:265,53,0,1
BRDA:265,53,1,5
BRDA:266,54,0,0
BRDA:266,54,1,6
BRDA:266,55,0,6
BRDA:266,55,1,6
BRDA:268,56,0,1
BRDA:268,56,1,5
BRDA:278,57,0,0
BRDA:278,57,1,0
BRF:113
BRH:76
end_of_record
TN:
SF:utils\themeManager.js
FN:17,normalizeTemplateName
FN:21,listThemeFiles
FN:31,scanThemeDirectory
FN:47,templateAvailable
FN:58,validateThemeForActivation
FN:70,(anonymous_5)
FN:80,(anonymous_6)
FN:83,syncInstalledThemes
FN:87,installThemeFromArchive
FN:109,activateTheme
FN:126,resetThemeSettings
FN:137,getThemeDetails
FN:154,(anonymous_12)
FNF:13
FNH:11
FNDA:42,normalizeTemplateName
FNDA:24,listThemeFiles
FNDA:6,scanThemeDirectory
FNDA:42,templateAvailable
FNDA:6,validateThemeForActivation
FNDA:30,(anonymous_5)
FNDA:10,(anonymous_6)
FNDA:0,syncInstalledThemes
FNDA:0,installThemeFromArchive
FNDA:2,activateTheme
FNDA:1,resetThemeSettings
FNDA:1,getThemeDetails
FNDA:2,(anonymous_12)
DA:1,27
DA:2,27
DA:3,27
DA:4,27
DA:5,27
DA:7,27
DA:8,27
DA:9,27
DA:11,27
DA:15,27
DA:18,42
DA:22,24
DA:23,24
DA:24,84
DA:25,84
DA:26,66
DA:28,24
DA:32,6
DA:33,6
DA:34,6
DA:35,66
DA:36,66
DA:37,66
DA:38,0
DA:40,66
DA:41,0
DA:44,6
DA:48,42
DA:49,42
DA:50,42
DA:51,42
DA:52,42
DA:54,0
DA:55,0
DA:59,6
DA:60,6
DA:62,5
DA:63,5
DA:64,0
DA:65,0
DA:66,0
DA:70,30
DA:71,5
DA:72,0
DA:75,5
DA:76,5
DA:77,0
DA:80,10
DA:84,0
DA:88,0
DA:89,0
DA:91,0
DA:92,0
DA:93,0
DA:94,0
DA:97,0
DA:98,0
DA:99,0
DA:100,0
DA:101,0
DA:105,0
DA:106,0
DA:110,2
DA:111,2
DA:113,2
DA:115,2
DA:116,2
DA:117,2
DA:118,2
DA:122,2
DA:123,2
DA:127,1
DA:128,1
DA:129,1
DA:130,1
DA:131,1
DA:132,1
DA:134,0
DA:138,1
DA:139,1
DA:140,1
DA:141,1
DA:142,1
DA:143,1
DA:145,0
DA:147,1
DA:154,2
DA:158,27
LF:88
LH:63
BRDA:21,0,0,6
BRDA:22,1,0,0
BRDA:22,1,1,24
BRDA:25,2,0,18
BRDA:25,2,1,66
BRDA:37,3,0,0
BRDA:37,3,1,66
BRDA:40,4,0,0
BRDA:40,4,1,66
BRDA:52,5,0,42
BRDA:52,5,1,0
BRDA:60,6,0,1
BRDA:60,6,1,5
BRDA:63,7,0,0
BRDA:63,7,1,5
BRDA:65,8,0,0
BRDA:65,8,1,0
BRDA:71,9,0,0
BRDA:71,9,1,5
BRDA:76,10,0,0
BRDA:76,10,1,5
BRDA:92,11,0,0
BRDA:92,11,1,0
BRDA:97,12,0,0
BRDA:97,12,1,0
BRDA:99,13,0,0
BRDA:99,13,1,0
BRDA:111,14,0,0
BRDA:111,14,1,2
BRDA:128,15,0,1
BRDA:128,15,1,0
BRDA:130,16,0,1
BRDA:130,16,1,0
BRDA:139,17,0,0
BRDA:139,17,1,1
BRF:35
BRH:16
end_of_record
TN:
SF:utils\uploadHelper.js
FN:4,getUploadedFile
FN:8,saveUploadedImage
FN:16,resolveImageValue
FNF:3
FNH:3
FNDA:9,getUploadedFile
FNDA:9,saveUploadedImage
FNDA:9,resolveImageValue
DA:1,25
DA:2,25
DA:5,9
DA:9,9
DA:11,0
DA:12,0
DA:13,0
DA:17,9
DA:22,9
DA:23,9
DA:25,9
DA:26,9
DA:27,0
DA:30,9
DA:33,25
LF:15
LH:11
BRDA:5,0,0,9
BRDA:5,0,1,9
BRDA:5,1,0,0
BRDA:5,1,1,9
BRDA:8,2,0,0
BRDA:9,3,0,9
BRDA:9,3,1,0
BRDA:16,4,0,0
BRDA:16,5,0,2
BRDA:22,6,0,0
BRDA:22,6,1,9
BRDA:23,7,0,0
BRDA:23,7,1,9
BRDA:26,8,0,0
BRDA:26,8,1,9
BRDA:26,9,0,9
BRDA:26,9,1,0
BRDA:30,10,0,9
BRDA:30,10,1,9
BRF:19
BRH:11
end_of_record
